2023-02-06 20:33:35,157 --------------------------------------------------------------------------------
2023-02-06 20:33:35,158 工作目录：
2023-02-06 20:33:35,158   c:\
2023-02-06 20:33:35,158    users\
2023-02-06 20:33:35,160     123\
2023-02-06 20:33:35,160      appdata\
2023-02-06 20:33:35,160       local\
2023-02-06 20:33:35,160        temp\
2023-02-06 20:33:35,160         DisplayCAL-_wmhgj\
2023-02-06 20:33:35,161 
2023-02-06 20:33:35,161 命令行：
2023-02-06 20:33:35,161   C:\Users\123\AppData\Roaming\DisplayCAL\dl\Argyll_V2.1.2\bin\dispcal.exe
2023-02-06 20:33:35,161     -v2
2023-02-06 20:33:35,161     -d1
2023-02-06 20:33:35,161     -c1
2023-02-06 20:33:35,161     -yn
2023-02-06 20:33:35,161     "-P0.998171846435,0.5,0.943642611684"
2023-02-06 20:33:35,163     -ql
2023-02-06 20:33:35,163     -t7000
2023-02-06 20:33:35,163     -gs
2023-02-06 20:33:35,163     -f1.0
2023-02-06 20:33:35,163     -k0
2023-02-06 20:33:35,164     -A4.0
2023-02-06 20:33:35,164     -b
2023-02-06 20:33:35,164     "G1618-04 #1 2023-02-06 20-32 D7000 sRGB F-S XYZLUT+MTX"
2023-02-06 20:33:35,164 
2023-02-06 20:33:35,540 DisplayCAL: Starting interaction with subprocess
2023-02-06 20:33:35,543 Setting up the instrument
2023-02-06 20:33:36,487 Product Name:      i1Display3
2023-02-06 20:33:36,489 Serial Number:     I1-16.B-02.248530.06
2023-02-06 20:33:36,489 Firmware Version:  v2.28
2023-02-06 20:33:36,489 Firmware Date:     29Jan14
2023-02-06 20:33:36,802 Place instrument on test window.
2023-02-06 20:33:36,803 DisplayCAL: Waiting for send buffer
2023-02-06 20:33:36,803 DisplayCAL: Detected instrument placement (screen/spot) message
2023-02-06 20:33:38,305 DisplayCAL: Skipping place instrument on screen message...
2023-02-06 20:33:38,319 DisplayCAL: Sending buffer: ' '
2023-02-06 20:33:38,322 Hit Esc or Q to give up, any other key to continue:
2023-02-06 20:33:38,322 Display type is 'n'
2023-02-06 20:33:38,325 Target white = 7000.000000 degrees kelvin Daylight spectrum
2023-02-06 20:33:38,325 Target white brightness = native brightness
2023-02-06 20:33:38,325 Target black brightness = native brightness
2023-02-06 20:33:38,325 Black point device hack is enabled
2023-02-06 20:33:38,326 Target gamma = sRGB curve
2023-02-06 20:33:38,326 
2023-02-06 20:33:38,326 Display adjustment menu:
2023-02-06 20:33:38,326 Press 1 .. 7
2023-02-06 20:33:38,328 1) Black level (CRT: Offset/Brightness)
2023-02-06 20:33:38,328 2) White point (Color temperature, R,G,B, Gain/Contrast)
2023-02-06 20:33:38,328 3) White level (CRT: Gain/Contrast, LCD: Brightness/Backlight)
2023-02-06 20:33:38,328 4) Black point (R,G,B, Offset/Brightness)
2023-02-06 20:33:38,328 5) Check all
2023-02-06 20:33:38,328 6) Measure and set ambient for viewing condition adjustment
2023-02-06 20:33:38,328 7) Continue on to calibration
2023-02-06 20:33:38,329 8) Exit
2023-02-06 20:33:38,332 DisplayCAL: Waiting for send buffer
2023-02-06 20:33:46,744 DisplayCAL: Sending buffer: '7'
2023-02-06 20:33:46,747 Commencing display calibration
2023-02-06 20:33:49,357 Measured display update delay of 92 msec, using delay of 222 msec & 0 msec inst reaction
2023-02-06 20:34:42,355 Patch 9 of 9
2023-02-06 20:34:42,355 Black = XYZ 0.4258 0.3768 1.0041
2023-02-06 20:34:42,355 Red   = XYZ 136.436 74.144  4.738
2023-02-06 20:34:42,355 Green = XYZ 153.431 292.305 43.235
2023-02-06 20:34:42,355 Blue  = XYZ 105.863 34.062 560.251
2023-02-06 20:34:42,358 White = XYZ 395.372 399.986 607.713
2023-02-06 20:35:48,095 Patch 48 of 48
2023-02-06 20:35:48,698 
2023-02-06 20:35:48,700 Initial native brightness target = 399.985624 cd/m^2
2023-02-06 20:35:48,700 Had to scale brightness from 399.985624 to 372.860177 to fit within gamut,
2023-02-06 20:35:48,700 corresponding to aprox. RGB 1.000000 0.975687 0.863144
2023-02-06 20:35:48,703 Target white value is XYZ 353.977923 372.860177 432.335412 [xy 0.305371 0.321660]
2023-02-06 20:35:48,703 Adjusted target black XYZ 0.4258 0.3768 1.0041, Lab 0.913 0.749 -2.043
2023-02-06 20:35:48,703 Target black after min adjust: XYZ 0.4258 0.3768 1.0041, Lab 0.913 0.749 -2.043
2023-02-06 20:35:48,703 Gamma curve input offset = 0.000000, output offset = 0.001011, power = 0.000000
2023-02-06 20:35:48,703 Total Iteration 2, Final Samples = 32 Final Repeat threshold = 0.900000
2023-02-06 20:35:48,703 Creating initial calibration curves...
2023-02-06 20:35:49,217 
2023-02-06 20:35:49,217 Doing iteration 1/2 with 16 sample points and repeat threshold of 1.272792 DE
2023-02-06 20:35:49,773 Patch 1 of 16 DE 2.552448, W.DE 2.552448, Repeat
2023-02-06 20:35:50,283 Patch 1 of 16 DE 0.518273, W.DE 0.518273, OK ( < 1.272792)
2023-02-06 20:35:50,842 Patch 2 of 16 DE 2.303295, W.DE 2.303295, Repeat
2023-02-06 20:35:51,417 Patch 2 of 16 DE 0.342990, W.DE 0.342990, OK ( < 1.272792)
2023-02-06 20:35:51,973 Patch 3 of 16 DE 3.140210, W.DE 3.140210, Repeat
2023-02-06 20:35:52,549 Patch 3 of 16 DE 0.676373, W.DE 0.676373, OK ( < 1.272792)
2023-02-06 20:35:53,105 Patch 4 of 16 DE 1.256362, W.DE 1.256362, OK ( < 1.272792)
2023-02-06 20:35:53,664 Patch 5 of 16 DE 1.480938, W.DE 1.480938, Repeat
2023-02-06 20:35:54,233 Patch 5 of 16 DE 0.113425, W.DE 0.113425, OK ( < 1.272792)
2023-02-06 20:35:54,789 Patch 6 of 16 DE 1.223241, W.DE 1.223241, OK ( < 1.272792)
2023-02-06 20:35:55,335 Patch 7 of 16 DE 1.116602, W.DE 1.116602, OK ( < 1.272792)
2023-02-06 20:35:55,892 Patch 8 of 16 DE 1.442949, W.DE 1.442949, Repeat
2023-02-06 20:35:56,463 Patch 8 of 16 DE 0.103964, W.DE 0.103964, OK ( < 1.272792)
2023-02-06 20:35:57,240 Patch 9 of 16 DE 2.714242, W.DE 2.714242, Repeat
2023-02-06 20:35:58,038 Patch 9 of 16 DE 1.096715, W.DE 1.096715, OK ( < 1.272792)
2023-02-06 20:35:58,858 Patch 10 of 16 DE 2.381830, W.DE 2.381830, Repeat
2023-02-06 20:35:59,697 Patch 10 of 16 DE 0.211231, W.DE 0.211231, OK ( < 1.272792)
2023-02-06 20:36:00,602 Patch 11 of 16 DE 2.126802, W.DE 2.126802, Repeat
2023-02-06 20:36:01,542 Patch 11 of 16 DE 1.483788, W.DE 1.483788, Repeat
2023-02-06 20:36:02,404 Patch 11 of 16 DE 1.186754, W.DE 1.186754, OK ( < 1.272792)
2023-02-06 20:36:03,467 Patch 12 of 16 DE 2.488419, W.DE 2.488419, Repeat
2023-02-06 20:36:04,513 Patch 12 of 16 DE 0.303183, W.DE 0.303183, OK ( < 1.272792)
2023-02-06 20:36:05,947 Patch 13 of 16 DE 2.335369, W.DE 2.335369, Repeat
2023-02-06 20:36:07,341 Patch 13 of 16 DE 1.038077, W.DE 1.038077, OK ( < 1.272792)
2023-02-06 20:36:09,049 Patch 14 of 16 DE 1.616710, W.DE 1.616710, Repeat
2023-02-06 20:36:10,687 Patch 14 of 16 DE 0.745380, W.DE 0.745380, OK ( < 1.272792)
2023-02-06 20:36:12,526 Patch 15 of 16 DE 0.653678, W.DE 0.653678, OK ( < 1.272792)
2023-02-06 20:36:14,426 Patch 16 of 16 DE 0.033567, W.DE 33.567021, Repeat
2023-02-06 20:36:22,151 Patch 16 of 16 DE 0.030792, W.DE 30.791698, Repeat
2023-02-06 20:36:24,053 Patch 16 of 16 DE 0.028164, W.DE 28.163862, Repeat
2023-02-06 20:36:25,871 Patch 16 of 16 DE 0.022268, W.DE 22.267904, Repeat
2023-02-06 20:36:27,697 Patch 16 of 16 DE 0.021792, W.DE 21.791953, Repeat
2023-02-06 20:36:29,526 Patch 16 of 16 DE 0.020000, W.DE 20.000293, Repeat
2023-02-06 20:36:31,351 Patch 16 of 16 DE 0.019602, W.DE 19.601813, Repeat
2023-02-06 20:36:33,174 Patch 16 of 16 DE 0.019648, W.DE 19.647867, Repeat (got worse)
2023-02-06 20:36:35,009 Patch 16 of 16 DE 0.017055, W.DE 17.054878, Repeat
2023-02-06 20:36:36,831 Patch 16 of 16 DE 0.017055, W.DE 17.054878, Fail ( > 1.272792)
2023-02-06 20:36:36,831 
2023-02-06 20:36:36,832 Brightness error = -3.952872 cd/m^2 (is 368.907305, should be 372.860177)
2023-02-06 20:36:36,835 White point error = 0.316355 deltaE
2023-02-06 20:36:36,835 Maximum neutral error (@ 0.699752) = 1.256691 deltaE
2023-02-06 20:36:36,835 Average neutral error = 0.667886 deltaE
2023-02-06 20:36:36,835 Failed to meet target 1.272792 delta E, got worst case 17.054878
2023-02-06 20:36:36,835 Number of measurements taken = 40
2023-02-06 20:36:36,835 Computing update to calibration curves...
2023-02-06 20:36:37,492 
2023-02-06 20:36:37,492 Doing iteration 2/2 with 32 sample points and repeat threshold of 0.900000 DE
2023-02-06 20:36:38,220 Patch 1 of 32 DE 0.754395, W.DE 0.754395, W.peqDE 0.754395, OK ( < 0.900000)
2023-02-06 20:36:38,762 Patch 2 of 32 DE 0.396594, W.DE 0.396594, W.peqDE 0.893572, OK ( < 0.900000)
2023-02-06 20:36:39,302 Patch 3 of 32 DE 0.320548, W.DE 0.320548, W.peqDE 0.480291, OK ( < 0.900000)
2023-02-06 20:36:39,842 Patch 4 of 32 DE 0.482656, W.DE 0.482656, W.peqDE 0.398772, OK ( < 0.900000)
2023-02-06 20:36:40,387 Patch 5 of 32 DE 0.336385, W.DE 0.336385, W.peqDE 0.634858, OK ( < 0.900000)
2023-02-06 20:36:40,924 Patch 6 of 32 DE 0.945693, W.DE 0.945693, peqDE 0.764265, Repeat
2023-02-06 20:36:41,469 Patch 6 of 32 DE 0.506833, W.DE 0.506833, W.peqDE 0.281177, OK ( < 0.900000)
2023-02-06 20:36:42,013 Patch 7 of 32 DE 1.214646, W.DE 1.214646, peqDE 0.831325, Repeat
2023-02-06 20:36:42,568 Patch 7 of 32 DE 0.396894, W.DE 0.396894, W.peqDE 0.188973, OK ( < 0.900000)
2023-02-06 20:36:43,109 Patch 8 of 32 DE 1.414665, W.DE 1.414665, peqDE 1.084717, Repeat
2023-02-06 20:36:43,665 Patch 8 of 32 DE 0.433028, W.DE 0.433028, W.peqDE 0.602890, OK ( < 0.900000)
2023-02-06 20:36:44,207 Patch 9 of 32 DE 0.688267, W.DE 0.688267, peqDE 0.907923, Repeat
2023-02-06 20:36:46,503 Patch 9 of 32 DE 0.616615, W.DE 0.616615, W.peqDE 0.566471, OK ( < 0.900000)
2023-02-06 20:36:47,042 Patch 10 of 32 DE 0.844756, W.DE 0.844756, peqDE 0.961841, Repeat
2023-02-06 20:36:49,361 Patch 10 of 32 DE 0.844756, W.DE 0.844756, peqDE 0.961841, Repeat
2023-02-06 20:36:49,980 Patch 10 of 32 DE 0.573971, W.DE 0.573971, peqDE 1.062685, Repeat
2023-02-06 20:36:50,444 Patch 10 of 32 DE 0.237884, W.DE 0.237884, W.peqDE 0.450443, OK ( < 0.900000)
2023-02-06 20:36:50,986 Patch 11 of 32 DE 1.098971, W.DE 1.098971, peqDE 1.135887, Repeat
2023-02-06 20:36:51,543 Patch 11 of 32 DE 0.367764, W.DE 0.367764, W.peqDE 0.230874, OK ( < 0.900000)
2023-02-06 20:36:52,088 Patch 12 of 32 DE 1.465423, W.DE 1.465423, peqDE 1.390957, Repeat
2023-02-06 20:36:52,663 Patch 12 of 32 DE 0.275223, W.DE 0.275223, W.peqDE 0.438098, OK ( < 0.900000)
2023-02-06 20:36:53,206 Patch 13 of 32 DE 1.981099, W.DE 1.981099, peqDE 2.070818, Repeat
2023-02-06 20:36:53,790 Patch 13 of 32 DE 0.673256, W.DE 0.673256, W.peqDE 0.516793, OK ( < 0.900000)
2023-02-06 20:36:54,335 Patch 14 of 32 DE 1.460048, W.DE 1.460048, peqDE 1.405578, Repeat
2023-02-06 20:36:54,907 Patch 14 of 32 DE 0.533939, W.DE 0.533939, peqDE 1.103662, Repeat
2023-02-06 20:36:55,403 Patch 14 of 32 DE 0.352389, W.DE 0.352389, W.peqDE 0.606600, OK ( < 0.900000)
2023-02-06 20:36:55,946 Patch 15 of 32 DE 1.113545, W.DE 1.113545, peqDE 1.190592, Repeat
2023-02-06 20:36:56,500 Patch 15 of 32 DE 0.445818, W.DE 0.445818, W.peqDE 0.657113, OK ( < 0.900000)
2023-02-06 20:36:57,032 Patch 16 of 32 DE 1.349657, W.DE 1.349657, peqDE 1.516436, Repeat
2023-02-06 20:36:57,592 Patch 16 of 32 DE 0.794322, W.DE 0.794322, W.peqDE 0.711312, OK ( < 0.900000)
2023-02-06 20:36:58,348 Patch 17 of 32 DE 1.242438, W.DE 1.242438, peqDE 1.811639, Repeat
2023-02-06 20:36:59,118 Patch 17 of 32 DE 0.245570, W.DE 0.245570, W.peqDE 0.789441, OK ( < 0.900000)
2023-02-06 20:36:59,885 Patch 18 of 32 DE 1.014007, W.DE 1.014007, peqDE 0.959593, Repeat
2023-02-06 20:37:00,660 Patch 18 of 32 DE 0.406284, W.DE 0.406284, W.peqDE 0.667612, OK ( < 0.900000)
2023-02-06 20:37:01,463 Patch 19 of 32 DE 1.556632, W.DE 1.556632, peqDE 1.765626, Repeat
2023-02-06 20:37:02,269 Patch 19 of 32 DE 0.452671, W.DE 0.452671, W.peqDE 0.693900, OK ( < 0.900000)
2023-02-06 20:37:03,091 Patch 20 of 32 DE 1.050767, W.DE 1.050767, peqDE 1.251931, Repeat
2023-02-06 20:37:03,923 Patch 20 of 32 DE 0.207359, W.DE 0.207359, W.peqDE 0.669444, OK ( < 0.900000)
2023-02-06 20:37:04,786 Patch 21 of 32 DE 0.942173, W.DE 0.942173, peqDE 0.877214, Repeat
2023-02-06 20:37:05,661 Patch 21 of 32 DE 0.373135, W.DE 0.373135, W.peqDE 0.440970, OK ( < 0.900000)
2023-02-06 20:37:06,582 Patch 22 of 32 DE 1.502170, W.DE 1.502170, peqDE 1.891201, Repeat
2023-02-06 20:37:07,526 Patch 22 of 32 DE 1.044982, W.DE 1.044982, peqDE 0.566986, Repeat
2023-02-06 20:37:08,398 Patch 22 of 32 DE 0.363631, W.DE 0.363631, W.peqDE 0.799822, OK ( < 0.900000)
2023-02-06 20:37:09,362 Patch 23 of 32 DE 1.307489, W.DE 1.307489, peqDE 1.154509, Repeat
2023-02-06 20:37:10,358 Patch 23 of 32 DE 0.509950, W.DE 0.509950, W.peqDE 0.637620, OK ( < 0.900000)
2023-02-06 20:37:11,403 Patch 24 of 32 DE 1.388055, W.DE 1.388055, peqDE 1.714982, Repeat
2023-02-06 20:37:12,457 Patch 24 of 32 DE 0.375982, W.DE 0.375982, W.peqDE 0.499184, OK ( < 0.900000)
2023-02-06 20:37:13,578 Patch 25 of 32 DE 1.774149, W.DE 1.774149, peqDE 1.764199, Repeat
2023-02-06 20:37:14,703 Patch 25 of 32 DE 0.345495, W.DE 0.345495, W.peqDE 0.374024, OK ( < 0.900000)
2023-02-06 20:37:16,073 Patch 26 of 32 DE 1.789057, W.DE 1.789057, peqDE 2.013339, Repeat
2023-02-06 20:37:17,415 Patch 26 of 32 DE 0.347007, W.DE 0.347007, W.peqDE 0.169015, OK ( < 0.877906)
2023-02-06 20:37:18,923 Patch 27 of 32 DE 1.802233, W.DE 1.802233, peqDE 1.874144, Repeat
2023-02-06 20:37:20,318 Patch 27 of 32 DE 1.017215, W.DE 1.017215, peqDE 1.277628, Repeat
2023-02-06 20:37:21,720 Patch 27 of 32 DE 0.155377, W.DE 0.155377, W.peqDE 0.491888, OK ( < 0.625491)
2023-02-06 20:37:23,385 Patch 28 of 32 DE 1.150393, W.DE 1.150393, peqDE 1.088003, Repeat
2023-02-06 20:37:24,983 Patch 28 of 32 DE 0.685697, W.DE 0.685697, peqDE 0.529778, Repeat
2023-02-06 20:37:30,915 Patch 28 of 32 DE 0.685697, W.DE 0.685697, peqDE 0.529778, Repeat
2023-02-06 20:37:32,426 Patch 28 of 32 DE 0.499799, W.DE 0.526249, peqDE 0.341452, Repeat
2023-02-06 20:37:33,861 Patch 28 of 32 DE 0.305782, W.DE 0.515502, peqDE 0.458029, Repeat
2023-02-06 20:37:35,276 Patch 28 of 32 DE 0.316891, W.DE 0.349843, W.peqDE 0.252320, OK ( < 0.489657)
2023-02-06 20:37:37,101 Patch 29 of 32 DE 1.062335, W.DE 1.062335, peqDE 1.116327, Repeat
2023-02-06 20:37:38,838 Patch 29 of 32 DE 0.688539, W.DE 0.688539, peqDE 0.619782, Repeat
2023-02-06 20:37:40,486 Patch 29 of 32 DE 0.200304, W.DE 0.200304, peqDE 0.566383, Repeat
2023-02-06 20:37:46,907 Patch 29 of 32 DE 0.185819, W.DE 0.185819, peqDE 0.543317, Repeat
2023-02-06 20:37:48,513 Patch 29 of 32 DE 0.263688, W.DE 0.263688, peqDE 0.680187, Repeat
2023-02-06 20:37:50,035 Patch 29 of 32 DE 0.221492, W.DE 0.221492, peqDE 0.631668, Repeat
2023-02-06 20:37:51,536 Patch 29 of 32 DE 0.148600, W.DE 4.920865, peqDE 4.929875, Repeat
2023-02-06 20:37:53,075 Patch 29 of 32 DE 0.082385, W.DE 0.082385, peqDE 0.429247, Repeat
2023-02-06 20:37:54,601 Patch 29 of 32 DE 0.187965, W.DE 0.187965, peqDE 0.568502, Repeat (got worse)
2023-02-06 20:37:56,135 Patch 29 of 32 DE 0.082385, W.DE 0.082385, W.peqDE 0.429247, Fail ( > 0.400030)
2023-02-06 20:37:58,007 Patch 30 of 32 DE 0.756554, W.DE 0.756554, peqDE 0.786036, Repeat
2023-02-06 20:37:59,746 Patch 30 of 32 DE 0.473861, W.DE 0.473861, peqDE 0.479790, Repeat
2023-02-06 20:38:01,601 Patch 30 of 32 DE 0.313572, W.DE 0.313572, peqDE 0.253519, Repeat
2023-02-06 20:38:08,601 Patch 30 of 32 DE 0.313572, W.DE 0.313572, peqDE 0.253519, Repeat
2023-02-06 20:38:10,390 Patch 30 of 32 DE 0.390933, W.DE 0.390933, peqDE 0.268747, Repeat
2023-02-06 20:38:12,085 Patch 30 of 32 DE 0.232383, W.DE 4.272580, peqDE 4.271417, Repeat
2023-02-06 20:38:13,726 Patch 30 of 32 DE 0.138743, W.DE 5.180128, peqDE 5.178630, Repeat
2023-02-06 20:38:15,404 Patch 30 of 32 DE 0.067177, W.DE 0.067177, W.peqDE 0.128572, OK ( < 0.293694)
2023-02-06 20:38:17,326 Patch 31 of 32 DE 0.294490, W.DE 0.294490, peqDE 0.342912, Repeat
2023-02-06 20:38:25,127 Patch 31 of 32 DE 0.283586, W.DE 0.283586, peqDE 0.337009, Repeat
2023-02-06 20:38:27,006 Patch 31 of 32 DE 0.185679, W.DE 0.185679, W.peqDE 0.200163, OK ( < 0.250000)
2023-02-06 20:38:28,928 Patch 32 of 32 DE 0.003937, W.DE 0.003937, W.peqDE 0.003937, OK ( < 0.250000)
2023-02-06 20:38:28,928 
2023-02-06 20:38:28,930 Brightness error = -3.545845 cd/m^2 (is 369.314332, should be 372.860177)
2023-02-06 20:38:28,933 White point error = 0.660153 deltaE
2023-02-06 20:38:28,933 Maximum neutral error (@ 0.347067) = 0.804855 deltaE
2023-02-06 20:38:28,934 Average neutral error = 0.370815 deltaE
2023-02-06 20:38:28,934 Failed to meet target 0.900000 delta E, got worst case 17.054878
2023-02-06 20:38:28,934 Number of measurements taken = 100
2023-02-06 20:38:28,934 Computing update to calibration curves...
2023-02-06 20:38:29,743 The instrument can be removed from the screen.
2023-02-06 20:38:29,903 Written calibration file 'G1618-04 #1 2023-02-06 20-32 D7000 sRGB F-S XYZLUT+MTX.cal'
2023-02-06 20:38:30,009 DisplayCAL: Reached EOF (OK)
2023-02-06 20:38:30,009 dispcal exitcode: 0
2023-02-06 20:38:30,094 --------------------------------------------------------------------------------
2023-02-06 20:38:30,094 工作目录：
2023-02-06 20:38:30,095   c:\
2023-02-06 20:38:30,095    users\
2023-02-06 20:38:30,095     123\
2023-02-06 20:38:30,095      appdata\
2023-02-06 20:38:30,095       local\
2023-02-06 20:38:30,095        temp\
2023-02-06 20:38:30,098         DisplayCAL-_wmhgj\
2023-02-06 20:38:30,098 
2023-02-06 20:38:30,098 命令行：
2023-02-06 20:38:30,098   C:\Users\123\AppData\Roaming\DisplayCAL\dl\Argyll_V2.1.2\bin\dispread.exe
2023-02-06 20:38:30,098     -v
2023-02-06 20:38:30,098     -d1
2023-02-06 20:38:30,098     -c1
2023-02-06 20:38:30,098     -yn
2023-02-06 20:38:30,099     "-P0.998171846435,0.5,0.943642611684"
2023-02-06 20:38:30,099     -k
2023-02-06 20:38:30,099     "G1618-04 #1 2023-02-06 20-32 D7000 sRGB F-S XYZLUT+MTX.cal"
2023-02-06 20:38:30,099     "G1618-04 #1 2023-02-06 20-32 D7000 sRGB F-S XYZLUT+MTX"
2023-02-06 20:38:30,099 
2023-02-06 20:38:30,479 DisplayCAL: Starting interaction with subprocess
2023-02-06 20:38:30,480 Number of patches = 175
2023-02-06 20:38:30,482 Setting up the instrument
2023-02-06 20:38:31,523 Product Name:      i1Display3
2023-02-06 20:38:31,523 Serial Number:     I1-16.B-02.248530.06
2023-02-06 20:38:31,525 Firmware Version:  v2.28
2023-02-06 20:38:31,525 Firmware Date:     29Jan14
2023-02-06 20:38:31,835 Place instrument on test window.
2023-02-06 20:38:31,836 DisplayCAL: Waiting for send buffer
2023-02-06 20:38:31,838 DisplayCAL: Detected instrument placement (screen/spot) message
2023-02-06 20:38:33,344 DisplayCAL: Skipping place instrument on screen message...
2023-02-06 20:38:33,351 DisplayCAL: Sending buffer: ' '
2023-02-06 20:38:33,352 Hit Esc or Q to give up, any other key to continue:
2023-02-06 20:38:35,967 Measured display update delay of 96 msec, using delay of 228 msec & 0 msec inst reaction
2023-02-06 20:40:53,882 Patch 175 of 175
2023-02-06 20:40:53,884 The instrument can be removed from the screen.
2023-02-06 20:40:54,038 Written 'G1618-04 #1 2023-02-06 20-32 D7000 sRGB F-S XYZLUT+MTX.ti3'
2023-02-06 20:40:54,142 DisplayCAL: Reached EOF (OK)
2023-02-06 20:40:54,144 dispread exitcode: 0
2023-02-06 20:40:54,329 Preparing ChromaticityType tag from TI3 colorants
2023-02-06 20:40:54,335 Storing settings in TI3
2023-02-06 20:40:54,378 Extracting neutrals from c:\users\123\appdata\local\temp\DisplayCAL-_wmhgj\G1618-04 #1 2023-02-06 20-32 D7000 sRGB F-S XYZLUT+MTX.ti3
2023-02-06 20:40:54,397 Applying 0% black point correction to TI3
2023-02-06 20:40:54,490 Extracting neutrals from c:\users\123\appdata\local\temp\DisplayCAL-_wmhgj\G1618-04 #1 2023-02-06 20-32 D7000 sRGB F-S XYZLUT+MTX.ti3
2023-02-06 20:40:54,509 R=G=B (>= 1% luminance) dE*00 avg 0.618976598884 peak 1.72182676398
2023-02-06 20:40:54,823 Initial cLUT resolution 5x5x5
2023-02-06 20:40:54,825 cLUT input curve segments: 5
2023-02-06 20:40:54,862 #1 X prev 0.048981 next 0.206629 clip False
2023-02-06 20:40:54,890 #2 X prev 0.206629 next 0.502801 clip False
2023-02-06 20:40:54,920 #3 X prev 0.502801 next 0.964200 clip False
2023-02-06 20:40:55,003 #1 Y prev 0.050688 next 0.214325 clip False
2023-02-06 20:40:55,030 #2 Y prev 0.214325 next 0.521552 clip False
2023-02-06 20:40:55,059 #3 Y prev 0.521552 next 1.000000 clip False
2023-02-06 20:40:55,141 #1 Z prev 0.042269 next 0.179349 clip False
2023-02-06 20:40:55,168 #2 Z prev 0.179349 next 0.432408 clip False
2023-02-06 20:40:55,194 #3 Z prev 0.432408 next 0.824900 clip False
2023-02-06 20:40:55,957 cLUT input curve segments: 33
2023-02-06 20:40:55,960 #1 X prev 0.002064 next 0.005016 clip False
2023-02-06 20:40:55,963 #2 X prev 0.005016 next 0.008920 clip False
2023-02-06 20:40:55,967 #3 X prev 0.008920 next 0.013516 clip False
2023-02-06 20:40:55,970 #4 X prev 0.013516 next 0.020291 clip False
2023-02-06 20:40:55,973 #5 X prev 0.020291 next 0.028249 clip False
2023-02-06 20:40:55,977 #6 X prev 0.028249 next 0.037335 clip False
2023-02-06 20:40:55,982 #7 X prev 0.037335 next 0.048981 clip False
2023-02-06 20:40:55,984 #8 X prev 0.048981 next 0.060855 clip False
2023-02-06 20:40:55,989 #9 X prev 0.060855 next 0.076644 clip False
2023-02-06 20:40:55,993 #10 X prev 0.076644 next 0.093236 clip False
2023-02-06 20:40:55,996 #11 X prev 0.093236 next 0.112898 clip False
2023-02-06 20:40:55,999 #12 X prev 0.112898 next 0.132323 clip False
2023-02-06 20:40:56,003 #13 X prev 0.132323 next 0.154913 clip False
2023-02-06 20:40:56,006 #14 X prev 0.154913 next 0.179786 clip False
2023-02-06 20:40:56,010 #15 X prev 0.179786 next 0.206629 clip False
2023-02-06 20:40:56,013 #16 X prev 0.206629 next 0.235725 clip False
2023-02-06 20:40:56,019 #17 X prev 0.235725 next 0.268785 clip False
2023-02-06 20:40:56,023 #18 X prev 0.268785 next 0.302953 clip False
2023-02-06 20:40:56,026 #19 X prev 0.302953 next 0.338132 clip False
2023-02-06 20:40:56,029 #20 X prev 0.338132 next 0.375511 clip False
2023-02-06 20:40:56,035 #21 X prev 0.375511 next 0.419664 clip False
2023-02-06 20:40:56,039 #22 X prev 0.419664 next 0.462063 clip False
2023-02-06 20:40:56,042 #23 X prev 0.462063 next 0.502801 clip False
2023-02-06 20:40:56,045 #24 X prev 0.502801 next 0.550951 clip False
2023-02-06 20:40:56,049 #25 X prev 0.550951 next 0.603324 clip False
2023-02-06 20:40:56,052 #26 X prev 0.603324 next 0.660253 clip False
2023-02-06 20:40:56,055 #27 X prev 0.660253 next 0.714995 clip False
2023-02-06 20:40:56,059 #28 X prev 0.714995 next 0.773290 clip False
2023-02-06 20:40:56,063 #29 X prev 0.773290 next 0.830764 clip False
2023-02-06 20:40:56,066 #30 X prev 0.830764 next 0.897081 clip False
2023-02-06 20:40:56,071 #31 X prev 0.897081 next 0.964200 clip False
2023-02-06 20:40:56,105 #1 Y prev 0.002081 next 0.005078 clip False
2023-02-06 20:40:56,109 #2 Y prev 0.005078 next 0.009064 clip False
2023-02-06 20:40:56,114 #3 Y prev 0.009064 next 0.013776 clip False
2023-02-06 20:40:56,117 #4 Y prev 0.013776 next 0.020911 clip False
2023-02-06 20:40:56,119 #5 Y prev 0.020911 next 0.029264 clip False
2023-02-06 20:40:56,124 #6 Y prev 0.029264 next 0.038677 clip False
2023-02-06 20:40:56,125 #7 Y prev 0.038677 next 0.050688 clip False
2023-02-06 20:40:56,130 #8 Y prev 0.050688 next 0.063124 clip False
2023-02-06 20:40:56,132 #9 Y prev 0.063124 next 0.079388 clip False
2023-02-06 20:40:56,135 #10 Y prev 0.079388 next 0.095952 clip False
2023-02-06 20:40:56,140 #11 Y prev 0.095952 next 0.116652 clip False
2023-02-06 20:40:56,144 #12 Y prev 0.116652 next 0.136718 clip False
2023-02-06 20:40:56,148 #13 Y prev 0.136718 next 0.160964 clip False
2023-02-06 20:40:56,151 #14 Y prev 0.160964 next 0.186921 clip False
2023-02-06 20:40:56,154 #15 Y prev 0.186921 next 0.214325 clip False
2023-02-06 20:40:56,157 #16 Y prev 0.214325 next 0.244709 clip False
2023-02-06 20:40:56,161 #17 Y prev 0.244709 next 0.279021 clip False
2023-02-06 20:40:56,164 #18 Y prev 0.279021 next 0.313063 clip False
2023-02-06 20:40:56,167 #19 Y prev 0.313063 next 0.349869 clip False
2023-02-06 20:40:56,171 #20 Y prev 0.349869 next 0.387965 clip False
2023-02-06 20:40:56,174 #21 Y prev 0.387965 next 0.434521 clip False
2023-02-06 20:40:56,178 #22 Y prev 0.434521 next 0.479973 clip False
2023-02-06 20:40:56,181 #23 Y prev 0.479973 next 0.521552 clip False
2023-02-06 20:40:56,184 #24 Y prev 0.521552 next 0.570280 clip False
2023-02-06 20:40:56,188 #25 Y prev 0.570280 next 0.624978 clip False
2023-02-06 20:40:56,193 #26 Y prev 0.624978 next 0.684263 clip False
2023-02-06 20:40:56,197 #27 Y prev 0.684263 next 0.741430 clip False
2023-02-06 20:40:56,200 #28 Y prev 0.741430 next 0.801803 clip False
2023-02-06 20:40:56,203 #29 Y prev 0.801803 next 0.861235 clip False
2023-02-06 20:40:56,207 #30 Y prev 0.861235 next 0.929475 clip False
2023-02-06 20:40:56,211 #31 Y prev 0.929475 next 1.000000 clip False
2023-02-06 20:40:56,246 #1 Z prev 0.002073 next 0.004973 clip False
2023-02-06 20:40:56,250 #2 Z prev 0.004973 next 0.008284 clip False
2023-02-06 20:40:56,255 #3 Z prev 0.008284 next 0.012495 clip False
2023-02-06 20:40:56,257 #4 Z prev 0.012495 next 0.017930 clip False
2023-02-06 20:40:56,262 #5 Z prev 0.017930 next 0.024336 clip False
2023-02-06 20:40:56,265 #6 Z prev 0.024336 next 0.032906 clip False
2023-02-06 20:40:56,269 #7 Z prev 0.032906 next 0.042269 clip False
2023-02-06 20:40:56,273 #8 Z prev 0.042269 next 0.052832 clip False
2023-02-06 20:40:56,276 #9 Z prev 0.052832 next 0.066108 clip False
2023-02-06 20:40:56,279 #10 Z prev 0.066108 next 0.080305 clip False
2023-02-06 20:40:56,282 #11 Z prev 0.080305 next 0.097344 clip False
2023-02-06 20:40:56,286 #12 Z prev 0.097344 next 0.113671 clip False
2023-02-06 20:40:56,290 #13 Z prev 0.113671 next 0.132932 clip False
2023-02-06 20:40:56,293 #14 Z prev 0.132932 next 0.153211 clip False
2023-02-06 20:40:56,296 #15 Z prev 0.153211 next 0.179349 clip False
2023-02-06 20:40:56,299 #16 Z prev 0.179349 next 0.203608 clip False
2023-02-06 20:40:56,303 #17 Z prev 0.203608 next 0.232615 clip False
2023-02-06 20:40:56,306 #18 Z prev 0.232615 next 0.260999 clip False
2023-02-06 20:40:56,311 #19 Z prev 0.260999 next 0.292479 clip False
2023-02-06 20:40:56,315 #20 Z prev 0.292479 next 0.323790 clip False
2023-02-06 20:40:56,318 #21 Z prev 0.323790 next 0.360726 clip False
2023-02-06 20:40:56,322 #22 Z prev 0.360726 next 0.397145 clip False
2023-02-06 20:40:56,325 #23 Z prev 0.397145 next 0.432408 clip False
2023-02-06 20:40:56,328 #24 Z prev 0.432408 next 0.477406 clip False
2023-02-06 20:40:56,332 #25 Z prev 0.477406 next 0.520381 clip False
2023-02-06 20:40:56,336 #26 Z prev 0.520381 next 0.568562 clip False
2023-02-06 20:40:56,338 #27 Z prev 0.568562 next 0.611987 clip False
2023-02-06 20:40:56,342 #28 Z prev 0.611987 next 0.666069 clip False
2023-02-06 20:40:56,346 #29 Z prev 0.666069 next 0.713136 clip False
2023-02-06 20:40:56,351 #30 Z prev 0.713136 next 0.772836 clip False
2023-02-06 20:40:56,355 #31 Z prev 0.772836 next 0.824900 clip False
2023-02-06 20:40:56,470 Final interpolated cLUT resolution 33x33x33
2023-02-06 20:40:56,477 --------------------------------------------------------------------------------
2023-02-06 20:40:56,477 Creating matrix from primaries
2023-02-06 20:40:56,477 Using chromatic adaptation transform matrix: Bradford
2023-02-06 20:40:56,546 Generating A2B1 by copying A2B0
2023-02-06 20:40:56,601 Making distinct A2B0
2023-02-06 20:40:56,618 Applying black point compensation to A2B0: L*a*b* 0.000000 0.000000 0.000000
2023-02-06 20:40:59,980 --------------------------------------------------------------------------------
2023-02-06 20:40:59,982 Generating B2A1 table by inverting A2B1 table
2023-02-06 20:40:59,983 
2023-02-06 20:40:59,983 Using chromatic adaptation transform matrix: Bradford
2023-02-06 20:41:00,039 Black XYZ: 0.0010 0.0010 0.0009
2023-02-06 20:41:00,039 White XYZ: 0.9642 1.0000 0.8249
2023-02-06 20:41:00,039 R XYZ: 0.3938 0.2104 0.0086
2023-02-06 20:41:00,039 G XYZ: 0.4213 0.7344 0.0862
2023-02-06 20:41:00,039 B XYZ: 0.1424 0.0479 0.7068
2023-02-06 20:41:00,039 Generating input curve PCS values...
2023-02-06 20:41:00,190 Looking up input curve RGB values...
2023-02-06 20:41:00,191 Setting up matrix
2023-02-06 20:41:00,191 Increasing saturation of actual primaries for PCS candidate to 104%...
2023-02-06 20:41:00,193 R xy 0.642597 0.343359 -> 0.654473 0.342752
2023-02-06 20:41:00,193 G xy 0.339231 0.591375 -> 0.338972 0.600688
2023-02-06 20:41:00,193 B xy 0.158752 0.053371 -> 0.151274 0.041164
2023-02-06 20:41:00,193 Checking for suitable PCS candidate...
2023-02-06 20:41:00,194 Skipping PCS candidate based on actual primaries because it does not encompass Rec. 709 blue
2023-02-06 20:41:00,194 Rec709-encompassing, variant 1 fit: 0.90 (area: 75.66%)
2023-02-06 20:41:00,194 Rec709-encompassing, variant 2 fit: 1.03 (area: 77.68%)
2023-02-06 20:41:00,196 Using primaries: Rec709-encompassing, variant 2
2023-02-06 20:41:00,196 Using R XYZ: 0.4618 0.2288 0.0042
2023-02-06 20:41:00,196 Using G XYZ: 0.3674 0.7426 0.0418
2023-02-06 20:41:00,196 Using B XYZ: 0.1351 0.0286 0.7789
2023-02-06 20:41:00,196 R+G+B XYZ: 0.9642 1.0000 0.8249
2023-02-06 20:41:00,197 Correction factors: 1.0000 1.0000 1.0000
2023-02-06 20:41:00,197 Matrix 1:
2023-02-06 20:41:00,197 [2.8579970701638175, -1.3889829581034692, -0.4445360855236803]
2023-02-06 20:41:00,197 [-0.8819531420844907, 1.7781085397967789, 0.08761144357023555]
2023-02-06 20:41:00,197 [0.03179633448567711, -0.087835915813287, 1.2815830889831459]
2023-02-06 20:41:00,197 Matrix 2:
2023-02-06 20:41:00,198 [2.857961019393776, -1.3889654374748661, -0.44453047814627533]
2023-02-06 20:41:00,198 [-0.8819561441519753, 1.7781145922745993, 0.0876117417895552]
2023-02-06 20:41:00,198 [0.031796733370476664, -0.08783701771425262, 1.2815991664342683]
2023-02-06 20:41:00,198 Matrix 3:
2023-02-06 20:41:00,200 [1.999969482421875, 0, 0]
2023-02-06 20:41:00,200 [0, 1.999969482421875, 0]
2023-02-06 20:41:00,200 [0, 0, 1.999969482421875]
2023-02-06 20:41:00,200 Final matrix:
2023-02-06 20:41:00,200 [5.7158348207388645, -2.777888487088481, -0.8890473902989549]
2023-02-06 20:41:00,200 [-1.7638853731384188, 3.5561749207982136, 0.1752208098809357]
2023-02-06 20:41:00,200 [0.06359249638165858, -0.17567135485545488, 2.56315922156585]
2023-02-06 20:41:00,200 Applying matrix to input curve XYZ values...
2023-02-06 20:41:00,209 Generating input curves...
2023-02-06 20:41:03,084 100%
2023-02-06 20:41:03,084 Generating A2B1 table lookup input values...
2023-02-06 20:41:03,084 cLUT grid res: 33
2023-02-06 20:41:03,084 Looking up input values through A2B1 table (12 workers)...
2023-02-06 20:41:03,085 Using CAM Jab for clipping
2023-02-06 20:41:29,374 100%
2023-02-06 20:41:29,374 Input black XYZ: 0.000977 0.001007 0.000854
2023-02-06 20:41:29,375 Input white XYZ: 0.964203 1.000000 0.824890
2023-02-06 20:41:29,398 Output black RGB: 0.0000 0.0000 0.0000
2023-02-06 20:41:29,400 Output white RGB: 100.0000 100.0000 100.0000
2023-02-06 20:41:29,411 Filling cLUT...
2023-02-06 20:41:29,522 100%
2023-02-06 20:41:29,631 Generating output curves...
2023-02-06 20:41:29,990 Setting curve entry #0 (0.000000 0.000000 0.000000) to black because it got clipped
2023-02-06 20:41:29,990 Setting curve entry #1 (0.000000 0.000000 0.000000) to black because it got clipped
2023-02-06 20:41:29,993 Setting curve entry #4095 (1.000000 1.000000 1.000000) to white because it got clipped
2023-02-06 20:41:30,032 Smoothing B2A1...
2023-02-06 20:41:31,457 Generating B2A0 table by inverting A2B0 table
2023-02-06 20:41:31,457 
2023-02-06 20:41:31,457 Using chromatic adaptation transform matrix: Bradford
2023-02-06 20:41:31,512 Black XYZ: 0.0000 0.0000 0.0000
2023-02-06 20:41:31,512 White XYZ: 0.9642 1.0000 0.8249
2023-02-06 20:41:31,512 R XYZ: 0.3930 0.2100 0.0086
2023-02-06 20:41:31,512 G XYZ: 0.4204 0.7329 0.0860
2023-02-06 20:41:31,512 B XYZ: 0.1421 0.0478 0.7054
2023-02-06 20:41:31,513 Generating input curve PCS values...
2023-02-06 20:41:31,612 Looking up input curve RGB values...
2023-02-06 20:41:31,667 R+G+B XYZ: 0.9661 1.0020 0.8266
2023-02-06 20:41:31,667 Correction factors: 0.9980 0.9980 0.9980
2023-02-06 20:41:31,667 Matrix 1:
2023-02-06 20:41:31,668 [2.8588221296190066, -1.3906687876654782, -0.4459088993779176]
2023-02-06 20:41:31,668 [-0.8848652265894346, 1.779603960363072, 0.08676977059286686]
2023-02-06 20:41:31,668 [0.029808800852573657, -0.08822870654797292, 1.281960848268085]
2023-02-06 20:41:31,670 Matrix 2:
2023-02-06 20:41:31,670 [2.8645802547995998, -1.3934698171108424, -0.4468070312466888]
2023-02-06 20:41:31,670 [-0.8866474867342221, 1.783188367475877, 0.08694453879400423]
2023-02-06 20:41:31,670 [0.029868840546898884, -0.08840641327955362, 1.2845429225302327]
2023-02-06 20:41:31,671 Matrix 3:
2023-02-06 20:41:31,671 [1.999969482421875, 0, 0]
2023-02-06 20:41:31,671 [0, 1.999969482421875, 0]
2023-02-06 20:41:31,671 [0, 0, 1.999969482421875]
2023-02-06 20:41:31,671 Final matrix:
2023-02-06 20:41:31,671 [5.729073089547478, -2.7868971088976764, -0.8936004270248947]
2023-02-06 20:41:31,671 [-1.7732679151344986, 3.566322316361438, 0.17388642425125325]
2023-02-06 20:41:31,673 [0.059736769569122876, -0.17681012860948322, 2.5690466439214723]
2023-02-06 20:41:31,673 Applying matrix to input curve XYZ values...
2023-02-06 20:41:31,680 Generating input curves...
2023-02-06 20:41:34,615 100%
2023-02-06 20:41:34,618 --------------------------------------------------------------------------------
2023-02-06 20:41:34,618 Creating shaper tags in separate step
2023-02-06 20:41:34,618 Using chromatic adaptation transform matrix: Bradford
2023-02-06 20:41:34,631 Extracting neutrals from c:\users\123\appdata\local\temp\DisplayCAL-_wmhgj\G1618-04 #1 2023-02-06 20-32 D7000 sRGB F-S XYZLUT+MTX.ti3
2023-02-06 20:41:34,642 NUMBER_OF_FIELDS 7
2023-02-06 20:41:34,642 BEGIN_DATA_FORMAT
2023-02-06 20:41:34,642 SAMPLE_ID RGB_R RGB_G RGB_B XYZ_X XYZ_Y XYZ_Z
2023-02-06 20:41:34,642 END_DATA_FORMAT
2023-02-06 20:41:34,642 
2023-02-06 20:41:34,642 NUMBER_OF_SETS 52
2023-02-06 20:41:34,642 BEGIN_DATA
2023-02-06 20:41:34,642 1 0.000000 0.000000 0.000000 0.096711 0.102034 0.118649
2023-02-06 20:41:34,642 2 1.960800 1.960800 1.960800 0.196475 0.202561 0.268647
2023-02-06 20:41:34,642 3 3.921600 3.921600 3.921600 0.389165 0.400745 0.520395
2023-02-06 20:41:34,642 4 5.882400 5.882400 5.882400 0.552823 0.566116 0.782429
2023-02-06 20:41:34,642 5 7.843100 7.843100 7.843100 0.758814 0.782060 1.000699
2023-02-06 20:41:34,642 6 9.803900 9.803900 9.803900 1.052844 1.085818 1.382104
2023-02-06 20:41:34,642 7 11.76500 11.76500 11.76500 1.295562 1.338247 1.702576
2023-02-06 20:41:34,642 8 13.72600 13.72600 13.72600 1.660906 1.718874 2.177189
2023-02-06 20:41:34,642 9 15.68600 15.68600 15.68600 2.119053 2.216299 2.684138
2023-02-06 20:41:34,642 10 17.64700 17.64700 17.64700 2.562729 2.724872 3.071758
2023-02-06 20:41:34,642 11 19.60800 19.60800 19.60800 3.129209 3.271264 3.954068
2023-02-06 20:41:34,642 12 21.56900 21.56900 21.56900 3.650661 3.842135 4.644199
2023-02-06 20:41:34,642 13 23.52900 23.52900 23.52900 4.352471 4.590486 5.375986
2023-02-06 20:41:34,642 14 25.49000 25.49000 25.49000 5.120874 5.380090 6.327126
2023-02-06 20:41:34,642 15 27.45100 27.45100 27.45100 5.788045 6.101257 7.229209
2023-02-06 20:41:34,642 16 29.41200 29.41200 29.41200 6.634688 7.002229 8.209662
2023-02-06 20:41:34,642 17 31.37300 31.37300 31.37300 7.739685 8.157056 9.571417
2023-02-06 20:41:34,642 18 33.33300 33.33300 33.33300 8.645179 9.056852 10.65293
2023-02-06 20:41:34,642 19 35.29400 35.29400 35.29400 9.819839 10.26241 12.14080
2023-02-06 20:41:34,642 20 37.25500 37.25500 37.25500 11.08068 11.64238 13.73414
2023-02-06 20:41:34,642 21 39.21600 39.21600 39.21600 12.20199 12.84627 14.96778
2023-02-06 20:41:34,642 22 41.17600 41.17600 41.17600 13.45192 14.10274 16.60852
2023-02-06 20:41:34,642 23 43.13700 43.13700 43.13700 14.81105 15.68602 18.20561
2023-02-06 20:41:34,644 24 45.09800 45.09800 45.09800 16.41098 17.31634 20.20622
2023-02-06 20:41:34,644 25 47.05900 47.05900 47.05900 17.85698 18.92485 21.69919
2023-02-06 20:41:34,644 26 49.02000 49.02000 49.02000 19.58689 20.64234 24.31265
2023-02-06 20:41:34,644 27 50.98000 50.98000 50.98000 21.25024 22.41782 26.46961
2023-02-06 20:41:34,644 28 52.94100 52.94100 52.94100 23.08304 24.34977 28.52430
2023-02-06 20:41:34,644 29 54.90200 54.90200 54.90200 25.00506 26.45071 30.99115
2023-02-06 20:41:34,644 30 56.86300 56.86300 56.86300 27.23978 28.72960 33.81251
2023-02-06 20:41:34,644 31 58.82400 58.82400 58.82400 29.26759 30.71867 36.11897
2023-02-06 20:41:34,644 32 60.78400 60.78400 60.78400 31.41518 33.04091 38.79093
2023-02-06 20:41:34,644 33 62.74500 62.74500 62.74500 33.59252 35.35557 41.71752
2023-02-06 20:41:34,644 34 64.70600 64.70600 64.70600 35.97394 37.76166 44.48749
2023-02-06 20:41:34,644 35 66.66700 66.66700 66.66700 38.18840 40.14305 47.15938
2023-02-06 20:41:34,644 36 68.62700 68.62700 68.62700 41.22584 43.39615 50.85832
2023-02-06 20:41:34,644 37 70.58800 70.58800 70.58800 43.89564 46.31187 53.84104
2023-02-06 20:41:34,644 38 72.54900 72.54900 72.54900 46.35264 49.02725 57.28400
2023-02-06 20:41:34,644 39 74.51000 74.51000 74.51000 48.70457 51.37235 60.05284
2023-02-06 20:41:34,644 40 76.47100 76.47100 76.47100 51.70580 54.53270 63.69866
2023-02-06 20:41:34,644 41 78.43100 78.43100 78.43100 54.70473 57.49873 68.15665
2023-02-06 20:41:34,644 42 80.39200 80.39200 80.39200 57.99781 61.08268 71.85879
2023-02-06 20:41:34,644 43 82.35300 82.35300 82.35300 61.19487 64.47189 75.45508
2023-02-06 20:41:34,644 44 84.31400 84.31400 84.31400 64.96961 68.47687 80.23087
2023-02-06 20:41:34,644 45 86.27500 86.27500 86.27500 68.17282 71.84926 84.08222
2023-02-06 20:41:34,644 46 88.23500 88.23500 88.23500 71.61400 75.58901 87.58040
2023-02-06 20:41:34,644 47 90.19600 90.19600 90.19600 75.22435 79.31754 92.76130
2023-02-06 20:41:34,644 48 92.15700 92.15700 92.15700 79.05690 83.34735 97.94543
2023-02-06 20:41:34,644 49 94.11800 94.11800 94.11800 82.13331 86.61514 100.7740
2023-02-06 20:41:34,644 50 96.07800 96.07800 96.07800 86.89756 91.59714 107.1380
2023-02-06 20:41:34,644 51 98.03900 98.03900 98.03900 90.47824 95.32723 111.7060
2023-02-06 20:41:34,644 52 100.0000 100.0000 100.0000 94.78256 100.0000 116.2832
2023-02-06 20:41:34,644 END_DATA
2023-02-06 20:41:34,644 --------------------------------------------------------------------------------
2023-02-06 20:41:34,951 Black relative luminance = 0.001020
2023-02-06 20:41:34,953 Black output offset = 1.00
2023-02-06 20:41:34,953 Calibration overall transfer function ≈ sRGB (Δ 0.00%)
2023-02-06 20:41:34,989 Transfer function R ≈ Rec. 1886 (Δ 0.86%)
2023-02-06 20:41:34,990 Got good match (+-2%)
2023-02-06 20:41:35,025 Transfer function G ≈ Rec. 1886 (Δ 0.85%)
2023-02-06 20:41:35,025 Got good match (+-2%)
2023-02-06 20:41:35,061 Transfer function B ≈ Rec. 1886 (Δ 0.86%)
2023-02-06 20:41:35,062 Got good match (+-2%)
2023-02-06 20:41:35,098 Using transfer function for R: Rec. 1886
2023-02-06 20:41:35,137 Using transfer function for G: Rec. 1886
2023-02-06 20:41:35,174 Using transfer function for B: Rec. 1886
2023-02-06 20:41:35,174 Adding rTRC from interpolation to G1618-04 #1 2023-02-06 20-32 D7000 sRGB F-S XYZLUT+MTX
2023-02-06 20:41:35,174 Adding gTRC from interpolation to G1618-04 #1 2023-02-06 20-32 D7000 sRGB F-S XYZLUT+MTX
2023-02-06 20:41:35,176 Adding bTRC from interpolation to G1618-04 #1 2023-02-06 20-32 D7000 sRGB F-S XYZLUT+MTX
2023-02-06 20:41:35,450 --------------------------------------------------------------------------------
2023-02-06 20:41:35,450 工作目录：
2023-02-06 20:41:35,450   c:\
2023-02-06 20:41:35,450    users\
2023-02-06 20:41:35,450     123\
2023-02-06 20:41:35,450      appdata\
2023-02-06 20:41:35,450       local\
2023-02-06 20:41:35,450        temp\
2023-02-06 20:41:35,451         DisplayCAL-_wmhgj\
2023-02-06 20:41:35,451 
2023-02-06 20:41:35,451 命令行：
2023-02-06 20:41:35,451   C:\Users\123\AppData\Roaming\DisplayCAL\dl\Argyll_V2.1.2\bin\profcheck.exe
2023-02-06 20:41:35,451     "G1618-04 #1 2023-02-06 20-32 D7000 sRGB F-S XYZLUT+MTX.ti3"
2023-02-06 20:41:35,453     "G1618-04 #1 2023-02-06 20-32 D7000 sRGB F-S XYZLUT+MTX.icm"
2023-02-06 20:41:35,453 
2023-02-06 20:41:35,509 Profile check complete, errors: max. = 2.946345, avg. = 0.101031, RMS = 0.321682
2023-02-06 20:41:35,509 profcheck exitcode: 0
2023-02-06 20:41:35,509 --------------------------------------------------------------------------------
2023-02-06 20:41:35,509 生成色域视图...
2023-02-06 20:41:36,263 --------------------------------------------------------------------------------
2023-02-06 20:41:36,266 工作目录：
2023-02-06 20:41:36,266   c:\
2023-02-06 20:41:36,266    users\
2023-02-06 20:41:36,266     123\
2023-02-06 20:41:36,266      appdata\
2023-02-06 20:41:36,266       local\
2023-02-06 20:41:36,266        temp\
2023-02-06 20:41:36,267         DisplayCAL-_wmhgj\
2023-02-06 20:41:36,267 
2023-02-06 20:41:36,267 命令行：
2023-02-06 20:41:36,267   C:\Users\123\AppData\Roaming\DisplayCAL\dl\Argyll_V2.1.2\bin\iccgamut.exe
2023-02-06 20:41:36,269     -v
2023-02-06 20:41:36,269     -w
2023-02-06 20:41:36,269     -ir
2023-02-06 20:41:36,269     -ff
2023-02-06 20:41:36,269     -on
2023-02-06 20:41:36,269     -d10.00
2023-02-06 20:41:36,269     "G1618-04 #1 2023-02-06 20-32 D7000 sRGB F-S XYZLUT+MTX.icm"
2023-02-06 20:41:36,269 
2023-02-06 20:41:36,782 Header:
2023-02-06 20:41:36,782   size         = 942452 bytes
2023-02-06 20:41:36,782   CMM          = 'argl'
2023-02-06 20:41:36,782   Version      = 2.2.0
2023-02-06 20:41:36,782   Device Class = Display
2023-02-06 20:41:36,782   Color Space  = RGB
2023-02-06 20:41:36,782   Conn. Space  = XYZ
2023-02-06 20:41:36,782   Date, Time   = 6 Feb 2023, 20:40:54
2023-02-06 20:41:36,782   Platform     = Microsoft
2023-02-06 20:41:36,782   Flags        = Not Embedded Profile, Use anywhere
2023-02-06 20:41:36,782   Dev. Mnfctr. = 0x0
2023-02-06 20:41:36,782   Dev. Model   = 0x0
2023-02-06 20:41:36,782   Dev. Attrbts = Reflective, Glossy, Positive, Color
2023-02-06 20:41:36,782   Rndrng Intnt = Perceptual
2023-02-06 20:41:36,782   Illuminant   = 0.96420288, 1.00000000, 0.82490540    [Lab 100.000000, 0.000000, 0.000000]
2023-02-06 20:41:36,782   Creator      = 'DCAL'
2023-02-06 20:41:36,783 
2023-02-06 20:41:36,783 Total volume of gamut is 772705.324079 cubic colorspace units
2023-02-06 20:41:36,783 iccgamut exitcode: 0
2023-02-06 20:41:37,917 --------------------------------------------------------------------------------
2023-02-06 20:41:37,917 命令行：
2023-02-06 20:41:37,917   C:\Users\123\AppData\Roaming\DisplayCAL\dl\Argyll_V2.1.2\bin\viewgam.exe
2023-02-06 20:41:37,917     -cw
2023-02-06 20:41:37,918     -t0
2023-02-06 20:41:37,920     -w
2023-02-06 20:41:37,920     "C:\Program Files (x86)\DisplayCAL\ref\sRGB.gam"
2023-02-06 20:41:37,920     -cn
2023-02-06 20:41:37,920     -t.3
2023-02-06 20:41:37,920     -s
2023-02-06 20:41:37,920     "G1618-04 #1 2023-02-06 20-32 D7000 sRGB F-S XYZLUT+MTX.gam"
2023-02-06 20:41:37,921     -i
2023-02-06 20:41:37,921     "G1618-04 #1 2023-02-06 20-32 D7000 sRGB F-S XYZLUT+MTX vs sRGB.wrl"
2023-02-06 20:41:37,921 
2023-02-06 20:41:37,921 Intersecting volume = 734986.4 cubic units
2023-02-06 20:41:37,921 'C:\Program Files (x86)\DisplayCAL\ref\sRGB.gam' volume = 833675.1 cubic units, intersect = 88.16%
2023-02-06 20:41:37,921 'G1618-04 #1 2023-02-06 20-32 D7000 sRGB F-S XYZLUT+MTX.gam' volume = 772705.3 cubic units, intersect = 95.12%
2023-02-06 20:41:38,006 --------------------------------------------------------------------------------
2023-02-06 20:41:38,007 命令行：
2023-02-06 20:41:38,007   C:\Users\123\AppData\Roaming\DisplayCAL\dl\Argyll_V2.1.2\bin\viewgam.exe
2023-02-06 20:41:38,007     -cw
2023-02-06 20:41:38,009     -t0
2023-02-06 20:41:38,009     -w
2023-02-06 20:41:38,009     "C:\Program Files (x86)\DisplayCAL\ref\ClayRGB1998.gam"
2023-02-06 20:41:38,009     -cn
2023-02-06 20:41:38,009     -t.3
2023-02-06 20:41:38,009     -s
2023-02-06 20:41:38,009     "G1618-04 #1 2023-02-06 20-32 D7000 sRGB F-S XYZLUT+MTX.gam"
2023-02-06 20:41:38,009     -i
2023-02-06 20:41:38,009     "G1618-04 #1 2023-02-06 20-32 D7000 sRGB F-S XYZLUT+MTX vs ClayRGB1998.wrl"
2023-02-06 20:41:38,010 
2023-02-06 20:41:38,010 Intersecting volume = 755218.4 cubic units
2023-02-06 20:41:38,010 'C:\Program Files (x86)\DisplayCAL\ref\ClayRGB1998.gam' volume = 1209985.9 cubic units, intersect = 62.42%
2023-02-06 20:41:38,010 'G1618-04 #1 2023-02-06 20-32 D7000 sRGB F-S XYZLUT+MTX.gam' volume = 772705.3 cubic units, intersect = 97.74%
2023-02-06 20:41:38,010 --------------------------------------------------------------------------------
2023-02-06 20:41:38,010 命令行：
2023-02-06 20:41:38,012   C:\Users\123\AppData\Roaming\DisplayCAL\dl\Argyll_V2.1.2\bin\viewgam.exe
2023-02-06 20:41:38,012     -cw
2023-02-06 20:41:38,012     -t0
2023-02-06 20:41:38,012     -w
2023-02-06 20:41:38,012     "C:\Program Files (x86)\DisplayCAL\ref\SMPTE431_P3.gam"
2023-02-06 20:41:38,013     -cn
2023-02-06 20:41:38,013     -t.3
2023-02-06 20:41:38,013     -s
2023-02-06 20:41:38,013     "G1618-04 #1 2023-02-06 20-32 D7000 sRGB F-S XYZLUT+MTX.gam"
2023-02-06 20:41:38,013     -i
2023-02-06 20:41:38,013     "G1618-04 #1 2023-02-06 20-32 D7000 sRGB F-S XYZLUT+MTX vs SMPTE431_P3.wrl"
2023-02-06 20:41:38,013 
2023-02-06 20:41:38,013 Intersecting volume = 766128.8 cubic units
2023-02-06 20:41:38,013 'C:\Program Files (x86)\DisplayCAL\ref\SMPTE431_P3.gam' volume = 1176953.5 cubic units, intersect = 65.09%
2023-02-06 20:41:38,013 'G1618-04 #1 2023-02-06 20-32 D7000 sRGB F-S XYZLUT+MTX.gam' volume = 772705.3 cubic units, intersect = 99.15%
2023-02-06 20:41:38,151 --------------------------------------------------------------------------------
