2023-02-06 20:42:21,421 --------------------------------------------------------------------------------
2023-02-06 20:42:21,421 工作目录：
2023-02-06 20:42:21,421   c:\
2023-02-06 20:42:21,421    users\
2023-02-06 20:42:21,421     123\
2023-02-06 20:42:21,423      appdata\
2023-02-06 20:42:21,423       local\
2023-02-06 20:42:21,423        temp\
2023-02-06 20:42:21,423         DisplayCAL-csu8xi\
2023-02-06 20:42:21,424 
2023-02-06 20:42:21,424 命令行：
2023-02-06 20:42:21,424   C:\Users\123\AppData\Roaming\DisplayCAL\dl\Argyll_V2.1.2\bin\dispread.exe
2023-02-06 20:42:21,424     -v
2023-02-06 20:42:21,424     -k
2023-02-06 20:42:21,424     "C:\Program Files (x86)\DisplayCAL\linear.cal"
2023-02-06 20:42:21,424     -d1
2023-02-06 20:42:21,427     -c1
2023-02-06 20:42:21,427     -yn
2023-02-06 20:42:21,428     "-P0.998171846435,0.5,0.943642611684"
2023-02-06 20:42:21,428     0_16
2023-02-06 20:42:21,428 
2023-02-06 20:42:21,759 DisplayCAL: Starting interaction with subprocess
2023-02-06 20:42:21,760 Number of patches = 3
2023-02-06 20:42:21,760 Setting up the instrument
2023-02-06 20:42:22,752 Product Name:      i1Display3
2023-02-06 20:42:22,753 Serial Number:     I1-16.B-02.248530.06
2023-02-06 20:42:22,753 Firmware Version:  v2.28
2023-02-06 20:42:22,753 Firmware Date:     29Jan14
2023-02-06 20:42:23,068 Place instrument on test window.
2023-02-06 20:42:23,069 DisplayCAL: Waiting for send buffer
2023-02-06 20:42:23,069 DisplayCAL: Detected instrument placement (screen/spot) message
2023-02-06 20:42:24,575 DisplayCAL: Skipping place instrument on screen message...
2023-02-06 20:42:24,581 DisplayCAL: Sending buffer: ' '
2023-02-06 20:42:24,584 Hit Esc or Q to give up, any other key to continue:
2023-02-06 20:42:27,196 Measured display update delay of 103 msec, using delay of 237 msec & 0 msec inst reaction
2023-02-06 20:42:31,246 Patch 3 of 3
2023-02-06 20:42:31,246 The instrument can be removed from the screen.
2023-02-06 20:42:31,397 Written '0_16.ti3'
2023-02-06 20:42:31,500 DisplayCAL: Reached EOF (OK)
2023-02-06 20:42:31,500 dispread exitcode: 0
2023-02-06 20:42:31,509 RGB level 0 is 0.375162 cd/m2
2023-02-06 20:42:31,510 RGB level 16 is 1.580286 cd/m2
2023-02-06 20:42:31,510 Assuming full range output levels
