2023-02-06 20:42:31,516 --------------------------------------------------------------------------------
2023-02-06 20:42:31,516 工作目录：
2023-02-06 20:42:31,516   c:\
2023-02-06 20:42:31,517    users\
2023-02-06 20:42:31,517     123\
2023-02-06 20:42:31,517      appdata\
2023-02-06 20:42:31,517       local\
2023-02-06 20:42:31,517        temp\
2023-02-06 20:42:31,519         DisplayCAL-csu8xi\
2023-02-06 20:42:31,519 
2023-02-06 20:42:31,519 命令行：
2023-02-06 20:42:31,519   C:\Users\123\AppData\Roaming\DisplayCAL\dl\Argyll_V2.1.2\bin\dispcal.exe
2023-02-06 20:42:31,519     -v2
2023-02-06 20:42:31,519     -d1
2023-02-06 20:42:31,519     -c1
2023-02-06 20:42:31,519     -yn
2023-02-06 20:42:31,520     "-P0.998171846435,0.5,0.943642611684"
2023-02-06 20:42:31,520     -ql
2023-02-06 20:42:31,520     -t7500
2023-02-06 20:42:31,522     -gs
2023-02-06 20:42:31,522     -f1.0
2023-02-06 20:42:31,522     -k0
2023-02-06 20:42:31,522     -A4.0
2023-02-06 20:42:31,522     -b
2023-02-06 20:42:31,522     "G1618-04 #1 2023-02-06 20-42 D7500 sRGB F-S XYZLUT+MTX"
2023-02-06 20:42:31,523 
2023-02-06 20:42:31,901 DisplayCAL: Starting interaction with subprocess
2023-02-06 20:42:31,904 Setting up the instrument
2023-02-06 20:42:32,832 Product Name:      i1Display3
2023-02-06 20:42:32,834 Serial Number:     I1-16.B-02.248530.06
2023-02-06 20:42:32,834 Firmware Version:  v2.28
2023-02-06 20:42:32,834 Firmware Date:     29Jan14
2023-02-06 20:42:33,145 Place instrument on test window.
2023-02-06 20:42:33,148 DisplayCAL: Waiting for send buffer
2023-02-06 20:42:33,148 DisplayCAL: Detected instrument placement (screen/spot) message
2023-02-06 20:42:34,671 DisplayCAL: Skipping place instrument on screen message...
2023-02-06 20:42:34,710 DisplayCAL: Sending buffer: ' '
2023-02-06 20:42:34,714 Hit Esc or Q to give up, any other key to continue:
2023-02-06 20:42:34,714 Display type is 'n'
2023-02-06 20:42:34,714 Target white = 7500.000000 degrees kelvin Daylight spectrum
2023-02-06 20:42:34,717 Target white brightness = native brightness
2023-02-06 20:42:34,717 Target black brightness = native brightness
2023-02-06 20:42:34,719 Black point device hack is enabled
2023-02-06 20:42:34,719 Target gamma = sRGB curve
2023-02-06 20:42:34,720 
2023-02-06 20:42:34,720 Display adjustment menu:
2023-02-06 20:42:34,720 Press 1 .. 7
2023-02-06 20:42:34,720 1) Black level (CRT: Offset/Brightness)
2023-02-06 20:42:34,720 2) White point (Color temperature, R,G,B, Gain/Contrast)
2023-02-06 20:42:34,720 3) White level (CRT: Gain/Contrast, LCD: Brightness/Backlight)
2023-02-06 20:42:34,721 4) Black point (R,G,B, Offset/Brightness)
2023-02-06 20:42:34,721 5) Check all
2023-02-06 20:42:34,721 6) Measure and set ambient for viewing condition adjustment
2023-02-06 20:42:34,721 7) Continue on to calibration
2023-02-06 20:42:34,721 8) Exit
2023-02-06 20:42:34,724 DisplayCAL: Waiting for send buffer
2023-02-06 20:45:37,301 DisplayCAL: Sending buffer: '7'
2023-02-06 20:45:37,303 Commencing display calibration
2023-02-06 20:45:39,914 Measured display update delay of 98 msec, using delay of 230 msec & 0 msec inst reaction
2023-02-06 20:45:52,285 Patch 9 of 9
2023-02-06 20:45:52,285 Black = XYZ 0.4234 0.3752 1.0002
2023-02-06 20:45:52,286 Red   = XYZ 131.091 71.273  4.693
2023-02-06 20:45:52,286 Green = XYZ 148.780 283.782 42.906
2023-02-06 20:45:52,286 Blue  = XYZ 103.847 33.736 550.912
2023-02-06 20:45:52,286 White = XYZ 383.082 387.874 597.732
2023-02-06 20:46:58,470 Patch 48 of 48
2023-02-06 20:46:59,227 
2023-02-06 20:46:59,227 Initial native brightness target = 387.874037 cd/m^2
2023-02-06 20:46:59,227 Had to scale brightness from 387.874037 to 370.128435 to fit within gamut,
2023-02-06 20:46:59,229 corresponding to aprox. RGB 1.000000 0.986180 0.886538
2023-02-06 20:46:59,229 Target white value is XYZ 351.405861 370.128435 453.324428 [xy 0.299105 0.315041]
2023-02-06 20:46:59,229 Adjusted target black XYZ 0.4234 0.3752 1.0002, Lab 0.916 0.744 -1.858
2023-02-06 20:46:59,229 Target black after min adjust: XYZ 0.4234 0.3752 1.0002, Lab 0.916 0.744 -1.858
2023-02-06 20:46:59,230 Gamma curve input offset = 0.000000, output offset = 0.001014, power = 0.000000
2023-02-06 20:46:59,230 Total Iteration 2, Final Samples = 32 Final Repeat threshold = 0.900000
2023-02-06 20:46:59,232 Creating initial calibration curves...
2023-02-06 20:46:59,746 
2023-02-06 20:46:59,747 Doing iteration 1/2 with 16 sample points and repeat threshold of 1.272792 DE
2023-02-06 20:47:00,298 Patch 1 of 16 DE 2.539226, W.DE 2.539226, Repeat
2023-02-06 20:47:00,808 Patch 1 of 16 DE 0.917362, W.DE 0.917362, OK ( < 1.272792)
2023-02-06 20:47:01,364 Patch 2 of 16 DE 1.937377, W.DE 1.937377, Repeat
2023-02-06 20:47:01,951 Patch 2 of 16 DE 0.644831, W.DE 0.644831, OK ( < 1.272792)
2023-02-06 20:47:02,506 Patch 3 of 16 DE 2.918113, W.DE 2.918113, Repeat
2023-02-06 20:47:03,092 Patch 3 of 16 DE 0.391066, W.DE 0.391066, OK ( < 1.272792)
2023-02-06 20:47:03,651 Patch 4 of 16 DE 1.118423, W.DE 1.118423, OK ( < 1.272792)
2023-02-06 20:47:04,209 Patch 5 of 16 DE 0.696063, W.DE 0.696063, OK ( < 1.272792)
2023-02-06 20:47:04,765 Patch 6 of 16 DE 0.874785, W.DE 0.874785, OK ( < 1.272792)
2023-02-06 20:47:05,322 Patch 7 of 16 DE 1.184922, W.DE 1.184922, OK ( < 1.272792)
2023-02-06 20:47:05,880 Patch 8 of 16 DE 1.071052, W.DE 1.071052, OK ( < 1.272792)
2023-02-06 20:47:06,654 Patch 9 of 16 DE 1.776373, W.DE 1.776373, Repeat
2023-02-06 20:47:07,456 Patch 9 of 16 DE 0.606995, W.DE 0.606995, OK ( < 1.272792)
2023-02-06 20:47:08,280 Patch 10 of 16 DE 1.491053, W.DE 1.491053, Repeat
2023-02-06 20:47:09,105 Patch 10 of 16 DE 0.834673, W.DE 0.834673, OK ( < 1.272792)
2023-02-06 20:47:10,007 Patch 11 of 16 DE 2.060885, W.DE 2.060885, Repeat
2023-02-06 20:47:10,933 Patch 11 of 16 DE 0.710463, W.DE 0.710463, OK ( < 1.272792)
2023-02-06 20:47:11,986 Patch 12 of 16 DE 2.392680, W.DE 2.392680, Repeat
2023-02-06 20:47:13,025 Patch 12 of 16 DE 0.890070, W.DE 0.890070, OK ( < 1.272792)
2023-02-06 20:47:14,407 Patch 13 of 16 DE 2.082163, W.DE 2.082163, Repeat
2023-02-06 20:47:15,785 Patch 13 of 16 DE 1.299695, W.DE 1.299695, Repeat
2023-02-06 20:47:20,484 Patch 13 of 16 DE 1.299695, W.DE 1.299695, Repeat
2023-02-06 20:47:21,641 Patch 13 of 16 DE 0.990540, W.DE 0.990540, OK ( < 1.272792)
2023-02-06 20:47:23,365 Patch 14 of 16 DE 1.489004, W.DE 1.489004, Repeat
2023-02-06 20:47:25,009 Patch 14 of 16 DE 0.893869, W.DE 0.893869, OK ( < 1.272792)
2023-02-06 20:47:26,818 Patch 15 of 16 DE 0.637825, W.DE 0.637825, OK ( < 1.272792)
2023-02-06 20:47:28,720 Patch 16 of 16 DE 0.028699, W.DE 28.698618, Repeat
2023-02-06 20:47:36,505 Patch 16 of 16 DE 0.026154, W.DE 26.154399, Repeat
2023-02-06 20:47:38,430 Patch 16 of 16 DE 0.021532, W.DE 21.532152, Repeat
2023-02-06 20:47:40,276 Patch 16 of 16 DE 0.021378, W.DE 21.378222, Repeat
2023-02-06 20:47:42,119 Patch 16 of 16 DE 0.019580, W.DE 19.580296, Repeat
2023-02-06 20:47:43,966 Patch 16 of 16 DE 0.020055, W.DE 20.054932, Repeat (got worse)
2023-02-06 20:47:45,808 Patch 16 of 16 DE 0.018702, W.DE 18.701925, Repeat
2023-02-06 20:47:47,648 Patch 16 of 16 DE 0.017309, W.DE 17.308893, Repeat
2023-02-06 20:47:49,486 Patch 16 of 16 DE 0.016429, W.DE 16.428622, Repeat
2023-02-06 20:47:51,335 Patch 16 of 16 DE 0.008436, W.DE 8.436175, Fail ( > 1.272792)
2023-02-06 20:47:51,335 
2023-02-06 20:47:51,336 Brightness error = -2.189517 cd/m^2 (is 367.938918, should be 370.128435)
2023-02-06 20:47:51,336 White point error = 0.890030 deltaE
2023-02-06 20:47:51,339 Maximum neutral error (@ 0.441613) = 1.184622 deltaE
2023-02-06 20:47:51,341 Average neutral error = 0.778768 deltaE
2023-02-06 20:47:51,341 Failed to meet target 1.272792 delta E, got worst case 8.436175
2023-02-06 20:47:51,341 Number of measurements taken = 42
2023-02-06 20:47:51,342 Computing update to calibration curves...
2023-02-06 20:47:51,808 
2023-02-06 20:47:51,809 Doing iteration 2/2 with 32 sample points and repeat threshold of 0.900000 DE
2023-02-06 20:47:52,532 Patch 1 of 32 DE 0.967086, W.DE 0.967086, peqDE 0.967086, Repeat
2023-02-06 20:47:53,040 Patch 1 of 32 DE 0.539822, W.DE 0.539822, W.peqDE 0.539822, OK ( < 0.900000)
2023-02-06 20:47:53,584 Patch 2 of 32 DE 0.320063, W.DE 0.320063, W.peqDE 0.537007, OK ( < 0.900000)
2023-02-06 20:47:54,124 Patch 3 of 32 DE 0.594101, W.DE 0.594101, W.peqDE 0.351478, OK ( < 0.900000)
2023-02-06 20:47:54,668 Patch 4 of 32 DE 0.366997, W.DE 0.366997, W.peqDE 0.323970, OK ( < 0.900000)
2023-02-06 20:47:55,207 Patch 5 of 32 DE 0.307855, W.DE 0.307855, W.peqDE 0.359369, OK ( < 0.900000)
2023-02-06 20:47:55,747 Patch 6 of 32 DE 0.452375, W.DE 0.452375, W.peqDE 0.287945, OK ( < 0.900000)
2023-02-06 20:47:56,289 Patch 7 of 32 DE 1.012720, W.DE 1.012720, peqDE 0.834890, Repeat
2023-02-06 20:47:56,848 Patch 7 of 32 DE 0.764145, W.DE 0.764145, W.peqDE 0.486269, OK ( < 0.900000)
2023-02-06 20:47:57,392 Patch 8 of 32 DE 1.855695, W.DE 1.855695, peqDE 1.373417, Repeat
2023-02-06 20:47:57,964 Patch 8 of 32 DE 0.202831, W.DE 0.202831, W.peqDE 0.563306, OK ( < 0.900000)
2023-02-06 20:47:58,506 Patch 9 of 32 DE 1.452082, W.DE 1.452082, peqDE 1.423350, Repeat
2023-02-06 20:47:59,079 Patch 9 of 32 DE 0.815801, W.DE 0.815801, W.peqDE 0.657639, OK ( < 0.900000)
2023-02-06 20:47:59,621 Patch 10 of 32 DE 1.425875, W.DE 1.425875, peqDE 1.096565, Repeat
2023-02-06 20:48:00,190 Patch 10 of 32 DE 0.653878, W.DE 0.653878, peqDE 1.408464, Repeat
2023-02-06 20:48:00,684 Patch 10 of 32 DE 0.231901, W.DE 0.231901, peqDE 0.900129, Repeat
2023-02-06 20:48:02,990 Patch 10 of 32 DE 0.231901, W.DE 0.231901, peqDE 0.900129, Repeat
2023-02-06 20:48:03,609 Patch 10 of 32 DE 0.403898, W.DE 0.403898, peqDE 1.178113, Repeat
2023-02-06 20:48:04,108 Patch 10 of 32 DE 0.236180, W.DE 0.236180, peqDE 0.972561, Repeat
2023-02-06 20:48:04,569 Patch 10 of 32 DE 0.601299, W.DE 0.601299, W.peqDE 0.185056, OK ( < 0.900000)
2023-02-06 20:48:05,112 Patch 11 of 32 DE 1.140478, W.DE 1.140478, peqDE 0.969761, Repeat
2023-02-06 20:48:05,684 Patch 11 of 32 DE 0.678909, W.DE 0.678909, peqDE 1.236408, Repeat
2023-02-06 20:48:06,217 Patch 11 of 32 DE 0.345299, W.DE 0.345299, W.peqDE 0.803783, OK ( < 0.900000)
2023-02-06 20:48:06,759 Patch 12 of 32 DE 1.490618, W.DE 1.490618, peqDE 1.483912, Repeat
2023-02-06 20:48:07,348 Patch 12 of 32 DE 0.564787, W.DE 0.564787, W.peqDE 0.544052, OK ( < 0.900000)
2023-02-06 20:48:07,905 Patch 13 of 32 DE 1.370889, W.DE 1.370889, peqDE 1.300360, Repeat
2023-02-06 20:48:08,476 Patch 13 of 32 DE 0.573493, W.DE 0.573493, W.peqDE 0.709141, OK ( < 0.900000)
2023-02-06 20:48:09,019 Patch 14 of 32 DE 1.631654, W.DE 1.631654, peqDE 1.806995, Repeat
2023-02-06 20:48:09,608 Patch 14 of 32 DE 0.166478, W.DE 0.166478, W.peqDE 0.472093, OK ( < 0.900000)
2023-02-06 20:48:10,161 Patch 15 of 32 DE 1.639200, W.DE 1.639200, peqDE 1.602892, Repeat
2023-02-06 20:48:10,734 Patch 15 of 32 DE 0.323613, W.DE 0.323613, W.peqDE 0.234632, OK ( < 0.900000)
2023-02-06 20:48:11,278 Patch 16 of 32 DE 1.622210, W.DE 1.622210, peqDE 1.661809, Repeat
2023-02-06 20:48:11,848 Patch 16 of 32 DE 0.821692, W.DE 0.821692, peqDE 0.993498, Repeat
2023-02-06 20:48:14,253 Patch 16 of 32 DE 0.724310, W.DE 0.724310, peqDE 0.923293, Repeat
2023-02-06 20:48:14,792 Patch 16 of 32 DE 0.106158, W.DE 0.106158, W.peqDE 0.462966, OK ( < 0.900000)
2023-02-06 20:48:15,539 Patch 17 of 32 DE 1.098573, W.DE 1.098573, peqDE 1.061113, Repeat
2023-02-06 20:48:16,309 Patch 17 of 32 DE 0.390710, W.DE 0.390710, W.peqDE 0.470196, OK ( < 0.900000)
2023-02-06 20:48:17,076 Patch 18 of 32 DE 1.475000, W.DE 1.475000, peqDE 1.387655, Repeat
2023-02-06 20:48:17,855 Patch 18 of 32 DE 0.181187, W.DE 0.181187, W.peqDE 0.231154, OK ( < 0.900000)
2023-02-06 20:48:18,657 Patch 19 of 32 DE 0.689088, W.DE 0.689088, W.peqDE 0.723844, OK ( < 0.900000)
2023-02-06 20:48:19,467 Patch 20 of 32 DE 1.153481, W.DE 1.153481, peqDE 1.647962, Repeat
2023-02-06 20:48:20,279 Patch 20 of 32 DE 0.156279, W.DE 0.156279, W.peqDE 0.702660, OK ( < 0.900000)
2023-02-06 20:48:21,128 Patch 21 of 32 DE 0.954686, W.DE 0.954686, peqDE 1.182133, Repeat
2023-02-06 20:48:24,765 Patch 21 of 32 DE 0.954686, W.DE 0.954686, peqDE 1.182133, Repeat
2023-02-06 20:48:25,641 Patch 21 of 32 DE 1.513303, W.DE 1.513303, peqDE 1.373665, Repeat (got worse)
2023-02-06 20:48:26,450 Patch 21 of 32 DE 0.804289, W.DE 0.804289, peqDE 0.983185, Repeat
2023-02-06 20:48:27,239 Patch 21 of 32 DE 0.220000, W.DE 0.220000, W.peqDE 0.409941, OK ( < 0.900000)
2023-02-06 20:48:28,148 Patch 22 of 32 DE 0.739694, W.DE 0.739694, W.peqDE 0.748332, OK ( < 0.900000)
2023-02-06 20:48:29,118 Patch 23 of 32 DE 1.021454, W.DE 1.021454, peqDE 0.978330, Repeat
2023-02-06 20:48:30,078 Patch 23 of 32 DE 0.675637, W.DE 0.675637, W.peqDE 0.619155, OK ( < 0.900000)
2023-02-06 20:48:31,111 Patch 24 of 32 DE 1.596275, W.DE 1.596275, peqDE 2.114048, Repeat
2023-02-06 20:48:35,290 Patch 24 of 32 DE 1.596275, W.DE 1.596275, peqDE 2.114048, Repeat
2023-02-06 20:48:36,298 Patch 24 of 32 DE 1.854530, W.DE 1.854530, peqDE 1.378877, Repeat (got worse)
2023-02-06 20:48:37,312 Patch 24 of 32 DE 0.538548, W.DE 0.538548, peqDE 0.969685, Repeat
2023-02-06 20:48:38,295 Patch 24 of 32 DE 0.459498, W.DE 0.459498, W.peqDE 0.094290, OK ( < 0.900000)
2023-02-06 20:48:39,414 Patch 25 of 32 DE 0.804039, W.DE 0.804039, peqDE 0.905036, Repeat
2023-02-06 20:48:40,516 Patch 25 of 32 DE 0.244498, W.DE 0.244498, W.peqDE 0.327746, OK ( < 0.900000)
2023-02-06 20:48:41,861 Patch 26 of 32 DE 0.914812, W.DE 0.914812, peqDE 0.832674, Repeat
2023-02-06 20:48:43,154 Patch 26 of 32 DE 0.279848, W.DE 0.279848, W.peqDE 0.214631, OK ( < 0.877540)
2023-02-06 20:48:44,619 Patch 27 of 32 DE 0.789471, W.DE 0.789471, peqDE 0.761374, Repeat
2023-02-06 20:48:46,007 Patch 27 of 32 DE 0.531581, W.DE 0.531581, W.peqDE 0.389306, OK ( < 0.625042)
2023-02-06 20:48:47,604 Patch 28 of 32 DE 1.025281, W.DE 1.025281, peqDE 1.145513, Repeat
2023-02-06 20:48:49,210 Patch 28 of 32 DE 0.606838, W.DE 0.606838, peqDE 0.975658, Repeat
2023-02-06 20:48:50,684 Patch 28 of 32 DE 0.240599, W.DE 0.240599, W.peqDE 0.186862, OK ( < 0.489192)
2023-02-06 20:48:52,434 Patch 29 of 32 DE 1.021971, W.DE 1.021971, peqDE 1.016418, Repeat
2023-02-06 20:48:54,203 Patch 29 of 32 DE 0.510036, W.DE 0.510036, peqDE 0.535332, Repeat
2023-02-06 20:48:55,823 Patch 29 of 32 DE 0.119173, W.DE 0.119173, W.peqDE 0.123989, OK ( < 0.399620)
2023-02-06 20:48:57,645 Patch 30 of 32 DE 0.694363, W.DE 0.694363, peqDE 0.715283, Repeat
2023-02-06 20:48:59,407 Patch 30 of 32 DE 0.419786, W.DE 0.419786, peqDE 0.417960, Repeat
2023-02-06 20:49:01,201 Patch 30 of 32 DE 0.252297, W.DE 0.252297, W.peqDE 0.235995, OK ( < 0.293374)
2023-02-06 20:49:03,127 Patch 31 of 32 DE 0.282978, W.DE 0.282978, peqDE 0.324912, Repeat
2023-02-06 20:49:10,944 Patch 31 of 32 DE 0.257249, W.DE 0.257249, peqDE 0.300461, Repeat
2023-02-06 20:49:12,841 Patch 31 of 32 DE 0.246135, W.DE 0.246135, peqDE 0.346685, Repeat
2023-02-06 20:49:14,674 Patch 31 of 32 DE 0.147433, W.DE 0.147433, W.peqDE 0.067010, OK ( < 0.250000)
2023-02-06 20:49:16,611 Patch 32 of 32 DE 0.001435, W.DE 0.001435, W.peqDE 0.001435, OK ( < 0.250000)
2023-02-06 20:49:16,614 
2023-02-06 20:49:16,614 Brightness error = 1.492391 cd/m^2 (is 371.620826, should be 370.128435)
2023-02-06 20:49:16,615 White point error = 0.516188 deltaE
2023-02-06 20:49:16,615 Maximum neutral error (@ 0.620277) = 0.815884 deltaE
2023-02-06 20:49:16,615 Average neutral error = 0.385627 deltaE
2023-02-06 20:49:16,615 Number of measurements taken = 90
2023-02-06 20:49:16,615 Computing update to calibration curves...
2023-02-06 20:49:17,444 The instrument can be removed from the screen.
2023-02-06 20:49:17,533 Written calibration file 'G1618-04 #1 2023-02-06 20-42 D7500 sRGB F-S XYZLUT+MTX.cal'
2023-02-06 20:49:17,638 DisplayCAL: Reached EOF (OK)
2023-02-06 20:49:17,640 dispcal exitcode: 0
2023-02-06 20:49:17,717 --------------------------------------------------------------------------------
2023-02-06 20:49:17,719 工作目录：
2023-02-06 20:49:17,719   c:\
2023-02-06 20:49:17,720    users\
2023-02-06 20:49:17,720     123\
2023-02-06 20:49:17,720      appdata\
2023-02-06 20:49:17,720       local\
2023-02-06 20:49:17,720        temp\
2023-02-06 20:49:17,720         DisplayCAL-csu8xi\
2023-02-06 20:49:17,720 
2023-02-06 20:49:17,721 命令行：
2023-02-06 20:49:17,721   C:\Users\123\AppData\Roaming\DisplayCAL\dl\Argyll_V2.1.2\bin\dispread.exe
2023-02-06 20:49:17,723     -v
2023-02-06 20:49:17,723     -d1
2023-02-06 20:49:17,723     -c1
2023-02-06 20:49:17,723     -yn
2023-02-06 20:49:17,723     "-P0.998171846435,0.5,0.943642611684"
2023-02-06 20:49:17,723     -k
2023-02-06 20:49:17,723     "G1618-04 #1 2023-02-06 20-42 D7500 sRGB F-S XYZLUT+MTX.cal"
2023-02-06 20:49:17,723     "G1618-04 #1 2023-02-06 20-42 D7500 sRGB F-S XYZLUT+MTX"
2023-02-06 20:49:17,724 
2023-02-06 20:49:18,052 DisplayCAL: Starting interaction with subprocess
2023-02-06 20:49:18,055 Number of patches = 175
2023-02-06 20:49:18,055 Setting up the instrument
2023-02-06 20:49:18,963 Product Name:      i1Display3
2023-02-06 20:49:18,963 Serial Number:     I1-16.B-02.248530.06
2023-02-06 20:49:18,963 Firmware Version:  v2.28
2023-02-06 20:49:18,963 Firmware Date:     29Jan14
2023-02-06 20:49:19,270 Place instrument on test window.
2023-02-06 20:49:19,272 DisplayCAL: Waiting for send buffer
2023-02-06 20:49:19,273 DisplayCAL: Detected instrument placement (screen/spot) message
2023-02-06 20:49:20,780 DisplayCAL: Skipping place instrument on screen message...
2023-02-06 20:49:20,783 DisplayCAL: Sending buffer: ' '
2023-02-06 20:49:20,785 Hit Esc or Q to give up, any other key to continue:
2023-02-06 20:49:23,400 Measured display update delay of 89 msec, using delay of 218 msec & 0 msec inst reaction
2023-02-06 20:51:39,121 Patch 175 of 175
2023-02-06 20:51:39,121 The instrument can be removed from the screen.
2023-02-06 20:51:39,279 Written 'G1618-04 #1 2023-02-06 20-42 D7500 sRGB F-S XYZLUT+MTX.ti3'
2023-02-06 20:51:39,385 DisplayCAL: Reached EOF (OK)
2023-02-06 20:51:39,387 dispread exitcode: 0
2023-02-06 20:51:39,569 Preparing ChromaticityType tag from TI3 colorants
2023-02-06 20:51:39,576 Storing settings in TI3
2023-02-06 20:51:39,621 Extracting neutrals from c:\users\123\appdata\local\temp\DisplayCAL-csu8xi\G1618-04 #1 2023-02-06 20-42 D7500 sRGB F-S XYZLUT+MTX.ti3
2023-02-06 20:51:39,650 Applying 0% black point correction to TI3
2023-02-06 20:51:39,720 Extracting neutrals from c:\users\123\appdata\local\temp\DisplayCAL-csu8xi\G1618-04 #1 2023-02-06 20-42 D7500 sRGB F-S XYZLUT+MTX.ti3
2023-02-06 20:51:39,739 R=G=B (>= 1% luminance) dE*00 avg 0.646232337064 peak 1.67917883314
2023-02-06 20:51:40,059 Initial cLUT resolution 5x5x5
2023-02-06 20:51:40,062 cLUT input curve segments: 5
2023-02-06 20:51:40,101 #1 X prev 0.047933 next 0.205135 clip False
2023-02-06 20:51:40,128 #2 X prev 0.205135 next 0.499009 clip False
2023-02-06 20:51:40,157 #3 X prev 0.499009 next 0.964200 clip False
2023-02-06 20:51:40,240 #1 Y prev 0.049498 next 0.213160 clip False
2023-02-06 20:51:40,267 #2 Y prev 0.213160 next 0.517036 clip False
2023-02-06 20:51:40,296 #3 Y prev 0.517036 next 1.000000 clip False
2023-02-06 20:51:40,380 #1 Z prev 0.041766 next 0.176474 clip False
2023-02-06 20:51:40,408 #2 Z prev 0.176474 next 0.432458 clip False
2023-02-06 20:51:40,436 #3 Z prev 0.432458 next 0.824900 clip False
2023-02-06 20:51:41,141 cLUT input curve segments: 33
2023-02-06 20:51:41,144 #1 X prev 0.001869 next 0.004935 clip False
2023-02-06 20:51:41,147 #2 X prev 0.004935 next 0.008755 clip False
2023-02-06 20:51:41,151 #3 X prev 0.008755 next 0.013477 clip False
2023-02-06 20:51:41,154 #4 X prev 0.013477 next 0.019706 clip False
2023-02-06 20:51:41,157 #5 X prev 0.019706 next 0.027641 clip False
2023-02-06 20:51:41,161 #6 X prev 0.027641 next 0.036459 clip False
2023-02-06 20:51:41,164 #7 X prev 0.036459 next 0.047933 clip False
2023-02-06 20:51:41,167 #8 X prev 0.047933 next 0.060459 clip False
2023-02-06 20:51:41,171 #9 X prev 0.060459 next 0.075738 clip False
2023-02-06 20:51:41,174 #10 X prev 0.075738 next 0.091775 clip False
2023-02-06 20:51:41,180 #11 X prev 0.091775 next 0.111078 clip False
2023-02-06 20:51:41,184 #12 X prev 0.111078 next 0.131630 clip False
2023-02-06 20:51:41,187 #13 X prev 0.131630 next 0.154251 clip False
2023-02-06 20:51:41,190 #14 X prev 0.154251 next 0.178628 clip False
2023-02-06 20:51:41,194 #15 X prev 0.178628 next 0.205135 clip False
2023-02-06 20:51:41,197 #16 X prev 0.205135 next 0.235357 clip False
2023-02-06 20:51:41,200 #17 X prev 0.235357 next 0.267843 clip False
2023-02-06 20:51:41,204 #18 X prev 0.267843 next 0.301671 clip False
2023-02-06 20:51:41,207 #19 X prev 0.301671 next 0.334535 clip False
2023-02-06 20:51:41,210 #20 X prev 0.334535 next 0.373024 clip False
2023-02-06 20:51:41,213 #21 X prev 0.373024 next 0.414301 clip False
2023-02-06 20:51:41,219 #22 X prev 0.414301 next 0.457688 clip False
2023-02-06 20:51:41,223 #23 X prev 0.457688 next 0.499009 clip False
2023-02-06 20:51:41,226 #24 X prev 0.499009 next 0.546678 clip False
2023-02-06 20:51:41,230 #25 X prev 0.546678 next 0.601868 clip False
2023-02-06 20:51:41,233 #26 X prev 0.601868 next 0.655177 clip False
2023-02-06 20:51:41,236 #27 X prev 0.655177 next 0.714200 clip False
2023-02-06 20:51:41,240 #28 X prev 0.714200 next 0.772096 clip False
2023-02-06 20:51:41,246 #29 X prev 0.772096 next 0.832288 clip False
2023-02-06 20:51:41,247 #30 X prev 0.832288 next 0.901727 clip False
2023-02-06 20:51:41,252 #31 X prev 0.901727 next 0.964200 clip False
2023-02-06 20:51:41,290 #1 Y prev 0.001924 next 0.005063 clip False
2023-02-06 20:51:41,293 #2 Y prev 0.005063 next 0.009058 clip False
2023-02-06 20:51:41,296 #3 Y prev 0.009058 next 0.013981 clip False
2023-02-06 20:51:41,301 #4 Y prev 0.013981 next 0.020395 clip False
2023-02-06 20:51:41,305 #5 Y prev 0.020395 next 0.028562 clip False
2023-02-06 20:51:41,306 #6 Y prev 0.028562 next 0.037830 clip False
2023-02-06 20:51:41,311 #7 Y prev 0.037830 next 0.049498 clip False
2023-02-06 20:51:41,315 #8 Y prev 0.049498 next 0.062694 clip False
2023-02-06 20:51:41,319 #9 Y prev 0.062694 next 0.078056 clip False
2023-02-06 20:51:41,322 #10 Y prev 0.078056 next 0.095134 clip False
2023-02-06 20:51:41,325 #11 Y prev 0.095134 next 0.114912 clip False
2023-02-06 20:51:41,328 #12 Y prev 0.114912 next 0.136425 clip False
2023-02-06 20:51:41,335 #13 Y prev 0.136425 next 0.159882 clip False
2023-02-06 20:51:41,338 #14 Y prev 0.159882 next 0.185682 clip False
2023-02-06 20:51:41,342 #15 Y prev 0.185682 next 0.213160 clip False
2023-02-06 20:51:41,345 #16 Y prev 0.213160 next 0.243716 clip False
2023-02-06 20:51:41,348 #17 Y prev 0.243716 next 0.277318 clip False
2023-02-06 20:51:41,351 #18 Y prev 0.277318 next 0.311553 clip False
2023-02-06 20:51:41,355 #19 Y prev 0.311553 next 0.345464 clip False
2023-02-06 20:51:41,359 #20 Y prev 0.345464 next 0.385101 clip False
2023-02-06 20:51:41,362 #21 Y prev 0.385101 next 0.428210 clip False
2023-02-06 20:51:41,368 #22 Y prev 0.428210 next 0.473727 clip False
2023-02-06 20:51:41,371 #23 Y prev 0.473727 next 0.517036 clip False
2023-02-06 20:51:41,374 #24 Y prev 0.517036 next 0.565247 clip False
2023-02-06 20:51:41,377 #25 Y prev 0.565247 next 0.623319 clip False
2023-02-06 20:51:41,380 #26 Y prev 0.623319 next 0.679025 clip False
2023-02-06 20:51:41,384 #27 Y prev 0.679025 next 0.740469 clip False
2023-02-06 20:51:41,388 #28 Y prev 0.740469 next 0.799842 clip False
2023-02-06 20:51:41,391 #29 Y prev 0.799842 next 0.863212 clip False
2023-02-06 20:51:41,394 #30 Y prev 0.863212 next 0.934058 clip False
2023-02-06 20:51:41,398 #31 Y prev 0.934058 next 1.000000 clip False
2023-02-06 20:51:41,436 #1 Z prev 0.001930 next 0.005013 clip False
2023-02-06 20:51:41,438 #2 Z prev 0.005013 next 0.008278 clip False
2023-02-06 20:51:41,443 #3 Z prev 0.008278 next 0.012543 clip False
2023-02-06 20:51:41,446 #4 Z prev 0.012543 next 0.017872 clip False
2023-02-06 20:51:41,448 #5 Z prev 0.017872 next 0.024711 clip False
2023-02-06 20:51:41,451 #6 Z prev 0.024711 next 0.031780 clip False
2023-02-06 20:51:41,456 #7 Z prev 0.031780 next 0.041766 clip False
2023-02-06 20:51:41,460 #8 Z prev 0.041766 next 0.052156 clip False
2023-02-06 20:51:41,463 #9 Z prev 0.052156 next 0.065420 clip False
2023-02-06 20:51:41,467 #10 Z prev 0.065420 next 0.078469 clip False
2023-02-06 20:51:41,470 #11 Z prev 0.078469 next 0.094592 clip False
2023-02-06 20:51:41,473 #12 Z prev 0.094592 next 0.112012 clip False
2023-02-06 20:51:41,477 #13 Z prev 0.112012 next 0.131462 clip False
2023-02-06 20:51:41,480 #14 Z prev 0.131462 next 0.152721 clip False
2023-02-06 20:51:41,484 #15 Z prev 0.152721 next 0.176474 clip False
2023-02-06 20:51:41,487 #16 Z prev 0.176474 next 0.203427 clip False
2023-02-06 20:51:41,492 #17 Z prev 0.203427 next 0.229988 clip False
2023-02-06 20:51:41,494 #18 Z prev 0.229988 next 0.259935 clip False
2023-02-06 20:51:41,499 #19 Z prev 0.259935 next 0.288817 clip False
2023-02-06 20:51:41,503 #20 Z prev 0.288817 next 0.321020 clip False
2023-02-06 20:51:41,506 #21 Z prev 0.321020 next 0.357428 clip False
2023-02-06 20:51:41,510 #22 Z prev 0.357428 next 0.393154 clip False
2023-02-06 20:51:41,513 #23 Z prev 0.393154 next 0.432458 clip False
2023-02-06 20:51:41,519 #24 Z prev 0.432458 next 0.473909 clip False
2023-02-06 20:51:41,523 #25 Z prev 0.473909 next 0.520228 clip False
2023-02-06 20:51:41,526 #26 Z prev 0.520228 next 0.561494 clip False
2023-02-06 20:51:41,529 #27 Z prev 0.561494 next 0.611669 clip False
2023-02-06 20:51:41,532 #28 Z prev 0.611669 next 0.663499 clip False
2023-02-06 20:51:41,536 #29 Z prev 0.663499 next 0.716804 clip False
2023-02-06 20:51:41,540 #30 Z prev 0.716804 next 0.777780 clip False
2023-02-06 20:51:41,543 #31 Z prev 0.777780 next 0.824900 clip False
2023-02-06 20:51:41,700 Final interpolated cLUT resolution 33x33x33
2023-02-06 20:51:41,709 --------------------------------------------------------------------------------
2023-02-06 20:51:41,709 Creating matrix from primaries
2023-02-06 20:51:41,709 Using chromatic adaptation transform matrix: Bradford
2023-02-06 20:51:41,780 Generating A2B1 by copying A2B0
2023-02-06 20:51:41,834 Making distinct A2B0
2023-02-06 20:51:41,851 Applying black point compensation to A2B0: L*a*b* 0.000000 0.000000 0.000000
2023-02-06 20:51:45,361 --------------------------------------------------------------------------------
2023-02-06 20:51:45,361 Generating B2A1 table by inverting A2B1 table
2023-02-06 20:51:45,361 
2023-02-06 20:51:45,361 Using chromatic adaptation transform matrix: Bradford
2023-02-06 20:51:45,413 Black XYZ: 0.0010 0.0010 0.0008
2023-02-06 20:51:45,413 White XYZ: 0.9642 1.0000 0.8249
2023-02-06 20:51:45,413 R XYZ: 0.3843 0.2049 0.0080
2023-02-06 20:51:45,414 G XYZ: 0.4343 0.7484 0.0855
2023-02-06 20:51:45,414 B XYZ: 0.1477 0.0499 0.7250
2023-02-06 20:51:45,414 Generating input curve PCS values...
2023-02-06 20:51:45,565 Looking up input curve RGB values...
2023-02-06 20:51:45,566 Setting up matrix
2023-02-06 20:51:45,566 Increasing saturation of actual primaries for PCS candidate to 104%...
2023-02-06 20:51:45,568 R xy 0.643551 0.343111 -> 0.655465 0.342494
2023-02-06 20:51:45,568 G xy 0.342429 0.590143 -> 0.342298 0.599408
2023-02-06 20:51:45,568 B xy 0.160085 0.054111 -> 0.152660 0.041934
2023-02-06 20:51:45,569 Checking for suitable PCS candidate...
2023-02-06 20:51:45,569 Skipping PCS candidate based on actual primaries because it does not encompass Rec. 709 blue
2023-02-06 20:51:45,569 Rec709-encompassing, variant 1 fit: 0.89 (area: 75.11%)
2023-02-06 20:51:45,569 Rec709-encompassing, variant 2 fit: 1.02 (area: 77.11%)
2023-02-06 20:51:45,569 Using primaries: Rec709-encompassing, variant 2
2023-02-06 20:51:45,571 Using R XYZ: 0.4618 0.2288 0.0042
2023-02-06 20:51:45,571 Using G XYZ: 0.3674 0.7426 0.0418
2023-02-06 20:51:45,571 Using B XYZ: 0.1351 0.0286 0.7789
2023-02-06 20:51:45,571 R+G+B XYZ: 0.9642 1.0000 0.8249
2023-02-06 20:51:45,572 Correction factors: 1.0000 1.0000 1.0000
2023-02-06 20:51:45,572 Matrix 1:
2023-02-06 20:51:45,572 [2.8579970701638175, -1.3889829581034692, -0.4445360855236803]
2023-02-06 20:51:45,572 [-0.8819531420844907, 1.7781085397967789, 0.08761144357023555]
2023-02-06 20:51:45,572 [0.03179633448567711, -0.087835915813287, 1.2815830889831459]
2023-02-06 20:51:45,572 Matrix 2:
2023-02-06 20:51:45,572 [2.857961019393776, -1.3889654374748661, -0.44453047814627533]
2023-02-06 20:51:45,572 [-0.8819561441519753, 1.7781145922745993, 0.0876117417895552]
2023-02-06 20:51:45,573 [0.031796733370476664, -0.08783701771425262, 1.2815991664342683]
2023-02-06 20:51:45,573 Matrix 3:
2023-02-06 20:51:45,573 [1.999969482421875, 0, 0]
2023-02-06 20:51:45,573 [0, 1.999969482421875, 0]
2023-02-06 20:51:45,575 [0, 0, 1.999969482421875]
2023-02-06 20:51:45,575 Final matrix:
2023-02-06 20:51:45,575 [5.7158348207388645, -2.777888487088481, -0.8890473902989549]
2023-02-06 20:51:45,575 [-1.7638853731384188, 3.5561749207982136, 0.1752208098809357]
2023-02-06 20:51:45,575 [0.06359249638165858, -0.17567135485545488, 2.56315922156585]
2023-02-06 20:51:45,575 Applying matrix to input curve XYZ values...
2023-02-06 20:51:45,584 Generating input curves...
2023-02-06 20:51:48,480 100%
2023-02-06 20:51:48,482 Generating A2B1 table lookup input values...
2023-02-06 20:51:48,482 cLUT grid res: 33
2023-02-06 20:51:48,482 Looking up input values through A2B1 table (12 workers)...
2023-02-06 20:51:48,483 Using CAM Jab for clipping
2023-02-06 20:52:15,312 100%
2023-02-06 20:52:15,312 Input black XYZ: 0.000977 0.001007 0.000824
2023-02-06 20:52:15,312 Input white XYZ: 0.964203 1.000000 0.824890
2023-02-06 20:52:15,335 Output black RGB: 0.0000 0.0000 0.0000
2023-02-06 20:52:15,335 Output white RGB: 100.0000 100.0000 100.0000
2023-02-06 20:52:15,348 Filling cLUT...
2023-02-06 20:52:15,408 100%
2023-02-06 20:52:15,522 Generating output curves...
2023-02-06 20:52:15,861 Setting curve entry #0 (0.000000 0.000000 0.000000) to black because it got clipped
2023-02-06 20:52:15,861 Setting curve entry #1 (0.000000 0.000000 0.000000) to black because it got clipped
2023-02-06 20:52:15,861 Setting curve entry #4095 (1.000000 1.000000 1.000000) to white because it got clipped
2023-02-06 20:52:15,903 Smoothing B2A1...
2023-02-06 20:52:17,342 Generating B2A0 table by inverting A2B0 table
2023-02-06 20:52:17,344 
2023-02-06 20:52:17,344 Using chromatic adaptation transform matrix: Bradford
2023-02-06 20:52:17,395 Black XYZ: 0.0000 0.0000 0.0000
2023-02-06 20:52:17,397 White XYZ: 0.9642 1.0000 0.8249
2023-02-06 20:52:17,397 R XYZ: 0.3835 0.2045 0.0079
2023-02-06 20:52:17,397 G XYZ: 0.4334 0.7469 0.0853
2023-02-06 20:52:17,398 B XYZ: 0.1474 0.0498 0.7235
2023-02-06 20:52:17,398 Generating input curve PCS values...
2023-02-06 20:52:17,536 Looking up input curve RGB values...
2023-02-06 20:52:17,588 R+G+B XYZ: 0.9661 1.0020 0.8266
2023-02-06 20:52:17,589 Correction factors: 0.9980 0.9980 0.9980
2023-02-06 20:52:17,589 Matrix 1:
2023-02-06 20:52:17,589 [2.8588221296190066, -1.3906687876654782, -0.4459088993779176]
2023-02-06 20:52:17,589 [-0.8848652265894346, 1.779603960363072, 0.08676977059286686]
2023-02-06 20:52:17,591 [0.029808800852573657, -0.08822870654797292, 1.281960848268085]
2023-02-06 20:52:17,591 Matrix 2:
2023-02-06 20:52:17,591 [2.8645802547995998, -1.3934698171108424, -0.4468070312466888]
2023-02-06 20:52:17,592 [-0.8866474867342221, 1.783188367475877, 0.08694453879400423]
2023-02-06 20:52:17,592 [0.029868840546898884, -0.08840641327955362, 1.2845429225302327]
2023-02-06 20:52:17,592 Matrix 3:
2023-02-06 20:52:17,592 [1.999969482421875, 0, 0]
2023-02-06 20:52:17,592 [0, 1.999969482421875, 0]
2023-02-06 20:52:17,592 [0, 0, 1.999969482421875]
2023-02-06 20:52:17,592 Final matrix:
2023-02-06 20:52:17,592 [5.729073089547478, -2.7868971088976764, -0.8936004270248947]
2023-02-06 20:52:17,594 [-1.7732679151344986, 3.566322316361438, 0.17388642425125325]
2023-02-06 20:52:17,594 [0.059736769569122876, -0.17681012860948322, 2.5690466439214723]
2023-02-06 20:52:17,594 Applying matrix to input curve XYZ values...
2023-02-06 20:52:17,602 Generating input curves...
2023-02-06 20:52:20,542 100%
2023-02-06 20:52:20,546 --------------------------------------------------------------------------------
2023-02-06 20:52:20,546 Creating shaper tags in separate step
2023-02-06 20:52:20,546 Using chromatic adaptation transform matrix: Bradford
2023-02-06 20:52:20,559 Extracting neutrals from c:\users\123\appdata\local\temp\DisplayCAL-csu8xi\G1618-04 #1 2023-02-06 20-42 D7500 sRGB F-S XYZLUT+MTX.ti3
2023-02-06 20:52:20,571 NUMBER_OF_FIELDS 7
2023-02-06 20:52:20,571 BEGIN_DATA_FORMAT
2023-02-06 20:52:20,571 SAMPLE_ID RGB_R RGB_G RGB_B XYZ_X XYZ_Y XYZ_Z
2023-02-06 20:52:20,571 END_DATA_FORMAT
2023-02-06 20:52:20,571 
2023-02-06 20:52:20,571 NUMBER_OF_SETS 52
2023-02-06 20:52:20,571 BEGIN_DATA
2023-02-06 20:52:20,571 1 0.000000 0.000000 0.000000 0.096406 0.101731 0.124754
2023-02-06 20:52:20,571 2 1.960800 1.960800 1.960800 0.184118 0.190818 0.274135
2023-02-06 20:52:20,571 3 3.921600 3.921600 3.921600 0.366529 0.384948 0.512565
2023-02-06 20:52:20,571 4 5.882400 5.882400 5.882400 0.555352 0.567698 0.844899
2023-02-06 20:52:20,571 5 7.843100 7.843100 7.843100 0.739918 0.783807 1.052584
2023-02-06 20:52:20,571 6 9.803900 9.803900 9.803900 1.034845 1.078901 1.446815
2023-02-06 20:52:20,571 7 11.76500 11.76500 11.76500 1.329339 1.381570 1.873232
2023-02-06 20:52:20,571 8 13.72600 13.72600 13.72600 1.604447 1.709022 2.197960
2023-02-06 20:52:20,571 9 15.68600 15.68600 15.68600 2.063498 2.155219 2.821939
2023-02-06 20:52:20,571 10 17.64700 17.64700 17.64700 2.529311 2.664872 3.374131
2023-02-06 20:52:20,571 11 19.60800 19.60800 19.60800 3.060553 3.196019 4.154419
2023-02-06 20:52:20,571 12 21.56900 21.56900 21.56900 3.579549 3.791649 4.694606
2023-02-06 20:52:20,571 13 23.52900 23.52900 23.52900 4.207273 4.412114 5.513304
2023-02-06 20:52:20,571 14 25.49000 25.49000 25.49000 5.042039 5.287313 6.656395
2023-02-06 20:52:20,571 15 27.45100 27.45100 27.45100 5.760377 6.094441 7.517421
2023-02-06 20:52:20,572 16 29.41200 29.41200 29.41200 6.576223 6.910077 8.552373
2023-02-06 20:52:20,572 17 31.37300 31.37300 31.37300 7.642352 7.989452 10.00083
2023-02-06 20:52:20,572 18 33.33300 33.33300 33.33300 8.556053 9.018772 11.10609
2023-02-06 20:52:20,572 19 35.29400 35.29400 35.29400 9.605648 10.13747 12.38336
2023-02-06 20:52:20,572 20 37.25500 37.25500 37.25500 10.87903 11.42795 14.06659
2023-02-06 20:52:20,572 21 39.21600 39.21600 39.21600 12.05069 12.73817 15.39738
2023-02-06 20:52:20,572 22 41.17600 41.17600 41.17600 13.40254 14.12223 17.33575
2023-02-06 20:52:20,572 23 43.13700 43.13700 43.13700 14.84186 15.63398 19.12304
2023-02-06 20:52:20,572 24 45.09800 45.09800 45.09800 16.16687 17.08841 20.86102
2023-02-06 20:52:20,572 25 47.05900 47.05900 47.05900 17.79863 18.82526 23.05699
2023-02-06 20:52:20,572 26 49.02000 49.02000 49.02000 19.44467 20.59940 25.05023
2023-02-06 20:52:20,572 27 50.98000 50.98000 50.98000 21.06551 22.21940 27.64973
2023-02-06 20:52:20,572 28 52.94100 52.94100 52.94100 23.08650 24.29501 30.20129
2023-02-06 20:52:20,572 29 54.90200 54.90200 54.90200 24.95690 26.28924 32.39855
2023-02-06 20:52:20,572 30 56.86300 56.86300 56.86300 27.07506 28.51876 35.15578
2023-02-06 20:52:20,572 31 58.82400 58.82400 58.82400 29.29552 30.77686 38.06352
2023-02-06 20:52:20,572 32 60.78400 60.78400 60.78400 31.04461 32.56566 40.61383
2023-02-06 20:52:20,572 33 62.74500 62.74500 62.74500 33.23429 34.92538 43.32233
2023-02-06 20:52:20,572 34 64.70600 64.70600 64.70600 35.64753 37.33438 46.53451
2023-02-06 20:52:20,572 35 66.66700 66.66700 66.66700 38.01793 40.00696 49.29876
2023-02-06 20:52:20,572 36 68.62700 68.62700 68.62700 40.64759 42.70455 53.07364
2023-02-06 20:52:20,572 37 70.58800 70.58800 70.58800 43.33204 45.54873 56.49553
2023-02-06 20:52:20,572 38 72.54900 72.54900 72.54900 45.99499 48.46046 59.56413
2023-02-06 20:52:20,572 39 74.51000 74.51000 74.51000 48.45859 51.13348 63.24146
2023-02-06 20:52:20,572 40 76.47100 76.47100 76.47100 51.19916 53.78323 67.57111
2023-02-06 20:52:20,572 41 78.43100 78.43100 78.43100 54.26421 57.04258 70.94432
2023-02-06 20:52:20,572 42 80.39200 80.39200 80.39200 57.90692 60.90303 75.43932
2023-02-06 20:52:20,572 43 82.35300 82.35300 82.35300 61.02337 64.34429 79.93642
2023-02-06 20:52:20,572 44 84.31400 84.31400 84.31400 64.25780 67.73936 83.25809
2023-02-06 20:52:20,572 45 86.27500 86.27500 86.27500 67.97821 71.70728 87.60165
2023-02-06 20:52:20,572 46 88.23500 88.23500 88.23500 71.60649 75.54242 93.01216
2023-02-06 20:52:20,572 47 90.19600 90.19600 90.19600 75.09666 79.05404 97.85643
2023-02-06 20:52:20,572 48 92.15700 92.15700 92.15700 78.88298 83.22319 102.0520
2023-02-06 20:52:20,572 49 94.11800 94.11800 94.11800 82.39335 86.95805 107.3101
2023-02-06 20:52:20,572 50 96.07800 96.07800 96.07800 87.11688 91.70514 114.1423
2023-02-06 20:52:20,572 51 98.03900 98.03900 98.03900 91.00163 95.92814 118.1331
2023-02-06 20:52:20,572 52 100.0000 100.0000 100.0000 94.76558 100.0000 122.6315
2023-02-06 20:52:20,572 END_DATA
2023-02-06 20:52:20,572 --------------------------------------------------------------------------------
2023-02-06 20:52:20,884 Black relative luminance = 0.001017
2023-02-06 20:52:20,884 Black output offset = 1.00
2023-02-06 20:52:20,884 Calibration overall transfer function ≈ sRGB (Δ 0.00%)
2023-02-06 20:52:20,921 Transfer function R ≈ sRGB (Δ 1.19%)
2023-02-06 20:52:20,921 Got good match (+-2%)
2023-02-06 20:52:20,921 Using calibration transfer function
2023-02-06 20:52:20,957 Transfer function G ≈ sRGB (Δ 1.19%)
2023-02-06 20:52:20,957 Got good match (+-2%)
2023-02-06 20:52:20,957 Using calibration transfer function
2023-02-06 20:52:20,994 Transfer function B ≈ sRGB (Δ 1.19%)
2023-02-06 20:52:20,996 Got good match (+-2%)
2023-02-06 20:52:20,996 Using calibration transfer function
2023-02-06 20:52:21,026 Using transfer function for R: sRGB
2023-02-06 20:52:21,059 Using transfer function for G: sRGB
2023-02-06 20:52:21,089 Using transfer function for B: sRGB
2023-02-06 20:52:21,091 Adding rTRC from interpolation to G1618-04 #1 2023-02-06 20-42 D7500 sRGB F-S XYZLUT+MTX
2023-02-06 20:52:21,091 Adding gTRC from interpolation to G1618-04 #1 2023-02-06 20-42 D7500 sRGB F-S XYZLUT+MTX
2023-02-06 20:52:21,091 Adding bTRC from interpolation to G1618-04 #1 2023-02-06 20-42 D7500 sRGB F-S XYZLUT+MTX
2023-02-06 20:52:21,374 --------------------------------------------------------------------------------
2023-02-06 20:52:21,375 工作目录：
2023-02-06 20:52:21,375   c:\
2023-02-06 20:52:21,375    users\
2023-02-06 20:52:21,375     123\
2023-02-06 20:52:21,375      appdata\
2023-02-06 20:52:21,375       local\
2023-02-06 20:52:21,375        temp\
2023-02-06 20:52:21,375         DisplayCAL-csu8xi\
2023-02-06 20:52:21,375 
2023-02-06 20:52:21,375 命令行：
2023-02-06 20:52:21,375   C:\Users\123\AppData\Roaming\DisplayCAL\dl\Argyll_V2.1.2\bin\profcheck.exe
2023-02-06 20:52:21,375     "G1618-04 #1 2023-02-06 20-42 D7500 sRGB F-S XYZLUT+MTX.ti3"
2023-02-06 20:52:21,377     "G1618-04 #1 2023-02-06 20-42 D7500 sRGB F-S XYZLUT+MTX.icm"
2023-02-06 20:52:21,377 
2023-02-06 20:52:21,392 Profile check complete, errors: max. = 2.885162, avg. = 0.107454, RMS = 0.319938
2023-02-06 20:52:21,392 profcheck exitcode: 0
2023-02-06 20:52:21,394 --------------------------------------------------------------------------------
2023-02-06 20:52:21,394 生成色域视图...
2023-02-06 20:52:22,145 --------------------------------------------------------------------------------
2023-02-06 20:52:22,148 工作目录：
2023-02-06 20:52:22,148   c:\
2023-02-06 20:52:22,148    users\
2023-02-06 20:52:22,148     123\
2023-02-06 20:52:22,148      appdata\
2023-02-06 20:52:22,148       local\
2023-02-06 20:52:22,148        temp\
2023-02-06 20:52:22,150         DisplayCAL-csu8xi\
2023-02-06 20:52:22,150 
2023-02-06 20:52:22,150 命令行：
2023-02-06 20:52:22,150   C:\Users\123\AppData\Roaming\DisplayCAL\dl\Argyll_V2.1.2\bin\iccgamut.exe
2023-02-06 20:52:22,150     -v
2023-02-06 20:52:22,150     -w
2023-02-06 20:52:22,151     -ir
2023-02-06 20:52:22,151     -ff
2023-02-06 20:52:22,151     -on
2023-02-06 20:52:22,151     -d10.00
2023-02-06 20:52:22,151     "G1618-04 #1 2023-02-06 20-42 D7500 sRGB F-S XYZLUT+MTX.icm"
2023-02-06 20:52:22,151 
2023-02-06 20:52:22,609 Header:
2023-02-06 20:52:22,609   size         = 942452 bytes
2023-02-06 20:52:22,609   CMM          = 'argl'
2023-02-06 20:52:22,609   Version      = 2.2.0
2023-02-06 20:52:22,609   Device Class = Display
2023-02-06 20:52:22,609   Color Space  = RGB
2023-02-06 20:52:22,609   Conn. Space  = XYZ
2023-02-06 20:52:22,609   Date, Time   = 6 Feb 2023, 20:51:39
2023-02-06 20:52:22,609   Platform     = Microsoft
2023-02-06 20:52:22,609   Flags        = Not Embedded Profile, Use anywhere
2023-02-06 20:52:22,609   Dev. Mnfctr. = 0x0
2023-02-06 20:52:22,609   Dev. Model   = 0x0
2023-02-06 20:52:22,609   Dev. Attrbts = Reflective, Glossy, Positive, Color
2023-02-06 20:52:22,609   Rndrng Intnt = Perceptual
2023-02-06 20:52:22,609   Illuminant   = 0.96420288, 1.00000000, 0.82490540    [Lab 100.000000, 0.000000, 0.000000]
2023-02-06 20:52:22,609   Creator      = 'DCAL'
2023-02-06 20:52:22,609 
2023-02-06 20:52:22,609 Total volume of gamut is 764925.599153 cubic colorspace units
2023-02-06 20:52:22,609 iccgamut exitcode: 0
2023-02-06 20:52:23,676 --------------------------------------------------------------------------------
2023-02-06 20:52:23,677 命令行：
2023-02-06 20:52:23,677   C:\Users\123\AppData\Roaming\DisplayCAL\dl\Argyll_V2.1.2\bin\viewgam.exe
2023-02-06 20:52:23,677     -cw
2023-02-06 20:52:23,677     -t0
2023-02-06 20:52:23,677     -w
2023-02-06 20:52:23,677     "C:\Program Files (x86)\DisplayCAL\ref\sRGB.gam"
2023-02-06 20:52:23,678     -cn
2023-02-06 20:52:23,678     -t.3
2023-02-06 20:52:23,678     -s
2023-02-06 20:52:23,678     "G1618-04 #1 2023-02-06 20-42 D7500 sRGB F-S XYZLUT+MTX.gam"
2023-02-06 20:52:23,678     -i
2023-02-06 20:52:23,680     "G1618-04 #1 2023-02-06 20-42 D7500 sRGB F-S XYZLUT+MTX vs sRGB.wrl"
2023-02-06 20:52:23,680 
2023-02-06 20:52:23,680 Intersecting volume = 723379.3 cubic units
2023-02-06 20:52:23,680 'C:\Program Files (x86)\DisplayCAL\ref\sRGB.gam' volume = 833675.1 cubic units, intersect = 86.77%
2023-02-06 20:52:23,680 'G1618-04 #1 2023-02-06 20-42 D7500 sRGB F-S XYZLUT+MTX.gam' volume = 764925.6 cubic units, intersect = 94.57%
2023-02-06 20:52:23,757 --------------------------------------------------------------------------------
2023-02-06 20:52:23,759 命令行：
2023-02-06 20:52:23,759   C:\Users\123\AppData\Roaming\DisplayCAL\dl\Argyll_V2.1.2\bin\viewgam.exe
2023-02-06 20:52:23,759     -cw
2023-02-06 20:52:23,759     -t0
2023-02-06 20:52:23,759     -w
2023-02-06 20:52:23,760     "C:\Program Files (x86)\DisplayCAL\ref\ClayRGB1998.gam"
2023-02-06 20:52:23,760     -cn
2023-02-06 20:52:23,760     -t.3
2023-02-06 20:52:23,760     -s
2023-02-06 20:52:23,760     "G1618-04 #1 2023-02-06 20-42 D7500 sRGB F-S XYZLUT+MTX.gam"
2023-02-06 20:52:23,760     -i
2023-02-06 20:52:23,762     "G1618-04 #1 2023-02-06 20-42 D7500 sRGB F-S XYZLUT+MTX vs ClayRGB1998.wrl"
2023-02-06 20:52:23,762 
2023-02-06 20:52:23,762 Intersecting volume = 745886.4 cubic units
2023-02-06 20:52:23,762 'C:\Program Files (x86)\DisplayCAL\ref\ClayRGB1998.gam' volume = 1209985.9 cubic units, intersect = 61.64%
2023-02-06 20:52:23,762 'G1618-04 #1 2023-02-06 20-42 D7500 sRGB F-S XYZLUT+MTX.gam' volume = 764925.6 cubic units, intersect = 97.51%
2023-02-06 20:52:23,762 --------------------------------------------------------------------------------
2023-02-06 20:52:23,762 命令行：
2023-02-06 20:52:23,763   C:\Users\123\AppData\Roaming\DisplayCAL\dl\Argyll_V2.1.2\bin\viewgam.exe
2023-02-06 20:52:23,763     -cw
2023-02-06 20:52:23,763     -t0
2023-02-06 20:52:23,763     -w
2023-02-06 20:52:23,763     "C:\Program Files (x86)\DisplayCAL\ref\SMPTE431_P3.gam"
2023-02-06 20:52:23,763     -cn
2023-02-06 20:52:23,763     -t.3
2023-02-06 20:52:23,763     -s
2023-02-06 20:52:23,763     "G1618-04 #1 2023-02-06 20-42 D7500 sRGB F-S XYZLUT+MTX.gam"
2023-02-06 20:52:23,763     -i
2023-02-06 20:52:23,763     "G1618-04 #1 2023-02-06 20-42 D7500 sRGB F-S XYZLUT+MTX vs SMPTE431_P3.wrl"
2023-02-06 20:52:23,765 
2023-02-06 20:52:23,765 Intersecting volume = 758166.0 cubic units
2023-02-06 20:52:23,765 'C:\Program Files (x86)\DisplayCAL\ref\SMPTE431_P3.gam' volume = 1176953.5 cubic units, intersect = 64.42%
2023-02-06 20:52:23,765 'G1618-04 #1 2023-02-06 20-42 D7500 sRGB F-S XYZLUT+MTX.gam' volume = 764925.6 cubic units, intersect = 99.12%
2023-02-06 20:52:23,901 --------------------------------------------------------------------------------
