2023-02-06 22:53:32,510 --------------------------------------------------------------------------------
2023-02-06 22:53:32,512 工作目录：
2023-02-06 22:53:32,512   c:\
2023-02-06 22:53:32,513    users\
2023-02-06 22:53:32,513     123\
2023-02-06 22:53:32,513      appdata\
2023-02-06 22:53:32,513       local\
2023-02-06 22:53:32,515        temp\
2023-02-06 22:53:32,515         DisplayCAL-ww4s9k\
2023-02-06 22:53:32,515 
2023-02-06 22:53:32,515 命令行：
2023-02-06 22:53:32,516   C:\Users\123\AppData\Roaming\DisplayCAL\dl\Argyll_V2.1.2\bin\dispcal.exe
2023-02-06 22:53:32,516     -v2
2023-02-06 22:53:32,516     -d1
2023-02-06 22:53:32,516     -c1
2023-02-06 22:53:32,516     -yn
2023-02-06 22:53:32,516     "-P0.998171846435,0.5,0.943642611684"
2023-02-06 22:53:32,519     -ql
2023-02-06 22:53:32,519     -t8000
2023-02-06 22:53:32,519     -gs
2023-02-06 22:53:32,519     -f1.0
2023-02-06 22:53:32,519     -k0
2023-02-06 22:53:32,520     -A4.0
2023-02-06 22:53:32,520     -b
2023-02-06 22:53:32,520     "G1618-04 #1 2023-02-06 22-52 D8000 sRGB F-S XYZLUT+MTX"
2023-02-06 22:53:32,522 
2023-02-06 22:53:32,911 DisplayCAL: Starting interaction with subprocess
2023-02-06 22:53:32,915 Setting up the instrument
2023-02-06 22:53:33,878 Product Name:      i1Display3
2023-02-06 22:53:33,880 Serial Number:     I1-16.B-02.248530.06
2023-02-06 22:53:33,880 Firmware Version:  v2.28
2023-02-06 22:53:33,880 Firmware Date:     29Jan14
2023-02-06 22:53:34,194 Place instrument on test window.
2023-02-06 22:53:34,196 DisplayCAL: Waiting for send buffer
2023-02-06 22:53:34,196 DisplayCAL: Detected instrument placement (screen/spot) message
2023-02-06 22:53:35,716 DisplayCAL: Skipping place instrument on screen message...
2023-02-06 22:53:35,765 DisplayCAL: Sending buffer: ' '
2023-02-06 22:53:35,767 Hit Esc or Q to give up, any other key to continue:
2023-02-06 22:53:35,769 Display type is 'n'
2023-02-06 22:53:35,769 Target white = 8000.000000 degrees kelvin Daylight spectrum
2023-02-06 22:53:35,769 Target white brightness = native brightness
2023-02-06 22:53:35,769 Target black brightness = native brightness
2023-02-06 22:53:35,773 Black point device hack is enabled
2023-02-06 22:53:35,773 Target gamma = sRGB curve
2023-02-06 22:53:35,775 
2023-02-06 22:53:35,775 Display adjustment menu:
2023-02-06 22:53:35,776 Press 1 .. 7
2023-02-06 22:53:35,776 1) Black level (CRT: Offset/Brightness)
2023-02-06 22:53:35,776 2) White point (Color temperature, R,G,B, Gain/Contrast)
2023-02-06 22:53:35,778 3) White level (CRT: Gain/Contrast, LCD: Brightness/Backlight)
2023-02-06 22:53:35,778 4) Black point (R,G,B, Offset/Brightness)
2023-02-06 22:53:35,779 5) Check all
2023-02-06 22:53:35,779 6) Measure and set ambient for viewing condition adjustment
2023-02-06 22:53:35,779 7) Continue on to calibration
2023-02-06 22:53:35,779 8) Exit
2023-02-06 22:53:35,782 DisplayCAL: Waiting for send buffer
2023-02-06 22:53:47,674 DisplayCAL: Sending buffer: '7'
2023-02-06 22:53:47,678 Commencing display calibration
2023-02-06 22:53:50,295 Measured display update delay of 102 msec, using delay of 236 msec & 0 msec inst reaction
2023-02-06 22:54:03,207 Patch 9 of 9
2023-02-06 22:54:03,207 Black = XYZ 0.4156 0.3714 0.9891
2023-02-06 22:54:03,209 Red   = XYZ 123.563 67.248  4.633
2023-02-06 22:54:03,210 Green = XYZ 142.120 271.227 42.207
2023-02-06 22:54:03,210 Blue  = XYZ 100.899 33.139 536.334
2023-02-06 22:54:03,210 White = XYZ 369.284 374.211 587.651
2023-02-06 22:55:10,460 Patch 48 of 48
2023-02-06 22:55:11,440 
2023-02-06 22:55:11,443 Initial native brightness target = 374.211442 cd/m^2
2023-02-06 22:55:11,446 Had to scale brightness from 374.211442 to 361.751623 to fit within gamut,
2023-02-06 22:55:11,447 corresponding to aprox. RGB 1.000000 0.992036 0.897415
2023-02-06 22:55:11,447 Target white value is XYZ 343.676488 361.751623 464.394590 [xy 0.293785 0.309236]
2023-02-06 22:55:11,447 Adjusted target black XYZ 0.4156 0.3714 0.9891, Lab 0.927 0.710 -1.718
2023-02-06 22:55:11,448 Target black after min adjust: XYZ 0.4156 0.3714 0.9891, Lab 0.927 0.710 -1.718
2023-02-06 22:55:11,448 Gamma curve input offset = 0.000000, output offset = 0.001027, power = 0.000000
2023-02-06 22:55:11,448 Total Iteration 2, Final Samples = 32 Final Repeat threshold = 0.900000
2023-02-06 22:55:11,450 Creating initial calibration curves...
2023-02-06 22:55:12,381 
2023-02-06 22:55:12,381 Doing iteration 1/2 with 16 sample points and repeat threshold of 1.272792 DE
2023-02-06 22:55:12,937 Patch 1 of 16 DE 1.414799, W.DE 1.414799, Repeat
2023-02-06 22:55:13,434 Patch 1 of 16 DE 0.503787, W.DE 0.503787, OK ( < 1.272792)
2023-02-06 22:55:14,009 Patch 2 of 16 DE 1.797448, W.DE 1.797448, Repeat
2023-02-06 22:55:14,582 Patch 2 of 16 DE 0.671464, W.DE 0.671464, OK ( < 1.272792)
2023-02-06 22:55:15,160 Patch 3 of 16 DE 2.394500, W.DE 2.394500, Repeat
2023-02-06 22:55:15,750 Patch 3 of 16 DE 0.441546, W.DE 0.441546, OK ( < 1.272792)
2023-02-06 22:55:16,312 Patch 4 of 16 DE 1.228500, W.DE 1.228500, OK ( < 1.272792)
2023-02-06 22:55:16,888 Patch 5 of 16 DE 0.668654, W.DE 0.668654, OK ( < 1.272792)
2023-02-06 22:55:17,463 Patch 6 of 16 DE 1.603733, W.DE 1.603733, Repeat
2023-02-06 22:55:18,065 Patch 6 of 16 DE 0.817450, W.DE 0.817450, OK ( < 1.272792)
2023-02-06 22:55:18,642 Patch 7 of 16 DE 1.330625, W.DE 1.330625, Repeat
2023-02-06 22:55:19,232 Patch 7 of 16 DE 0.688726, W.DE 0.688726, OK ( < 1.272792)
2023-02-06 22:55:19,796 Patch 8 of 16 DE 1.678435, W.DE 1.678435, Repeat
2023-02-06 22:55:22,309 Patch 8 of 16 DE 1.678435, W.DE 1.678435, Repeat
2023-02-06 22:55:22,854 Patch 8 of 16 DE 1.835197, W.DE 1.835197, Repeat
2023-02-06 22:55:23,368 Patch 8 of 16 DE 1.403976, W.DE 1.403976, Repeat
2023-02-06 22:55:23,895 Patch 8 of 16 DE 1.717882, W.DE 1.717882, Repeat (got worse)
2023-02-06 22:55:24,378 Patch 8 of 16 DE 1.403976, W.DE 1.403976, Repeat
2023-02-06 22:55:24,891 Patch 8 of 16 DE 1.854283, W.DE 1.854283, Repeat (got worse)
2023-02-06 22:55:25,375 Patch 8 of 16 DE 0.727956, W.DE 0.727956, OK ( < 1.272792)
2023-02-06 22:55:26,171 Patch 9 of 16 DE 1.571705, W.DE 1.571705, Repeat
2023-02-06 22:55:29,305 Patch 9 of 16 DE 1.378185, W.DE 1.378185, Repeat
2023-02-06 22:55:30,079 Patch 9 of 16 DE 0.369081, W.DE 0.369081, OK ( < 1.272792)
2023-02-06 22:55:30,911 Patch 10 of 16 DE 2.479653, W.DE 2.479653, Repeat
2023-02-06 22:55:31,773 Patch 10 of 16 DE 1.052062, W.DE 1.052062, OK ( < 1.272792)
2023-02-06 22:55:32,694 Patch 11 of 16 DE 2.211568, W.DE 2.211568, Repeat
2023-02-06 22:55:33,632 Patch 11 of 16 DE 0.262055, W.DE 0.262055, OK ( < 1.272792)
2023-02-06 22:55:34,719 Patch 12 of 16 DE 3.049144, W.DE 3.049144, Repeat
2023-02-06 22:55:35,763 Patch 12 of 16 DE 1.460460, W.DE 1.460460, Repeat
2023-02-06 22:55:36,736 Patch 12 of 16 DE 0.273806, W.DE 0.273806, OK ( < 1.272792)
2023-02-06 22:55:38,124 Patch 13 of 16 DE 2.343536, W.DE 2.343536, Repeat
2023-02-06 22:55:39,532 Patch 13 of 16 DE 1.416521, W.DE 1.416521, Repeat
2023-02-06 22:55:40,696 Patch 13 of 16 DE 0.656465, W.DE 0.656465, OK ( < 1.272792)
2023-02-06 22:55:42,450 Patch 14 of 16 DE 1.711858, W.DE 1.711858, Repeat
2023-02-06 22:55:44,017 Patch 14 of 16 DE 0.234984, W.DE 0.234984, OK ( < 1.272792)
2023-02-06 22:55:45,859 Patch 15 of 16 DE 0.678905, W.DE 0.678905, OK ( < 1.272792)
2023-02-06 22:55:47,783 Patch 16 of 16 DE 0.021484, W.DE 21.483517, Repeat
2023-02-06 22:55:55,671 Patch 16 of 16 DE 0.021387, W.DE 21.386970, Repeat
2023-02-06 22:55:57,618 Patch 16 of 16 DE 0.020851, W.DE 20.850989, Repeat
2023-02-06 22:55:59,480 Patch 16 of 16 DE 0.020917, W.DE 20.916522, Repeat (got worse)
2023-02-06 22:56:01,329 Patch 16 of 16 DE 0.020841, W.DE 20.840726, Repeat
2023-02-06 22:56:03,181 Patch 16 of 16 DE 0.017634, W.DE 17.633979, Repeat
2023-02-06 22:56:05,049 Patch 16 of 16 DE 0.017858, W.DE 17.857644, Repeat (got worse)
2023-02-06 22:56:06,914 Patch 16 of 16 DE 0.017839, W.DE 17.838938, Repeat (got worse)
2023-02-06 22:56:08,782 Patch 16 of 16 DE 0.018027, W.DE 18.026546, Repeat (got worse)
2023-02-06 22:56:10,651 Patch 16 of 16 DE 0.017634, W.DE 17.633979, Fail ( > 1.272792)
2023-02-06 22:56:10,651 
2023-02-06 22:56:10,651 Brightness error = -0.324869 cd/m^2 (is 361.426754, should be 361.751623)
2023-02-06 22:56:10,651 White point error = 0.502739 deltaE
2023-02-06 22:56:10,653 Maximum neutral error (@ 0.699752) = 1.228876 deltaE
2023-02-06 22:56:10,654 Average neutral error = 0.584146 deltaE
2023-02-06 22:56:10,654 Failed to meet target 1.272792 delta E, got worst case 17.633979
2023-02-06 22:56:10,654 Number of measurements taken = 55
2023-02-06 22:56:10,655 Computing update to calibration curves...
2023-02-06 22:56:11,381 
2023-02-06 22:56:11,381 Doing iteration 2/2 with 32 sample points and repeat threshold of 0.900000 DE
2023-02-06 22:56:12,124 Patch 1 of 32 DE 0.428570, W.DE 0.428570, W.peqDE 0.428570, OK ( < 0.900000)
2023-02-06 22:56:12,681 Patch 2 of 32 DE 0.694194, W.DE 0.694194, W.peqDE 0.865817, OK ( < 0.900000)
2023-02-06 22:56:13,240 Patch 3 of 32 DE 1.159348, W.DE 1.159348, peqDE 0.761329, Repeat
2023-02-06 22:56:15,621 Patch 3 of 32 DE 1.159348, W.DE 1.159348, peqDE 0.761329, Repeat
2023-02-06 22:56:16,243 Patch 3 of 32 DE 0.511706, W.DE 0.511706, W.peqDE 0.863921, OK ( < 0.900000)
2023-02-06 22:56:16,802 Patch 4 of 32 DE 1.052683, W.DE 1.052683, peqDE 1.372341, Repeat
2023-02-06 22:56:17,345 Patch 4 of 32 DE 0.233095, W.DE 0.233095, W.peqDE 0.536783, OK ( < 0.900000)
2023-02-06 22:56:17,901 Patch 5 of 32 DE 0.441457, W.DE 0.441457, W.peqDE 0.516336, OK ( < 0.900000)
2023-02-06 22:56:18,459 Patch 6 of 32 DE 0.775168, W.DE 0.775168, W.peqDE 0.731032, OK ( < 0.900000)
2023-02-06 22:56:19,020 Patch 7 of 32 DE 1.045197, W.DE 1.045197, peqDE 0.926001, Repeat
2023-02-06 22:56:19,595 Patch 7 of 32 DE 0.284399, W.DE 0.284399, W.peqDE 0.200852, OK ( < 0.900000)
2023-02-06 22:56:20,141 Patch 8 of 32 DE 1.800583, W.DE 1.800583, peqDE 1.691547, Repeat
2023-02-06 22:56:20,730 Patch 8 of 32 DE 0.881042, W.DE 0.881042, peqDE 0.980539, Repeat
2023-02-06 22:56:23,095 Patch 8 of 32 DE 0.881042, W.DE 0.881042, peqDE 0.980539, Repeat
2023-02-06 22:56:23,720 Patch 8 of 32 DE 0.957695, W.DE 0.957695, peqDE 0.938535, Repeat (got worse)
2023-02-06 22:56:24,201 Patch 8 of 32 DE 0.151885, W.DE 0.151885, W.peqDE 0.339154, OK ( < 0.900000)
2023-02-06 22:56:24,762 Patch 9 of 32 DE 2.206419, W.DE 2.206419, peqDE 2.100498, Repeat
2023-02-06 22:56:25,354 Patch 9 of 32 DE 0.929346, W.DE 0.929346, peqDE 1.065564, Repeat
2023-02-06 22:56:27,691 Patch 9 of 32 DE 0.891849, W.DE 0.891849, peqDE 1.018368, Repeat
2023-02-06 22:56:28,326 Patch 9 of 32 DE 0.722617, W.DE 0.722617, W.peqDE 0.618801, OK ( < 0.900000)
2023-02-06 22:56:28,871 Patch 10 of 32 DE 0.755624, W.DE 0.755624, peqDE 1.085930, Repeat
2023-02-06 22:56:29,430 Patch 10 of 32 DE 0.168229, W.DE 0.168229, W.peqDE 0.449492, OK ( < 0.900000)
2023-02-06 22:56:29,973 Patch 11 of 32 DE 0.951497, W.DE 0.951497, peqDE 1.051713, Repeat
2023-02-06 22:56:30,503 Patch 11 of 32 DE 0.482294, W.DE 0.482294, W.peqDE 0.489009, OK ( < 0.900000)
2023-02-06 22:56:31,046 Patch 12 of 32 DE 0.266139, W.DE 0.266139, W.peqDE 0.726251, OK ( < 0.900000)
2023-02-06 22:56:31,592 Patch 13 of 32 DE 1.088512, W.DE 1.088512, peqDE 1.275799, Repeat
2023-02-06 22:56:34,049 Patch 13 of 32 DE 1.088512, W.DE 1.088512, peqDE 1.275799, Repeat
2023-02-06 22:56:34,592 Patch 13 of 32 DE 2.161049, W.DE 2.161049, peqDE 1.954930, Repeat (got worse)
2023-02-06 22:56:35,091 Patch 13 of 32 DE 1.404736, W.DE 1.404736, peqDE 1.603917, Repeat
2023-02-06 22:56:35,589 Patch 13 of 32 DE 1.088512, W.DE 1.088512, peqDE 1.275799, Repeat
2023-02-06 22:56:36,118 Patch 13 of 32 DE 0.649479, W.DE 0.649479, W.peqDE 0.854197, OK ( < 0.900000)
2023-02-06 22:56:36,664 Patch 14 of 32 DE 0.931833, W.DE 0.931833, peqDE 1.337695, Repeat
2023-02-06 22:56:39,134 Patch 14 of 32 DE 0.871819, W.DE 0.871819, W.peqDE 0.278120, OK ( < 0.900000)
2023-02-06 22:56:39,693 Patch 15 of 32 DE 0.637638, W.DE 0.637638, W.peqDE 0.811182, OK ( < 0.900000)
2023-02-06 22:56:40,240 Patch 16 of 32 DE 1.176160, W.DE 1.176160, peqDE 1.587340, Repeat
2023-02-06 22:56:42,711 Patch 16 of 32 DE 1.060112, W.DE 1.060112, peqDE 0.568522, Repeat
2023-02-06 22:56:43,253 Patch 16 of 32 DE 0.930569, W.DE 0.930569, peqDE 1.503344, Repeat (got worse)
2023-02-06 22:56:43,783 Patch 16 of 32 DE 1.076719, W.DE 1.076719, peqDE 0.537828, Repeat
2023-02-06 22:56:44,282 Patch 16 of 32 DE 0.771299, W.DE 0.771299, peqDE 1.173852, Repeat
2023-02-06 22:56:44,808 Patch 16 of 32 DE 0.772464, W.DE 0.772464, W.peqDE 0.882095, OK ( < 0.900000)
2023-02-06 22:56:45,559 Patch 17 of 32 DE 1.714541, W.DE 1.714541, peqDE 1.692813, Repeat
2023-02-06 22:56:46,128 Patch 17 of 32 DE 1.123544, W.DE 1.123544, peqDE 1.281511, Repeat
2023-02-06 22:56:46,609 Patch 17 of 32 DE 0.589838, W.DE 0.589838, peqDE 1.082575, Repeat
2023-02-06 22:56:49,020 Patch 17 of 32 DE 0.589838, W.DE 0.589838, peqDE 1.082575, Repeat
2023-02-06 22:56:49,565 Patch 17 of 32 DE 0.846734, W.DE 0.846734, peqDE 0.917267, Repeat (got worse)
2023-02-06 22:56:50,079 Patch 17 of 32 DE 0.591658, W.DE 0.591658, W.peqDE 0.717194, OK ( < 0.900000)
2023-02-06 22:56:50,849 Patch 18 of 32 DE 1.071677, W.DE 1.071677, peqDE 0.880745, Repeat
2023-02-06 22:56:51,632 Patch 18 of 32 DE 0.626607, W.DE 0.626607, W.peqDE 0.402168, OK ( < 0.900000)
2023-02-06 22:56:52,424 Patch 19 of 32 DE 1.070316, W.DE 1.070316, peqDE 1.323818, Repeat
2023-02-06 22:56:53,221 Patch 19 of 32 DE 0.459828, W.DE 0.459828, W.peqDE 0.497420, OK ( < 0.900000)
2023-02-06 22:56:54,065 Patch 20 of 32 DE 1.290454, W.DE 1.290454, peqDE 1.340332, Repeat
2023-02-06 22:56:54,920 Patch 20 of 32 DE 0.465297, W.DE 0.465297, W.peqDE 0.728682, OK ( < 0.900000)
2023-02-06 22:56:55,786 Patch 21 of 32 DE 0.944309, W.DE 0.944309, peqDE 1.324142, Repeat
2023-02-06 22:56:56,661 Patch 21 of 32 DE 0.589080, W.DE 0.589080, peqDE 0.976171, Repeat
2023-02-06 22:57:00,283 Patch 21 of 32 DE 0.589080, W.DE 0.589080, peqDE 0.976171, Repeat
2023-02-06 22:57:01,161 Patch 21 of 32 DE 0.814511, W.DE 0.814511, W.peqDE 0.773677, OK ( < 0.900000)
2023-02-06 22:57:02,091 Patch 22 of 32 DE 1.457553, W.DE 1.457553, peqDE 1.281609, Repeat
2023-02-06 22:57:03,028 Patch 22 of 32 DE 0.307318, W.DE 0.307318, peqDE 1.186384, Repeat
2023-02-06 22:57:06,765 Patch 22 of 32 DE 0.307318, W.DE 0.307318, peqDE 1.186384, Repeat
2023-02-06 22:57:07,670 Patch 22 of 32 DE 0.306206, W.DE 0.306206, peqDE 1.182948, Repeat
2023-02-06 22:57:08,505 Patch 22 of 32 DE 0.434890, W.DE 0.434890, peqDE 1.177196, Repeat
2023-02-06 22:57:09,390 Patch 22 of 32 DE 0.638573, W.DE 0.638573, W.peqDE 0.320762, OK ( < 0.900000)
2023-02-06 22:57:10,371 Patch 23 of 32 DE 1.708683, W.DE 1.708683, peqDE 1.712048, Repeat
2023-02-06 22:57:11,377 Patch 23 of 32 DE 0.878244, W.DE 0.878244, peqDE 1.307895, Repeat
2023-02-06 22:57:15,362 Patch 23 of 32 DE 0.780950, W.DE 0.780950, W.peqDE 0.775652, OK ( < 0.900000)
2023-02-06 22:57:16,438 Patch 24 of 32 DE 1.429127, W.DE 1.429127, peqDE 0.935936, Repeat
2023-02-06 22:57:17,471 Patch 24 of 32 DE 0.401033, W.DE 0.401033, peqDE 0.980178, Repeat
2023-02-06 22:57:18,453 Patch 24 of 32 DE 0.317539, W.DE 0.317539, W.peqDE 0.796778, OK ( < 0.900000)
2023-02-06 22:57:19,576 Patch 25 of 32 DE 1.263523, W.DE 1.263523, peqDE 1.128342, Repeat
2023-02-06 22:57:20,697 Patch 25 of 32 DE 0.330643, W.DE 0.330643, W.peqDE 0.353828, OK ( < 0.900000)
2023-02-06 22:57:22,042 Patch 26 of 32 DE 1.408572, W.DE 1.408572, peqDE 1.300201, Repeat
2023-02-06 22:57:23,382 Patch 26 of 32 DE 0.798303, W.DE 0.798303, W.peqDE 0.661716, OK ( < 0.877236)
2023-02-06 22:57:24,849 Patch 27 of 32 DE 1.128618, W.DE 1.128618, peqDE 1.337962, Repeat
2023-02-06 22:57:26,266 Patch 27 of 32 DE 0.480551, W.DE 0.480551, peqDE 1.300778, Repeat
2023-02-06 22:57:27,619 Patch 27 of 32 DE 0.290615, W.DE 0.290615, peqDE 0.681267, Repeat
2023-02-06 22:57:33,089 Patch 27 of 32 DE 0.290615, W.DE 0.290615, peqDE 0.681267, Repeat
2023-02-06 22:57:34,482 Patch 27 of 32 DE 0.327533, W.DE 0.327533, peqDE 0.645241, Repeat
2023-02-06 22:57:35,802 Patch 27 of 32 DE 0.677740, W.DE 0.677740, peqDE 1.551527, Repeat
2023-02-06 22:57:37,188 Patch 27 of 32 DE 0.179883, W.DE 0.179883, peqDE 0.796874, Repeat
2023-02-06 22:57:38,516 Patch 27 of 32 DE 0.327035, W.DE 0.327035, peqDE 0.644162, Repeat
2023-02-06 22:57:39,834 Patch 27 of 32 DE 0.682945, W.DE 0.682945, peqDE 1.557547, Repeat
2023-02-06 22:57:41,226 Patch 27 of 32 DE 0.592635, W.DE 0.592635, W.peqDE 0.363937, OK ( < 0.624674)
2023-02-06 22:57:42,915 Patch 28 of 32 DE 1.414141, W.DE 1.414141, peqDE 1.511350, Repeat
2023-02-06 22:57:48,855 Patch 28 of 32 DE 1.137375, W.DE 1.137375, peqDE 0.645339, Repeat
2023-02-06 22:57:50,375 Patch 28 of 32 DE 0.579711, W.DE 0.602056, peqDE 0.446553, Repeat
2023-02-06 22:57:51,789 Patch 28 of 32 DE 1.060089, W.DE 1.060089, peqDE 1.723639, Repeat (got worse)
2023-02-06 22:57:53,242 Patch 28 of 32 DE 0.685744, W.DE 0.725674, peqDE 0.255903, Repeat
2023-02-06 22:57:54,631 Patch 28 of 32 DE 1.061268, W.DE 1.061268, peqDE 1.725107, Repeat (got worse)
2023-02-06 22:57:56,084 Patch 28 of 32 DE 0.579931, W.DE 0.600858, peqDE 0.447616, Repeat
2023-02-06 22:57:57,530 Patch 28 of 32 DE 0.165371, W.DE 0.165371, peqDE 0.528444, Repeat
2023-02-06 22:57:58,948 Patch 28 of 32 DE 0.163383, W.DE 0.163383, peqDE 0.530543, Repeat
2023-02-06 22:58:00,312 Patch 28 of 32 DE 0.163383, W.DE 0.163383, W.peqDE 0.530543, Fail ( > 0.488811)
2023-02-06 22:58:02,059 Patch 29 of 32 DE 1.235765, W.DE 1.235765, peqDE 1.186332, Repeat
2023-02-06 22:58:03,849 Patch 29 of 32 DE 0.767000, W.DE 0.767000, peqDE 0.642221, Repeat
2023-02-06 22:58:10,227 Patch 29 of 32 DE 0.767000, W.DE 0.767000, peqDE 0.642221, Repeat
2023-02-06 22:58:11,832 Patch 29 of 32 DE 0.734659, W.DE 0.734659, peqDE 0.963490, Repeat
2023-02-06 22:58:13,456 Patch 29 of 32 DE 0.167889, W.DE 0.167889, W.peqDE 0.158555, OK ( < 0.399285)
2023-02-06 22:58:15,302 Patch 30 of 32 DE 0.807130, W.DE 0.807130, peqDE 0.886794, Repeat
2023-02-06 22:58:17,045 Patch 30 of 32 DE 0.562190, W.DE 0.562190, peqDE 0.664831, Repeat
2023-02-06 22:58:24,184 Patch 30 of 32 DE 0.562190, W.DE 0.562190, peqDE 0.664831, Repeat
2023-02-06 22:58:26,029 Patch 30 of 32 DE 0.331538, W.DE 0.331538, peqDE 0.259559, Repeat
2023-02-06 22:58:27,849 Patch 30 of 32 DE 0.330927, W.DE 0.330927, peqDE 0.259856, Repeat
2023-02-06 22:58:29,667 Patch 30 of 32 DE 0.572273, W.DE 11.165513, peqDE 11.156292, Repeat
2023-02-06 22:58:31,384 Patch 30 of 32 DE 0.636501, W.DE 72.821539, peqDE 72.820054, Repeat
2023-02-06 22:58:33,058 Patch 30 of 32 DE 0.394591, W.DE 0.394591, peqDE 0.588113, Repeat
2023-02-06 22:58:34,677 Patch 30 of 32 DE 0.463075, W.DE 3.284700, peqDE 3.323805, Repeat
2023-02-06 22:58:36,431 Patch 30 of 32 DE 0.330927, W.DE 0.330927, W.peqDE 0.259856, Fail ( > 0.293114)
2023-02-06 22:58:38,395 Patch 31 of 32 DE 0.295684, W.DE 0.295684, peqDE 0.406502, Repeat
2023-02-06 22:58:46,348 Patch 31 of 32 DE 0.290525, W.DE 0.290525, peqDE 0.404210, Repeat
2023-02-06 22:58:48,220 Patch 31 of 32 DE 0.252642, W.DE 0.252642, peqDE 0.450645, Repeat
2023-02-06 22:58:50,069 Patch 31 of 32 DE 0.130277, W.DE 0.130277, peqDE 0.278051, Repeat
2023-02-06 22:58:51,901 Patch 31 of 32 DE 0.130262, W.DE 0.130262, peqDE 0.279239, Repeat
2023-02-06 22:58:53,680 Patch 31 of 32 DE 0.234474, W.DE 37.950916, peqDE 37.950261, Repeat
2023-02-06 22:58:55,464 Patch 31 of 32 DE 0.224499, W.DE 0.224499, W.peqDE 0.075680, OK ( < 0.250000)
2023-02-06 22:58:57,424 Patch 32 of 32 DE 0.003943, W.DE 0.003943, W.peqDE 0.003943, OK ( < 0.250000)
2023-02-06 22:58:57,428 
2023-02-06 22:58:57,430 Brightness error = -0.146560 cd/m^2 (is 361.605063, should be 361.751623)
2023-02-06 22:58:57,430 White point error = 0.428342 deltaE
2023-02-06 22:58:57,430 Maximum neutral error (@ 0.419042) = 0.871130 deltaE
2023-02-06 22:58:57,431 Average neutral error = 0.474987 deltaE
2023-02-06 22:58:57,431 Failed to meet target 0.900000 delta E, got worst case 17.633979
2023-02-06 22:58:57,433 Number of measurements taken = 160
2023-02-06 22:58:57,433 Computing update to calibration curves...
2023-02-06 22:58:58,444 The instrument can be removed from the screen.
2023-02-06 22:58:58,605 Written calibration file 'G1618-04 #1 2023-02-06 22-52 D8000 sRGB F-S XYZLUT+MTX.cal'
2023-02-06 22:58:58,710 DisplayCAL: Reached EOF (OK)
2023-02-06 22:58:58,713 dispcal exitcode: 0
2023-02-06 22:58:58,782 --------------------------------------------------------------------------------
2023-02-06 22:58:58,783 工作目录：
2023-02-06 22:58:58,783   c:\
2023-02-06 22:58:58,785    users\
2023-02-06 22:58:58,785     123\
2023-02-06 22:58:58,786      appdata\
2023-02-06 22:58:58,786       local\
2023-02-06 22:58:58,786        temp\
2023-02-06 22:58:58,786         DisplayCAL-ww4s9k\
2023-02-06 22:58:58,786 
2023-02-06 22:58:58,789 命令行：
2023-02-06 22:58:58,789   C:\Users\123\AppData\Roaming\DisplayCAL\dl\Argyll_V2.1.2\bin\dispread.exe
2023-02-06 22:58:58,789     -v
2023-02-06 22:58:58,789     -d1
2023-02-06 22:58:58,789     -c1
2023-02-06 22:58:58,789     -yn
2023-02-06 22:58:58,790     "-P0.998171846435,0.5,0.943642611684"
2023-02-06 22:58:58,790     -k
2023-02-06 22:58:58,790     "G1618-04 #1 2023-02-06 22-52 D8000 sRGB F-S XYZLUT+MTX.cal"
2023-02-06 22:58:58,792     "G1618-04 #1 2023-02-06 22-52 D8000 sRGB F-S XYZLUT+MTX"
2023-02-06 22:58:58,792 
2023-02-06 22:58:59,181 DisplayCAL: Starting interaction with subprocess
2023-02-06 22:58:59,184 Number of patches = 175
2023-02-06 22:58:59,184 Setting up the instrument
2023-02-06 22:59:00,153 Product Name:      i1Display3
2023-02-06 22:59:00,154 Serial Number:     I1-16.B-02.248530.06
2023-02-06 22:59:00,154 Firmware Version:  v2.28
2023-02-06 22:59:00,154 Firmware Date:     29Jan14
2023-02-06 22:59:00,480 Place instrument on test window.
2023-02-06 22:59:00,483 DisplayCAL: Waiting for send buffer
2023-02-06 22:59:00,483 DisplayCAL: Detected instrument placement (screen/spot) message
2023-02-06 22:59:01,982 DisplayCAL: Skipping place instrument on screen message...
2023-02-06 22:59:02,000 DisplayCAL: Sending buffer: ' '
2023-02-06 22:59:02,002 Hit Esc or Q to give up, any other key to continue:
2023-02-06 22:59:04,622 Measured display update delay of 109 msec, using delay of 245 msec & 0 msec inst reaction
2023-02-06 23:01:24,914 Patch 175 of 175
2023-02-06 23:01:24,915 The instrument can be removed from the screen.
2023-02-06 23:01:25,010 Written 'G1618-04 #1 2023-02-06 22-52 D8000 sRGB F-S XYZLUT+MTX.ti3'
2023-02-06 23:01:25,117 DisplayCAL: Reached EOF (OK)
2023-02-06 23:01:25,118 dispread exitcode: 0
2023-02-06 23:01:25,397 Preparing ChromaticityType tag from TI3 colorants
2023-02-06 23:01:25,408 Storing settings in TI3
2023-02-06 23:01:25,486 Extracting neutrals from c:\users\123\appdata\local\temp\DisplayCAL-ww4s9k\G1618-04 #1 2023-02-06 22-52 D8000 sRGB F-S XYZLUT+MTX.ti3
2023-02-06 23:01:25,519 Applying 0% black point correction to TI3
2023-02-06 23:01:25,645 Extracting neutrals from c:\users\123\appdata\local\temp\DisplayCAL-ww4s9k\G1618-04 #1 2023-02-06 22-52 D8000 sRGB F-S XYZLUT+MTX.ti3
2023-02-06 23:01:25,681 R=G=B (>= 1% luminance) dE*00 avg 0.570396662184 peak 1.80743362632
2023-02-06 23:01:26,293 Initial cLUT resolution 5x5x5
2023-02-06 23:01:26,296 cLUT input curve segments: 5
2023-02-06 23:01:26,349 #1 X prev 0.048423 next 0.202572 clip False
2023-02-06 23:01:26,401 #2 X prev 0.202572 next 0.499738 clip False
2023-02-06 23:01:26,450 #3 X prev 0.499738 next 0.964200 clip False
2023-02-06 23:01:26,607 #1 Y prev 0.050413 next 0.210132 clip False
2023-02-06 23:01:26,657 #2 Y prev 0.210132 next 0.518616 clip False
2023-02-06 23:01:26,709 #3 Y prev 0.518616 next 1.000000 clip False
2023-02-06 23:01:26,865 #1 Z prev 0.040921 next 0.170863 clip False
2023-02-06 23:01:26,913 #2 Z prev 0.170863 next 0.426583 clip False
2023-02-06 23:01:26,960 #3 Z prev 0.426583 next 0.824900 clip False
2023-02-06 23:01:28,253 cLUT input curve segments: 33
2023-02-06 23:01:28,263 #1 X prev 0.001949 next 0.004913 clip False
2023-02-06 23:01:28,269 #2 X prev 0.004913 next 0.008649 clip False
2023-02-06 23:01:28,276 #3 X prev 0.008649 next 0.013578 clip False
2023-02-06 23:01:28,282 #4 X prev 0.013578 next 0.019788 clip False
2023-02-06 23:01:28,289 #5 X prev 0.019788 next 0.028250 clip False
2023-02-06 23:01:28,296 #6 X prev 0.028250 next 0.037197 clip False
2023-02-06 23:01:28,302 #7 X prev 0.037197 next 0.048423 clip False
2023-02-06 23:01:28,309 #8 X prev 0.048423 next 0.061218 clip False
2023-02-06 23:01:28,315 #9 X prev 0.061218 next 0.075759 clip False
2023-02-06 23:01:28,322 #10 X prev 0.075759 next 0.091478 clip False
2023-02-06 23:01:28,328 #11 X prev 0.091478 next 0.110070 clip False
2023-02-06 23:01:28,338 #12 X prev 0.110070 next 0.130221 clip False
2023-02-06 23:01:28,344 #13 X prev 0.130221 next 0.152720 clip False
2023-02-06 23:01:28,349 #14 X prev 0.152720 next 0.179262 clip False
2023-02-06 23:01:28,355 #15 X prev 0.179262 next 0.202572 clip False
2023-02-06 23:01:28,362 #16 X prev 0.202572 next 0.235319 clip False
2023-02-06 23:01:28,369 #17 X prev 0.235319 next 0.266767 clip False
2023-02-06 23:01:28,375 #18 X prev 0.266767 next 0.299767 clip False
2023-02-06 23:01:28,384 #19 X prev 0.299767 next 0.332441 clip False
2023-02-06 23:01:28,391 #20 X prev 0.332441 next 0.370720 clip False
2023-02-06 23:01:28,397 #21 X prev 0.370720 next 0.415641 clip False
2023-02-06 23:01:28,404 #22 X prev 0.415641 next 0.457269 clip False
2023-02-06 23:01:28,413 #23 X prev 0.457269 next 0.499738 clip False
2023-02-06 23:01:28,421 #24 X prev 0.499738 next 0.545795 clip False
2023-02-06 23:01:28,428 #25 X prev 0.545795 next 0.598430 clip False
2023-02-06 23:01:28,434 #26 X prev 0.598430 next 0.655261 clip False
2023-02-06 23:01:28,440 #27 X prev 0.655261 next 0.715082 clip False
2023-02-06 23:01:28,446 #28 X prev 0.715082 next 0.775464 clip False
2023-02-06 23:01:28,453 #29 X prev 0.775464 next 0.831952 clip False
2023-02-06 23:01:28,459 #30 X prev 0.831952 next 0.898328 clip False
2023-02-06 23:01:28,464 #31 X prev 0.898328 next 0.964200 clip False
2023-02-06 23:01:28,532 #1 Y prev 0.001956 next 0.005007 clip False
2023-02-06 23:01:28,538 #2 Y prev 0.005007 next 0.008973 clip False
2023-02-06 23:01:28,543 #3 Y prev 0.008973 next 0.013984 clip False
2023-02-06 23:01:28,549 #4 Y prev 0.013984 next 0.020392 clip False
2023-02-06 23:01:28,555 #5 Y prev 0.020392 next 0.029270 clip False
2023-02-06 23:01:28,562 #6 Y prev 0.029270 next 0.038518 clip False
2023-02-06 23:01:28,571 #7 Y prev 0.038518 next 0.050413 clip False
2023-02-06 23:01:28,576 #8 Y prev 0.050413 next 0.063530 clip False
2023-02-06 23:01:28,585 #9 Y prev 0.063530 next 0.078912 clip False
2023-02-06 23:01:28,591 #10 Y prev 0.078912 next 0.095456 clip False
2023-02-06 23:01:28,598 #11 Y prev 0.095456 next 0.114413 clip False
2023-02-06 23:01:28,604 #12 Y prev 0.114413 next 0.135454 clip False
2023-02-06 23:01:28,609 #13 Y prev 0.135454 next 0.159971 clip False
2023-02-06 23:01:28,618 #14 Y prev 0.159971 next 0.186439 clip False
2023-02-06 23:01:28,622 #15 Y prev 0.186439 next 0.210132 clip False
2023-02-06 23:01:28,628 #16 Y prev 0.210132 next 0.243859 clip False
2023-02-06 23:01:28,635 #17 Y prev 0.243859 next 0.276475 clip False
2023-02-06 23:01:28,641 #18 Y prev 0.276475 next 0.310278 clip False
2023-02-06 23:01:28,650 #19 Y prev 0.310278 next 0.344905 clip False
2023-02-06 23:01:28,657 #20 Y prev 0.344905 next 0.383450 clip False
2023-02-06 23:01:28,664 #21 Y prev 0.383450 next 0.431435 clip False
2023-02-06 23:01:28,671 #22 Y prev 0.431435 next 0.474988 clip False
2023-02-06 23:01:28,677 #23 Y prev 0.474988 next 0.518616 clip False
2023-02-06 23:01:28,681 #24 Y prev 0.518616 next 0.567022 clip False
2023-02-06 23:01:28,688 #25 Y prev 0.567022 next 0.620424 clip False
2023-02-06 23:01:28,694 #26 Y prev 0.620424 next 0.680331 clip False
2023-02-06 23:01:28,701 #27 Y prev 0.680331 next 0.741866 clip False
2023-02-06 23:01:28,707 #28 Y prev 0.741866 next 0.803209 clip False
2023-02-06 23:01:28,713 #29 Y prev 0.803209 next 0.861550 clip False
2023-02-06 23:01:28,719 #30 Y prev 0.861550 next 0.931907 clip False
2023-02-06 23:01:28,724 #31 Y prev 0.931907 next 1.000000 clip False
2023-02-06 23:01:28,790 #1 Z prev 0.002064 next 0.004815 clip False
2023-02-06 23:01:28,796 #2 Z prev 0.004815 next 0.007792 clip False
2023-02-06 23:01:28,805 #3 Z prev 0.007792 next 0.012341 clip False
2023-02-06 23:01:28,809 #4 Z prev 0.012341 next 0.017308 clip False
2023-02-06 23:01:28,816 #5 Z prev 0.017308 next 0.024349 clip False
2023-02-06 23:01:28,822 #6 Z prev 0.024349 next 0.032199 clip False
2023-02-06 23:01:28,828 #7 Z prev 0.032199 next 0.040921 clip False
2023-02-06 23:01:28,835 #8 Z prev 0.040921 next 0.052941 clip False
2023-02-06 23:01:28,841 #9 Z prev 0.052941 next 0.065792 clip False
2023-02-06 23:01:28,846 #10 Z prev 0.065792 next 0.078884 clip False
2023-02-06 23:01:28,852 #11 Z prev 0.078884 next 0.094562 clip False
2023-02-06 23:01:28,858 #12 Z prev 0.094562 next 0.112204 clip False
2023-02-06 23:01:28,867 #13 Z prev 0.112204 next 0.128370 clip False
2023-02-06 23:01:28,871 #14 Z prev 0.128370 next 0.152878 clip False
2023-02-06 23:01:28,878 #15 Z prev 0.152878 next 0.170863 clip False
2023-02-06 23:01:28,884 #16 Z prev 0.170863 next 0.197420 clip False
2023-02-06 23:01:28,890 #17 Z prev 0.197420 next 0.224872 clip False
2023-02-06 23:01:28,898 #18 Z prev 0.224872 next 0.255228 clip False
2023-02-06 23:01:28,904 #19 Z prev 0.255228 next 0.282272 clip False
2023-02-06 23:01:28,911 #20 Z prev 0.282272 next 0.316719 clip False
2023-02-06 23:01:28,917 #21 Z prev 0.316719 next 0.353039 clip False
2023-02-06 23:01:28,924 #22 Z prev 0.353039 next 0.385804 clip False
2023-02-06 23:01:28,930 #23 Z prev 0.385804 next 0.426583 clip False
2023-02-06 23:01:28,936 #24 Z prev 0.426583 next 0.465812 clip False
2023-02-06 23:01:28,941 #25 Z prev 0.465812 next 0.510516 clip False
2023-02-06 23:01:28,947 #26 Z prev 0.510516 next 0.559409 clip False
2023-02-06 23:01:28,953 #27 Z prev 0.559409 next 0.608884 clip False
2023-02-06 23:01:28,960 #28 Z prev 0.608884 next 0.662828 clip False
2023-02-06 23:01:28,966 #29 Z prev 0.662828 next 0.709395 clip False
2023-02-06 23:01:28,973 #30 Z prev 0.709395 next 0.770270 clip False
2023-02-06 23:01:28,980 #31 Z prev 0.770270 next 0.824900 clip False
2023-02-06 23:01:29,164 Final interpolated cLUT resolution 33x33x33
2023-02-06 23:01:29,173 --------------------------------------------------------------------------------
2023-02-06 23:01:29,174 Creating matrix from primaries
2023-02-06 23:01:29,174 Using chromatic adaptation transform matrix: Bradford
2023-02-06 23:01:29,279 Generating A2B1 by copying A2B0
2023-02-06 23:01:29,355 Making distinct A2B0
2023-02-06 23:01:29,381 Applying black point compensation to A2B0: L*a*b* 0.000000 0.000000 0.000000
2023-02-06 23:01:33,960 --------------------------------------------------------------------------------
2023-02-06 23:01:33,960 Generating B2A1 table by inverting A2B1 table
2023-02-06 23:01:33,961 
2023-02-06 23:01:33,961 Using chromatic adaptation transform matrix: Bradford
2023-02-06 23:01:34,045 Black XYZ: 0.0010 0.0010 0.0009
2023-02-06 23:01:34,046 White XYZ: 0.9642 1.0000 0.8249
2023-02-06 23:01:34,046 R XYZ: 0.3776 0.2010 0.0075
2023-02-06 23:01:34,046 G XYZ: 0.4336 0.7413 0.0832
2023-02-06 23:01:34,046 B XYZ: 0.1490 0.0512 0.7251
2023-02-06 23:01:34,046 Generating input curve PCS values...
2023-02-06 23:01:34,299 Looking up input curve RGB values...
2023-02-06 23:01:34,301 Setting up matrix
2023-02-06 23:01:34,301 Increasing saturation of actual primaries for PCS candidate to 104%...
2023-02-06 23:01:34,302 R xy 0.644192 0.342948 -> 0.656132 0.342324
2023-02-06 23:01:34,302 G xy 0.344669 0.589206 -> 0.344628 0.598432
2023-02-06 23:01:34,303 B xy 0.161033 0.055371 -> 0.153646 0.043244
2023-02-06 23:01:34,305 Checking for suitable PCS candidate...
2023-02-06 23:01:34,305 Skipping PCS candidate based on actual primaries because it does not encompass Rec. 709 blue
2023-02-06 23:01:34,308 Rec709-encompassing, variant 1 fit: 0.90 (area: 74.62%)
2023-02-06 23:01:34,309 Rec709-encompassing, variant 2 fit: 1.03 (area: 76.61%)
2023-02-06 23:01:34,309 Using primaries: Rec709-encompassing, variant 2
2023-02-06 23:01:34,309 Using R XYZ: 0.4618 0.2288 0.0042
2023-02-06 23:01:34,309 Using G XYZ: 0.3674 0.7426 0.0418
2023-02-06 23:01:34,309 Using B XYZ: 0.1351 0.0286 0.7789
2023-02-06 23:01:34,312 R+G+B XYZ: 0.9642 1.0000 0.8249
2023-02-06 23:01:34,312 Correction factors: 1.0000 1.0000 1.0000
2023-02-06 23:01:34,312 Matrix 1:
2023-02-06 23:01:34,312 [2.8579970701638175, -1.3889829581034692, -0.4445360855236803]
2023-02-06 23:01:34,312 [-0.8819531420844907, 1.7781085397967789, 0.08761144357023555]
2023-02-06 23:01:34,312 [0.03179633448567711, -0.087835915813287, 1.2815830889831459]
2023-02-06 23:01:34,313 Matrix 2:
2023-02-06 23:01:34,313 [2.857961019393776, -1.3889654374748661, -0.44453047814627533]
2023-02-06 23:01:34,313 [-0.8819561441519753, 1.7781145922745993, 0.0876117417895552]
2023-02-06 23:01:34,315 [0.031796733370476664, -0.08783701771425262, 1.2815991664342683]
2023-02-06 23:01:34,315 Matrix 3:
2023-02-06 23:01:34,315 [1.999969482421875, 0, 0]
2023-02-06 23:01:34,315 [0, 1.999969482421875, 0]
2023-02-06 23:01:34,315 [0, 0, 1.999969482421875]
2023-02-06 23:01:34,315 Final matrix:
2023-02-06 23:01:34,316 [5.7158348207388645, -2.777888487088481, -0.8890473902989549]
2023-02-06 23:01:34,316 [-1.7638853731384188, 3.5561749207982136, 0.1752208098809357]
2023-02-06 23:01:34,316 [0.06359249638165858, -0.17567135485545488, 2.56315922156585]
2023-02-06 23:01:34,319 Applying matrix to input curve XYZ values...
2023-02-06 23:01:34,332 Generating input curves...
2023-02-06 23:01:38,131 100%
2023-02-06 23:01:38,131 Generating A2B1 table lookup input values...
2023-02-06 23:01:38,131 cLUT grid res: 33
2023-02-06 23:01:38,131 Looking up input values through A2B1 table (12 workers)...
2023-02-06 23:01:38,131 Using CAM Jab for clipping
2023-02-06 23:02:07,861 100%
2023-02-06 23:02:07,861 Input black XYZ: 0.001007 0.001038 0.000854
2023-02-06 23:02:07,862 Input white XYZ: 0.964203 1.000000 0.824890
2023-02-06 23:02:07,894 Output black RGB: 0.0000 0.0001 0.0000
2023-02-06 23:02:07,894 Output white RGB: 100.0000 100.0000 100.0000
2023-02-06 23:02:07,911 Filling cLUT...
2023-02-06 23:02:08,052 100%
2023-02-06 23:02:08,194 Generating output curves...
2023-02-06 23:02:08,619 Setting curve entry #0 (0.000000 0.000000 0.000000) to black because it got clipped
2023-02-06 23:02:08,619 Setting curve entry #1 (0.000000 0.000001 0.000000) to black because it got clipped
2023-02-06 23:02:08,619 Setting curve entry #4095 (1.000000 1.000000 1.000000) to white because it got clipped
2023-02-06 23:02:08,668 Smoothing B2A1...
2023-02-06 23:02:10,459 Generating B2A0 table by inverting A2B0 table
2023-02-06 23:02:10,459 
2023-02-06 23:02:10,460 Using chromatic adaptation transform matrix: Bradford
2023-02-06 23:02:10,523 Black XYZ: 0.0000 0.0000 0.0000
2023-02-06 23:02:10,523 White XYZ: 0.9642 1.0000 0.8249
2023-02-06 23:02:10,523 R XYZ: 0.3768 0.2006 0.0075
2023-02-06 23:02:10,525 G XYZ: 0.4327 0.7397 0.0830
2023-02-06 23:02:10,525 B XYZ: 0.1487 0.0511 0.7236
2023-02-06 23:02:10,525 Generating input curve PCS values...
2023-02-06 23:02:10,647 Looking up input curve RGB values...
2023-02-06 23:02:10,707 R+G+B XYZ: 0.9662 1.0021 0.8266
2023-02-06 23:02:10,709 Correction factors: 0.9979 0.9979 0.9979
2023-02-06 23:02:10,709 Matrix 1:
2023-02-06 23:02:10,709 [2.858848379824227, -1.3907204430299964, -0.4459506580392208]
2023-02-06 23:02:10,710 [-0.8849533523988788, 1.7796491622218782, 0.08674428617072183]
2023-02-06 23:02:10,710 [0.029748619890020124, -0.08824057015328611, 1.281971878965719]
2023-02-06 23:02:10,710 Matrix 2:
2023-02-06 23:02:10,710 [2.8647810619820375, -1.3936064660933718, -0.4468760948447836]
2023-02-06 23:02:10,710 [-0.8867898075957773, 1.7833422901633222, 0.08692429791338334]
2023-02-06 23:02:10,711 [0.029810354226015887, -0.08842368698446822, 1.2846322270089487]
2023-02-06 23:02:10,713 Matrix 3:
2023-02-06 23:02:10,713 [1.999969482421875, 0, 0]
2023-02-06 23:02:10,713 [0, 1.999969482421875, 0]
2023-02-06 23:02:10,713 [0, 0, 1.999969482421875]
2023-02-06 23:02:10,713 Final matrix:
2023-02-06 23:02:10,714 [5.729474697784205, -2.787170402692539, -0.8937385521134306]
2023-02-06 23:02:10,714 [-1.7735525525143208, 3.566630157038981, 0.17384594310771415]
2023-02-06 23:02:10,714 [0.059619798712217745, -0.1768446754921608, 2.569225250153548]
2023-02-06 23:02:10,716 Applying matrix to input curve XYZ values...
2023-02-06 23:02:10,726 Generating input curves...
2023-02-06 23:02:14,381 100%
2023-02-06 23:02:14,384 --------------------------------------------------------------------------------
2023-02-06 23:02:14,384 Creating shaper tags in separate step
2023-02-06 23:02:14,385 Using chromatic adaptation transform matrix: Bradford
2023-02-06 23:02:14,403 Extracting neutrals from c:\users\123\appdata\local\temp\DisplayCAL-ww4s9k\G1618-04 #1 2023-02-06 22-52 D8000 sRGB F-S XYZLUT+MTX.ti3
2023-02-06 23:02:14,418 NUMBER_OF_FIELDS 7
2023-02-06 23:02:14,418 BEGIN_DATA_FORMAT
2023-02-06 23:02:14,418 SAMPLE_ID RGB_R RGB_G RGB_B XYZ_X XYZ_Y XYZ_Z
2023-02-06 23:02:14,418 END_DATA_FORMAT
2023-02-06 23:02:14,418 
2023-02-06 23:02:14,418 NUMBER_OF_SETS 52
2023-02-06 23:02:14,418 BEGIN_DATA
2023-02-06 23:02:14,418 1 0.000000 0.000000 0.000000 0.097958 0.103107 0.133256
2023-02-06 23:02:14,418 2 1.960800 1.960800 1.960800 0.192383 0.194855 0.309190
2023-02-06 23:02:14,418 3 3.921600 3.921600 3.921600 0.379140 0.390381 0.561842
2023-02-06 23:02:14,418 4 5.882400 5.882400 5.882400 0.551694 0.558174 0.854404
2023-02-06 23:02:14,420 5 7.843100 7.843100 7.843100 0.741162 0.787604 1.068110
2023-02-06 23:02:14,420 6 9.803900 9.803900 9.803900 1.015628 1.060883 1.425549
2023-02-06 23:02:14,420 7 11.76500 11.76500 11.76500 1.334061 1.388496 1.933077
2023-02-06 23:02:14,420 8 13.72600 13.72600 13.72600 1.635298 1.703808 2.313185
2023-02-06 23:02:14,420 9 15.68600 15.68600 15.68600 2.051614 2.138739 2.844890
2023-02-06 23:02:14,420 10 17.64700 17.64700 17.64700 2.606415 2.749133 3.539548
2023-02-06 23:02:14,420 11 19.60800 19.60800 19.60800 3.101954 3.251116 4.273824
2023-02-06 23:02:14,420 12 21.56900 21.56900 21.56900 3.663411 3.833777 5.096563
2023-02-06 23:02:14,420 13 23.52900 23.52900 23.52900 4.304945 4.557064 5.761675
2023-02-06 23:02:14,420 14 25.49000 25.49000 25.49000 5.052937 5.347433 6.805780
2023-02-06 23:02:14,420 15 27.45100 27.45100 27.45100 5.838985 6.124718 7.948894
2023-02-06 23:02:14,420 16 29.41200 29.41200 29.41200 6.704104 7.082843 9.340289
2023-02-06 23:02:14,420 17 31.37300 31.37300 31.37300 7.643887 8.066277 10.55861
2023-02-06 23:02:14,420 18 33.33300 33.33300 33.33300 8.516432 9.027171 11.50400
2023-02-06 23:02:14,420 19 35.29400 35.29400 35.29400 9.647231 10.20362 13.38873
2023-02-06 23:02:14,420 20 37.25500 37.25500 37.25500 10.81773 11.40121 14.75070
2023-02-06 23:02:14,420 21 39.21600 39.21600 39.21600 11.92365 12.58249 16.21855
2023-02-06 23:02:14,420 22 41.17600 41.17600 41.17600 13.34663 14.06855 18.41802
2023-02-06 23:02:14,420 23 43.13700 43.13700 43.13700 14.65046 15.59432 19.47347
2023-02-06 23:02:14,420 24 45.09800 45.09800 45.09800 16.09952 17.17472 21.67525
2023-02-06 23:02:14,420 25 47.05900 47.05900 47.05900 18.02957 18.97653 24.54872
2023-02-06 23:02:14,420 26 49.02000 49.02000 49.02000 19.24706 20.28957 25.96532
2023-02-06 23:02:14,420 27 50.98000 50.98000 50.98000 20.79259 21.90157 27.79965
2023-02-06 23:02:14,420 28 52.94100 52.94100 52.94100 23.09534 24.30478 30.89062
2023-02-06 23:02:14,420 29 54.90200 54.90200 54.90200 25.07149 26.43820 33.40808
2023-02-06 23:02:14,420 30 56.86300 56.86300 56.86300 26.88530 28.28651 36.18215
2023-02-06 23:02:14,420 31 58.82400 58.82400 58.82400 28.95574 30.38506 39.42674
2023-02-06 23:02:14,420 32 60.78400 60.78400 60.78400 31.22785 32.86601 41.99895
2023-02-06 23:02:14,420 33 62.74500 62.74500 62.74500 32.93409 34.74624 44.46399
2023-02-06 23:02:14,420 34 64.70600 64.70600 64.70600 35.38423 37.08097 48.33158
2023-02-06 23:02:14,420 35 66.66700 66.66700 66.66700 37.97631 39.92504 51.32391
2023-02-06 23:02:14,421 36 68.62700 68.62700 68.62700 40.84585 43.04660 55.20482
2023-02-06 23:02:14,421 37 70.58800 70.58800 70.58800 43.57749 46.01207 58.87585
2023-02-06 23:02:14,421 38 72.54900 72.54900 72.54900 45.80209 48.32186 61.23494
2023-02-06 23:02:14,421 39 74.51000 74.51000 74.51000 48.56147 51.15123 65.73622
2023-02-06 23:02:14,421 40 76.47100 76.47100 76.47100 51.45386 54.18920 70.39704
2023-02-06 23:02:14,421 41 78.43100 78.43100 78.43100 54.22260 57.23707 73.39075
2023-02-06 23:02:14,421 42 80.39200 80.39200 80.39200 57.32194 60.33305 77.68164
2023-02-06 23:02:14,421 43 82.35300 82.35300 82.35300 61.11277 64.29435 83.02470
2023-02-06 23:02:14,421 44 84.31400 84.31400 84.31400 64.44792 67.94712 87.64021
2023-02-06 23:02:14,421 45 86.27500 86.27500 86.27500 68.02415 71.68808 91.88577
2023-02-06 23:02:14,421 46 88.23500 88.23500 88.23500 71.92048 75.73446 97.54179
2023-02-06 23:02:14,421 47 90.19600 90.19600 90.19600 75.72969 79.58237 103.1416
2023-02-06 23:02:14,421 48 92.15700 92.15700 92.15700 79.17855 83.24376 107.3362
2023-02-06 23:02:14,421 49 94.11800 94.11800 94.11800 82.60619 86.76444 111.9445
2023-02-06 23:02:14,421 50 96.07800 96.07800 96.07800 86.55272 91.24836 117.8746
2023-02-06 23:02:14,421 51 98.03900 98.03900 98.03900 91.17060 95.88857 124.3118
2023-02-06 23:02:14,421 52 100.0000 100.0000 100.0000 95.00677 100.0000 129.2407
2023-02-06 23:02:14,421 END_DATA
2023-02-06 23:02:14,421 --------------------------------------------------------------------------------
2023-02-06 23:02:14,806 Black relative luminance = 0.001031
2023-02-06 23:02:14,808 Black output offset = 1.00
2023-02-06 23:02:14,808 Calibration overall transfer function ≈ sRGB (Δ 0.00%)
2023-02-06 23:02:14,846 Transfer function R ≈ sRGB (Δ 1.14%)
2023-02-06 23:02:14,848 Got good match (+-2%)
2023-02-06 23:02:14,848 Using calibration transfer function
2023-02-06 23:02:14,891 Transfer function G ≈ sRGB (Δ 1.14%)
2023-02-06 23:02:14,891 Got good match (+-2%)
2023-02-06 23:02:14,891 Using calibration transfer function
2023-02-06 23:02:14,931 Transfer function B ≈ sRGB (Δ 1.14%)
2023-02-06 23:02:14,931 Got good match (+-2%)
2023-02-06 23:02:14,931 Using calibration transfer function
2023-02-06 23:02:14,973 Using transfer function for R: sRGB
2023-02-06 23:02:15,012 Using transfer function for G: sRGB
2023-02-06 23:02:15,052 Using transfer function for B: sRGB
2023-02-06 23:02:15,052 Adding rTRC from interpolation to G1618-04 #1 2023-02-06 22-52 D8000 sRGB F-S XYZLUT+MTX
2023-02-06 23:02:15,052 Adding gTRC from interpolation to G1618-04 #1 2023-02-06 22-52 D8000 sRGB F-S XYZLUT+MTX
2023-02-06 23:02:15,053 Adding bTRC from interpolation to G1618-04 #1 2023-02-06 22-52 D8000 sRGB F-S XYZLUT+MTX
2023-02-06 23:02:15,398 --------------------------------------------------------------------------------
2023-02-06 23:02:15,400 工作目录：
2023-02-06 23:02:15,401   c:\
2023-02-06 23:02:15,401    users\
2023-02-06 23:02:15,401     123\
2023-02-06 23:02:15,401      appdata\
2023-02-06 23:02:15,401       local\
2023-02-06 23:02:15,401        temp\
2023-02-06 23:02:15,401         DisplayCAL-ww4s9k\
2023-02-06 23:02:15,403 
2023-02-06 23:02:15,403 命令行：
2023-02-06 23:02:15,403   C:\Users\123\AppData\Roaming\DisplayCAL\dl\Argyll_V2.1.2\bin\profcheck.exe
2023-02-06 23:02:15,404     "G1618-04 #1 2023-02-06 22-52 D8000 sRGB F-S XYZLUT+MTX.ti3"
2023-02-06 23:02:15,404     "G1618-04 #1 2023-02-06 22-52 D8000 sRGB F-S XYZLUT+MTX.icm"
2023-02-06 23:02:15,404 
2023-02-06 23:02:15,424 Profile check complete, errors: max. = 2.741900, avg. = 0.108099, RMS = 0.315512
2023-02-06 23:02:15,426 profcheck exitcode: 0
2023-02-06 23:02:15,427 --------------------------------------------------------------------------------
2023-02-06 23:02:15,427 生成色域视图...
2023-02-06 23:02:16,180 --------------------------------------------------------------------------------
2023-02-06 23:02:16,181 工作目录：
2023-02-06 23:02:16,183   c:\
2023-02-06 23:02:16,183    users\
2023-02-06 23:02:16,184     123\
2023-02-06 23:02:16,184      appdata\
2023-02-06 23:02:16,184       local\
2023-02-06 23:02:16,184        temp\
2023-02-06 23:02:16,184         DisplayCAL-ww4s9k\
2023-02-06 23:02:16,184 
2023-02-06 23:02:16,184 命令行：
2023-02-06 23:02:16,186   C:\Users\123\AppData\Roaming\DisplayCAL\dl\Argyll_V2.1.2\bin\iccgamut.exe
2023-02-06 23:02:16,186     -v
2023-02-06 23:02:16,187     -w
2023-02-06 23:02:16,187     -ir
2023-02-06 23:02:16,187     -ff
2023-02-06 23:02:16,187     -on
2023-02-06 23:02:16,187     -d10.00
2023-02-06 23:02:16,188     "G1618-04 #1 2023-02-06 22-52 D8000 sRGB F-S XYZLUT+MTX.icm"
2023-02-06 23:02:16,188 
2023-02-06 23:02:16,990 Header:
2023-02-06 23:02:16,990   size         = 942452 bytes
2023-02-06 23:02:16,990   CMM          = 'argl'
2023-02-06 23:02:16,990   Version      = 2.2.0
2023-02-06 23:02:16,990   Device Class = Display
2023-02-06 23:02:16,990   Color Space  = RGB
2023-02-06 23:02:16,990   Conn. Space  = XYZ
2023-02-06 23:02:16,990   Date, Time   = 6 Feb 2023, 23:01:25
2023-02-06 23:02:16,990   Platform     = Microsoft
2023-02-06 23:02:16,990   Flags        = Not Embedded Profile, Use anywhere
2023-02-06 23:02:16,990   Dev. Mnfctr. = 0x0
2023-02-06 23:02:16,990   Dev. Model   = 0x0
2023-02-06 23:02:16,990   Dev. Attrbts = Reflective, Glossy, Positive, Color
2023-02-06 23:02:16,990   Rndrng Intnt = Perceptual
2023-02-06 23:02:16,990   Illuminant   = 0.96420288, 1.00000000, 0.82490540    [Lab 100.000000, 0.000000, 0.000000]
2023-02-06 23:02:16,990   Creator      = 'DCAL'
2023-02-06 23:02:16,990 
2023-02-06 23:02:16,990 Total volume of gamut is 755810.949746 cubic colorspace units
2023-02-06 23:02:16,990 iccgamut exitcode: 0
2023-02-06 23:02:19,055 --------------------------------------------------------------------------------
2023-02-06 23:02:19,055 命令行：
2023-02-06 23:02:19,055   C:\Users\123\AppData\Roaming\DisplayCAL\dl\Argyll_V2.1.2\bin\viewgam.exe
2023-02-06 23:02:19,055     -cw
2023-02-06 23:02:19,055     -t0
2023-02-06 23:02:19,056     -w
2023-02-06 23:02:19,056     "C:\Program Files (x86)\DisplayCAL\ref\sRGB.gam"
2023-02-06 23:02:19,058     -cn
2023-02-06 23:02:19,058     -t.3
2023-02-06 23:02:19,058     -s
2023-02-06 23:02:19,059     "G1618-04 #1 2023-02-06 22-52 D8000 sRGB F-S XYZLUT+MTX.gam"
2023-02-06 23:02:19,059     -i
2023-02-06 23:02:19,059     "G1618-04 #1 2023-02-06 22-52 D8000 sRGB F-S XYZLUT+MTX vs sRGB.wrl"
2023-02-06 23:02:19,059 
2023-02-06 23:02:19,059 Intersecting volume = 713259.0 cubic units
2023-02-06 23:02:19,059 'C:\Program Files (x86)\DisplayCAL\ref\sRGB.gam' volume = 833675.1 cubic units, intersect = 85.56%
2023-02-06 23:02:19,059 'G1618-04 #1 2023-02-06 22-52 D8000 sRGB F-S XYZLUT+MTX.gam' volume = 755811.0 cubic units, intersect = 94.37%
2023-02-06 23:02:19,220 --------------------------------------------------------------------------------
2023-02-06 23:02:19,220 命令行：
2023-02-06 23:02:19,221   C:\Users\123\AppData\Roaming\DisplayCAL\dl\Argyll_V2.1.2\bin\viewgam.exe
2023-02-06 23:02:19,221     -cw
2023-02-06 23:02:19,223     -t0
2023-02-06 23:02:19,223     -w
2023-02-06 23:02:19,223     "C:\Program Files (x86)\DisplayCAL\ref\ClayRGB1998.gam"
2023-02-06 23:02:19,223     -cn
2023-02-06 23:02:19,223     -t.3
2023-02-06 23:02:19,223     -s
2023-02-06 23:02:19,223     "G1618-04 #1 2023-02-06 22-52 D8000 sRGB F-S XYZLUT+MTX.gam"
2023-02-06 23:02:19,224     -i
2023-02-06 23:02:19,224     "G1618-04 #1 2023-02-06 22-52 D8000 sRGB F-S XYZLUT+MTX vs ClayRGB1998.wrl"
2023-02-06 23:02:19,224 
2023-02-06 23:02:19,226 Intersecting volume = 738152.0 cubic units
2023-02-06 23:02:19,226 'C:\Program Files (x86)\DisplayCAL\ref\ClayRGB1998.gam' volume = 1209985.9 cubic units, intersect = 61.01%
2023-02-06 23:02:19,226 'G1618-04 #1 2023-02-06 22-52 D8000 sRGB F-S XYZLUT+MTX.gam' volume = 755811.0 cubic units, intersect = 97.66%
2023-02-06 23:02:19,226 --------------------------------------------------------------------------------
2023-02-06 23:02:19,226 命令行：
2023-02-06 23:02:19,226   C:\Users\123\AppData\Roaming\DisplayCAL\dl\Argyll_V2.1.2\bin\viewgam.exe
2023-02-06 23:02:19,227     -cw
2023-02-06 23:02:19,229     -t0
2023-02-06 23:02:19,229     -w
2023-02-06 23:02:19,229     "C:\Program Files (x86)\DisplayCAL\ref\SMPTE431_P3.gam"
2023-02-06 23:02:19,229     -cn
2023-02-06 23:02:19,229     -t.3
2023-02-06 23:02:19,230     -s
2023-02-06 23:02:19,230     "G1618-04 #1 2023-02-06 22-52 D8000 sRGB F-S XYZLUT+MTX.gam"
2023-02-06 23:02:19,230     -i
2023-02-06 23:02:19,232     "G1618-04 #1 2023-02-06 22-52 D8000 sRGB F-S XYZLUT+MTX vs SMPTE431_P3.wrl"
2023-02-06 23:02:19,232 
2023-02-06 23:02:19,232 Intersecting volume = 750132.6 cubic units
2023-02-06 23:02:19,232 'C:\Program Files (x86)\DisplayCAL\ref\SMPTE431_P3.gam' volume = 1176953.5 cubic units, intersect = 63.74%
2023-02-06 23:02:19,232 'G1618-04 #1 2023-02-06 22-52 D8000 sRGB F-S XYZLUT+MTX.gam' volume = 755811.0 cubic units, intersect = 99.25%
2023-02-06 23:02:19,441 --------------------------------------------------------------------------------
