2022-12-13 02:38:55,279 --------------------------------------------------------------------------------
2022-12-13 02:38:55,280 工作目录：
2022-12-13 02:38:55,280   c:\
2022-12-13 02:38:55,280    users\
2022-12-13 02:38:55,280     123\
2022-12-13 02:38:55,282      appdata\
2022-12-13 02:38:55,282       local\
2022-12-13 02:38:55,282        temp\
2022-12-13 02:38:55,282         DisplayCAL-y4sf27\
2022-12-13 02:38:55,282 
2022-12-13 02:38:55,282 命令行：
2022-12-13 02:38:55,282   C:\Users\123\AppData\Roaming\DisplayCAL\dl\Argyll_V2.1.2\bin\dispcal.exe
2022-12-13 02:38:55,282     -v2
2022-12-13 02:38:55,282     -d1
2022-12-13 02:38:55,282     -c1
2022-12-13 02:38:55,283     -yn
2022-12-13 02:38:55,283     "-P0.998171846435,0.5,0.943642611684"
2022-12-13 02:38:55,283     -ql
2022-12-13 02:38:55,283     -t6500
2022-12-13 02:38:55,285     -gs
2022-12-13 02:38:55,285     -f1.0
2022-12-13 02:38:55,285     -k0
2022-12-13 02:38:55,285     -A4.0
2022-12-13 02:38:55,285     -b
2022-12-13 02:38:55,286     "G1618-04 #1 2022-12-13 02-38 D6500 sRGB F-S XYZLUT+MTX"
2022-12-13 02:38:55,286 
2022-12-13 02:38:55,661 DisplayCAL: Starting interaction with subprocess
2022-12-13 02:38:55,661 Setting up the instrument
2022-12-13 02:38:56,552 Product Name:      i1Display3
2022-12-13 02:38:56,552 Serial Number:     I1-16.B-02.248530.06
2022-12-13 02:38:56,552 Firmware Version:  v2.28
2022-12-13 02:38:56,553 Firmware Date:     29Jan14
2022-12-13 02:38:56,901 Place instrument on test window.
2022-12-13 02:38:56,903 DisplayCAL: Waiting for send buffer
2022-12-13 02:38:56,903 DisplayCAL: Detected instrument placement (screen/spot) message
2022-12-13 02:38:58,418 DisplayCAL: Skipping place instrument on screen message...
2022-12-13 02:38:58,424 DisplayCAL: Sending buffer: ' '
2022-12-13 02:38:58,426 Hit Esc or Q to give up, any other key to continue:
2022-12-13 02:38:58,426 Display type is 'n'
2022-12-13 02:38:58,427 Target white = 6500.000000 degrees kelvin Daylight spectrum
2022-12-13 02:38:58,428 Target white brightness = native brightness
2022-12-13 02:38:58,428 Target black brightness = native brightness
2022-12-13 02:38:58,428 Black point device hack is enabled
2022-12-13 02:38:58,430 Target gamma = sRGB curve
2022-12-13 02:38:58,430 
2022-12-13 02:38:58,430 Display adjustment menu:
2022-12-13 02:38:58,430 Press 1 .. 7
2022-12-13 02:38:58,430 1) Black level (CRT: Offset/Brightness)
2022-12-13 02:38:58,430 2) White point (Color temperature, R,G,B, Gain/Contrast)
2022-12-13 02:38:58,430 3) White level (CRT: Gain/Contrast, LCD: Brightness/Backlight)
2022-12-13 02:38:58,430 4) Black point (R,G,B, Offset/Brightness)
2022-12-13 02:38:58,430 5) Check all
2022-12-13 02:38:58,431 6) Measure and set ambient for viewing condition adjustment
2022-12-13 02:38:58,431 7) Continue on to calibration
2022-12-13 02:38:58,431 8) Exit
2022-12-13 02:38:58,434 DisplayCAL: Waiting for send buffer
2022-12-13 02:39:04,911 DisplayCAL: Sending buffer: '7'
2022-12-13 02:39:04,913 Commencing display calibration
2022-12-13 02:39:07,526 Measured display update delay of 84 msec, using delay of 212 msec & 0 msec inst reaction
2022-12-13 02:39:19,752 Patch 9 of 9
2022-12-13 02:39:19,752 Black = XYZ 0.4164 0.3741 0.9792
2022-12-13 02:39:19,753 Red   = XYZ 129.378 70.364  4.675
2022-12-13 02:39:19,753 Green = XYZ 148.804 283.446 43.457
2022-12-13 02:39:19,753 Blue  = XYZ 103.087 34.102 547.755
2022-12-13 02:39:19,753 White = XYZ 380.710 387.218 594.965
2022-12-13 02:40:25,042 Patch 48 of 48
2022-12-13 02:40:25,598 
2022-12-13 02:40:25,598 Initial native brightness target = 387.217807 cd/m^2
2022-12-13 02:40:25,601 Had to scale brightness from 387.217807 to 335.115497 to fit within gamut,
2022-12-13 02:40:25,601 corresponding to aprox. RGB 1.000000 0.938260 0.796373
2022-12-13 02:40:25,601 Target white value is XYZ 318.417271 335.115497 364.447012 [xy 0.312793 0.329197]
2022-12-13 02:40:25,601 Adjusted target black XYZ 0.4164 0.3741 0.9792, Lab 1.008 0.746 -2.446
2022-12-13 02:40:25,601 Target black after min adjust: XYZ 0.4164 0.3741 0.9792, Lab 1.008 0.746 -2.446
2022-12-13 02:40:25,601 Gamma curve input offset = 0.000000, output offset = 0.001116, power = 0.000000
2022-12-13 02:40:25,601 Total Iteration 2, Final Samples = 32 Final Repeat threshold = 0.900000
2022-12-13 02:40:25,601 Creating initial calibration curves...
2022-12-13 02:40:25,934 
2022-12-13 02:40:25,934 Doing iteration 1/2 with 16 sample points and repeat threshold of 1.272792 DE
2022-12-13 02:40:26,492 Patch 1 of 16 DE 2.163263, W.DE 2.163263, Repeat
2022-12-13 02:40:26,987 Patch 1 of 16 DE 0.381800, W.DE 0.381800, OK ( < 1.272792)
2022-12-13 02:40:27,526 Patch 2 of 16 DE 2.306419, W.DE 2.306419, Repeat
2022-12-13 02:40:28,088 Patch 2 of 16 DE 1.521889, W.DE 1.521889, Repeat
2022-12-13 02:40:28,625 Patch 2 of 16 DE 0.230332, W.DE 0.230332, OK ( < 1.272792)
2022-12-13 02:40:29,171 Patch 3 of 16 DE 2.449656, W.DE 2.449656, Repeat
2022-12-13 02:40:29,727 Patch 3 of 16 DE 1.288207, W.DE 1.288207, Repeat
2022-12-13 02:40:30,220 Patch 3 of 16 DE 0.124221, W.DE 0.124221, OK ( < 1.272792)
2022-12-13 02:40:30,763 Patch 4 of 16 DE 1.577354, W.DE 1.577354, Repeat
2022-12-13 02:40:31,293 Patch 4 of 16 DE 0.521758, W.DE 0.521758, OK ( < 1.272792)
2022-12-13 02:40:31,838 Patch 5 of 16 DE 1.173688, W.DE 1.173688, OK ( < 1.272792)
2022-12-13 02:40:32,381 Patch 6 of 16 DE 1.088327, W.DE 1.088327, OK ( < 1.272792)
2022-12-13 02:40:32,924 Patch 7 of 16 DE 2.076837, W.DE 2.076837, Repeat
2022-12-13 02:40:33,480 Patch 7 of 16 DE 1.294403, W.DE 1.294403, Repeat
2022-12-13 02:40:33,963 Patch 7 of 16 DE 0.811838, W.DE 0.811838, OK ( < 1.272792)
2022-12-13 02:40:34,706 Patch 8 of 16 DE 1.877895, W.DE 1.877895, Repeat
2022-12-13 02:40:37,105 Patch 8 of 16 DE 1.516583, W.DE 1.516583, Repeat
2022-12-13 02:40:37,631 Patch 8 of 16 DE 0.760011, W.DE 0.760011, OK ( < 1.272792)
2022-12-13 02:40:38,418 Patch 9 of 16 DE 2.584975, W.DE 2.584975, Repeat
2022-12-13 02:40:39,223 Patch 9 of 16 DE 0.522012, W.DE 0.522012, OK ( < 1.272792)
2022-12-13 02:40:40,049 Patch 10 of 16 DE 2.202151, W.DE 2.202151, Repeat
2022-12-13 02:40:40,907 Patch 10 of 16 DE 0.512918, W.DE 0.512918, OK ( < 1.272792)
2022-12-13 02:40:41,851 Patch 11 of 16 DE 2.185224, W.DE 2.185224, Repeat
2022-12-13 02:40:42,795 Patch 11 of 16 DE 0.664930, W.DE 0.664930, OK ( < 1.272792)
2022-12-13 02:40:43,914 Patch 12 of 16 DE 3.037258, W.DE 3.037258, Repeat
2022-12-13 02:40:45,010 Patch 12 of 16 DE 0.261560, W.DE 0.261560, OK ( < 1.272792)
2022-12-13 02:40:46,510 Patch 13 of 16 DE 2.370302, W.DE 2.370302, Repeat
2022-12-13 02:40:47,947 Patch 13 of 16 DE 0.545744, W.DE 0.545744, OK ( < 1.272792)
2022-12-13 02:40:49,671 Patch 14 of 16 DE 1.608861, W.DE 1.608861, Repeat
2022-12-13 02:40:51,368 Patch 14 of 16 DE 0.870400, W.DE 0.870400, OK ( < 1.272792)
2022-12-13 02:40:53,148 Patch 15 of 16 DE 0.645960, W.DE 0.645960, OK ( < 1.272792)
2022-12-13 02:40:55,009 Patch 16 of 16 DE 0.043836, W.DE 43.835565, Repeat
2022-12-13 02:41:02,724 Patch 16 of 16 DE 0.037595, W.DE 37.595255, Repeat
2022-12-13 02:41:04,615 Patch 16 of 16 DE 0.035813, W.DE 35.813040, Repeat
2022-12-13 02:41:06,436 Patch 16 of 16 DE 0.030586, W.DE 30.586238, Repeat
2022-12-13 02:41:08,253 Patch 16 of 16 DE 0.027153, W.DE 27.152944, Repeat
2022-12-13 02:41:10,069 Patch 16 of 16 DE 0.024418, W.DE 24.418282, Repeat
2022-12-13 02:41:11,894 Patch 16 of 16 DE 0.023338, W.DE 23.337504, Repeat
2022-12-13 02:41:13,723 Patch 16 of 16 DE 0.024006, W.DE 24.005932, Repeat (got worse)
2022-12-13 02:41:15,553 Patch 16 of 16 DE 0.021859, W.DE 21.859039, Repeat
2022-12-13 02:41:17,381 Patch 16 of 16 DE 0.016835, W.DE 16.834591, Fail ( > 1.272792)
2022-12-13 02:41:17,381 
2022-12-13 02:41:17,384 Brightness error = 2.040520 cd/m^2 (is 337.156017, should be 335.115497)
2022-12-13 02:41:17,384 White point error = 0.300328 deltaE
2022-12-13 02:41:17,384 Maximum neutral error (@ 0.608811) = 1.173215 deltaE
2022-12-13 02:41:17,384 Average neutral error = 0.579661 deltaE
2022-12-13 02:41:17,384 Failed to meet target 1.272792 delta E, got worst case 16.834591
2022-12-13 02:41:17,385 Number of measurements taken = 47
2022-12-13 02:41:17,385 Computing update to calibration curves...
2022-12-13 02:41:17,789 
2022-12-13 02:41:17,789 Doing iteration 2/2 with 32 sample points and repeat threshold of 0.900000 DE
2022-12-13 02:41:18,494 Patch 1 of 32 DE 0.492812, W.DE 0.492812, W.peqDE 0.492812, OK ( < 0.900000)
2022-12-13 02:41:19,026 Patch 2 of 32 DE 0.271907, W.DE 0.271907, W.peqDE 0.294717, OK ( < 0.900000)
2022-12-13 02:41:19,556 Patch 3 of 32 DE 0.384411, W.DE 0.384411, W.peqDE 0.252803, OK ( < 0.900000)
2022-12-13 02:41:20,084 Patch 4 of 32 DE 0.672834, W.DE 0.672834, W.peqDE 0.687565, OK ( < 0.900000)
2022-12-13 02:41:20,611 Patch 5 of 32 DE 0.802162, W.DE 0.802162, peqDE 1.057687, Repeat
2022-12-13 02:41:21,141 Patch 5 of 32 DE 0.151756, W.DE 0.151756, W.peqDE 0.571584, OK ( < 0.900000)
2022-12-13 02:41:21,667 Patch 6 of 32 DE 0.729095, W.DE 0.729095, W.peqDE 0.866352, OK ( < 0.900000)
2022-12-13 02:41:22,194 Patch 7 of 32 DE 1.017212, W.DE 1.017212, peqDE 0.372686, Repeat
2022-12-13 02:41:22,688 Patch 7 of 32 DE 0.705131, W.DE 0.705131, peqDE 1.340513, Repeat
2022-12-13 02:41:23,186 Patch 7 of 32 DE 0.418170, W.DE 0.418170, W.peqDE 0.674782, OK ( < 0.900000)
2022-12-13 02:41:23,716 Patch 8 of 32 DE 1.344869, W.DE 1.344869, peqDE 1.248598, Repeat
2022-12-13 02:41:24,273 Patch 8 of 32 DE 0.555434, W.DE 0.555434, peqDE 0.902830, Repeat
2022-12-13 02:41:24,724 Patch 8 of 32 DE 0.299155, W.DE 0.299155, W.peqDE 0.682820, OK ( < 0.900000)
2022-12-13 02:41:25,247 Patch 9 of 32 DE 1.327568, W.DE 1.327568, peqDE 1.463439, Repeat
2022-12-13 02:41:25,809 Patch 9 of 32 DE 0.442604, W.DE 0.442604, W.peqDE 0.691260, OK ( < 0.900000)
2022-12-13 02:41:26,335 Patch 10 of 32 DE 1.285975, W.DE 1.285975, peqDE 1.101547, Repeat
2022-12-13 02:41:26,894 Patch 10 of 32 DE 0.662952, W.DE 0.662952, peqDE 1.110447, Repeat
2022-12-13 02:41:27,404 Patch 10 of 32 DE 0.386514, W.DE 0.386514, W.peqDE 0.812017, OK ( < 0.900000)
2022-12-13 02:41:27,931 Patch 11 of 32 DE 1.472374, W.DE 1.472374, peqDE 1.503538, Repeat
2022-12-13 02:41:28,489 Patch 11 of 32 DE 0.371025, W.DE 0.371025, W.peqDE 0.704181, OK ( < 0.900000)
2022-12-13 02:41:29,019 Patch 12 of 32 DE 1.267971, W.DE 1.267971, peqDE 1.161523, Repeat
2022-12-13 02:41:29,562 Patch 12 of 32 DE 0.537406, W.DE 0.537406, W.peqDE 0.814555, OK ( < 0.900000)
2022-12-13 02:41:30,091 Patch 13 of 32 DE 0.921546, W.DE 0.921546, peqDE 1.242902, Repeat
2022-12-13 02:41:30,621 Patch 13 of 32 DE 0.328033, W.DE 0.328033, W.peqDE 0.727282, OK ( < 0.900000)
2022-12-13 02:41:31,151 Patch 14 of 32 DE 0.948035, W.DE 0.948035, peqDE 0.750099, Repeat
2022-12-13 02:41:31,681 Patch 14 of 32 DE 0.240219, W.DE 0.240219, W.peqDE 0.417938, OK ( < 0.900000)
2022-12-13 02:41:32,209 Patch 15 of 32 DE 0.811876, W.DE 0.811876, peqDE 1.033540, Repeat
2022-12-13 02:41:34,569 Patch 15 of 32 DE 0.868018, W.DE 0.868018, W.peqDE 0.769276, OK ( < 0.900000)
2022-12-13 02:41:35,302 Patch 16 of 32 DE 0.964116, W.DE 0.964116, peqDE 1.308342, Repeat
2022-12-13 02:41:38,091 Patch 16 of 32 DE 0.778712, W.DE 0.778712, peqDE 1.669544, Repeat
2022-12-13 02:41:38,819 Patch 16 of 32 DE 0.412331, W.DE 0.412331, peqDE 1.345581, Repeat
2022-12-13 02:41:39,500 Patch 16 of 32 DE 0.331470, W.DE 0.331470, peqDE 1.283112, Repeat
2022-12-13 02:41:40,138 Patch 16 of 32 DE 0.341852, W.DE 0.341852, W.peqDE 0.899003, OK ( < 0.900000)
2022-12-13 02:41:40,888 Patch 17 of 32 DE 1.414997, W.DE 1.414997, peqDE 1.514652, Repeat
2022-12-13 02:41:41,651 Patch 17 of 32 DE 0.490078, W.DE 0.490078, W.peqDE 0.240207, OK ( < 0.900000)
2022-12-13 02:41:42,426 Patch 18 of 32 DE 1.001947, W.DE 1.001947, peqDE 0.840036, Repeat
2022-12-13 02:41:43,211 Patch 18 of 32 DE 0.111538, W.DE 0.111538, W.peqDE 0.503421, OK ( < 0.900000)
2022-12-13 02:41:44,022 Patch 19 of 32 DE 1.370961, W.DE 1.370961, peqDE 1.277221, Repeat
2022-12-13 02:41:44,845 Patch 19 of 32 DE 0.519888, W.DE 0.519888, W.peqDE 0.701619, OK ( < 0.900000)
2022-12-13 02:41:45,703 Patch 20 of 32 DE 1.603175, W.DE 1.603175, peqDE 1.998157, Repeat
2022-12-13 02:41:46,556 Patch 20 of 32 DE 0.359559, W.DE 0.359559, W.peqDE 0.340670, OK ( < 0.900000)
2022-12-13 02:41:47,453 Patch 21 of 32 DE 1.882113, W.DE 1.882113, peqDE 2.046357, Repeat
2022-12-13 02:41:48,344 Patch 21 of 32 DE 0.711191, W.DE 0.711191, W.peqDE 0.561963, OK ( < 0.900000)
2022-12-13 02:41:49,276 Patch 22 of 32 DE 1.150406, W.DE 1.150406, peqDE 1.458603, Repeat
2022-12-13 02:41:50,229 Patch 22 of 32 DE 0.594113, W.DE 0.594113, W.peqDE 0.230428, OK ( < 0.900000)
2022-12-13 02:41:51,229 Patch 23 of 32 DE 1.327129, W.DE 1.327129, peqDE 1.677658, Repeat
2022-12-13 02:41:52,236 Patch 23 of 32 DE 0.786867, W.DE 0.786867, W.peqDE 0.521210, OK ( < 0.900000)
2022-12-13 02:41:53,322 Patch 24 of 32 DE 2.161420, W.DE 2.161420, peqDE 2.645744, Repeat
2022-12-13 02:41:54,398 Patch 24 of 32 DE 0.946254, W.DE 0.946254, peqDE 0.329135, Repeat
2022-12-13 02:41:55,387 Patch 24 of 32 DE 0.456623, W.DE 0.456623, peqDE 1.065828, Repeat
2022-12-13 02:41:59,640 Patch 24 of 32 DE 0.597017, W.DE 0.597017, W.peqDE 0.186673, OK ( < 0.900000)
2022-12-13 02:42:00,950 Patch 25 of 32 DE 1.805901, W.DE 1.805901, peqDE 2.159121, Repeat
2022-12-13 02:42:02,098 Patch 25 of 32 DE 0.689338, W.DE 0.689338, W.peqDE 0.880205, OK ( < 0.900000)
2022-12-13 02:42:03,473 Patch 26 of 32 DE 1.465013, W.DE 1.465013, peqDE 1.156612, Repeat
2022-12-13 02:42:04,858 Patch 26 of 32 DE 0.983277, W.DE 0.983277, peqDE 1.100205, Repeat
2022-12-13 02:42:06,177 Patch 26 of 32 DE 0.494246, W.DE 0.494246, W.peqDE 0.547183, OK ( < 0.878789)
2022-12-13 02:42:07,760 Patch 27 of 32 DE 2.010337, W.DE 2.010337, peqDE 2.259508, Repeat
2022-12-13 02:42:09,217 Patch 27 of 32 DE 0.964724, W.DE 0.964724, peqDE 0.659410, Repeat
2022-12-13 02:42:14,917 Patch 27 of 32 DE 0.795031, W.DE 0.795031, peqDE 1.110542, Repeat
2022-12-13 02:42:16,334 Patch 27 of 32 DE 0.634426, W.DE 0.634426, peqDE 0.353469, Repeat
2022-12-13 02:42:17,701 Patch 27 of 32 DE 0.302373, W.DE 0.302373, W.peqDE 0.338029, OK ( < 0.626624)
2022-12-13 02:42:19,391 Patch 28 of 32 DE 1.258388, W.DE 1.258388, peqDE 1.186217, Repeat
2022-12-13 02:42:21,040 Patch 28 of 32 DE 0.786009, W.DE 0.786009, peqDE 0.675394, Repeat
2022-12-13 02:42:27,243 Patch 28 of 32 DE 0.786009, W.DE 0.786009, peqDE 0.675394, Repeat
2022-12-13 02:42:28,809 Patch 28 of 32 DE 0.565637, W.DE 1.111062, peqDE 1.104623, Repeat
2022-12-13 02:42:30,316 Patch 28 of 32 DE 0.107601, W.DE 0.114200, W.peqDE 0.317704, OK ( < 0.490849)
2022-12-13 02:42:32,131 Patch 29 of 32 DE 1.087330, W.DE 1.087330, peqDE 1.136379, Repeat
2022-12-13 02:42:33,944 Patch 29 of 32 DE 0.797380, W.DE 0.797380, peqDE 0.798713, Repeat
2022-12-13 02:42:35,638 Patch 29 of 32 DE 0.419028, W.DE 0.419028, peqDE 0.602752, Repeat
2022-12-13 02:42:37,306 Patch 29 of 32 DE 0.153732, W.DE 0.153732, W.peqDE 0.120916, OK ( < 0.401085)
2022-12-13 02:42:39,144 Patch 30 of 32 DE 0.778967, W.DE 0.778967, peqDE 0.888697, Repeat
2022-12-13 02:42:40,982 Patch 30 of 32 DE 0.519507, W.DE 0.519507, peqDE 0.528355, Repeat
2022-12-13 02:42:42,813 Patch 30 of 32 DE 0.270712, W.DE 0.270712, peqDE 0.304343, Repeat
2022-12-13 02:42:49,812 Patch 30 of 32 DE 0.270712, W.DE 0.270712, peqDE 0.304343, Repeat
2022-12-13 02:42:51,637 Patch 30 of 32 DE 0.165964, W.DE 0.165964, W.peqDE 0.160463, OK ( < 0.294517)
2022-12-13 02:42:53,553 Patch 31 of 32 DE 0.305212, W.DE 0.305212, peqDE 0.391888, Repeat
2022-12-13 02:43:01,381 Patch 31 of 32 DE 0.298424, W.DE 0.298424, peqDE 0.372016, Repeat
2022-12-13 02:43:03,203 Patch 31 of 32 DE 0.163400, W.DE 0.163400, W.peqDE 0.216540, OK ( < 0.250000)
2022-12-13 02:43:05,119 Patch 32 of 32 DE 0.003133, W.DE 0.003133, W.peqDE 0.003133, OK ( < 0.250000)
2022-12-13 02:43:05,119 
2022-12-13 02:43:05,122 Brightness error = 2.110267 cd/m^2 (is 337.225764, should be 335.115497)
2022-12-13 02:43:05,122 White point error = 0.427851 deltaE
2022-12-13 02:43:05,122 Maximum neutral error (@ 0.382419) = 0.862221 deltaE
2022-12-13 02:43:05,122 Average neutral error = 0.418109 deltaE
2022-12-13 02:43:05,122 Number of measurements taken = 100
2022-12-13 02:43:05,124 Computing update to calibration curves...
2022-12-13 02:43:05,510 The instrument can be removed from the screen.
2022-12-13 02:43:05,608 Written calibration file 'G1618-04 #1 2022-12-13 02-38 D6500 sRGB F-S XYZLUT+MTX.cal'
2022-12-13 02:43:05,713 DisplayCAL: Reached EOF (OK)
2022-12-13 02:43:05,714 dispcal exitcode: 0
2022-12-13 02:43:05,779 --------------------------------------------------------------------------------
2022-12-13 02:43:05,780 工作目录：
2022-12-13 02:43:05,780   c:\
2022-12-13 02:43:05,780    users\
2022-12-13 02:43:05,780     123\
2022-12-13 02:43:05,780      appdata\
2022-12-13 02:43:05,780       local\
2022-12-13 02:43:05,782        temp\
2022-12-13 02:43:05,782         DisplayCAL-y4sf27\
2022-12-13 02:43:05,782 
2022-12-13 02:43:05,782 命令行：
2022-12-13 02:43:05,782   C:\Users\123\AppData\Roaming\DisplayCAL\dl\Argyll_V2.1.2\bin\dispread.exe
2022-12-13 02:43:05,782     -v
2022-12-13 02:43:05,782     -d1
2022-12-13 02:43:05,782     -c1
2022-12-13 02:43:05,782     -yn
2022-12-13 02:43:05,782     "-P0.998171846435,0.5,0.943642611684"
2022-12-13 02:43:05,783     -k
2022-12-13 02:43:05,783     "G1618-04 #1 2022-12-13 02-38 D6500 sRGB F-S XYZLUT+MTX.cal"
2022-12-13 02:43:05,783     "G1618-04 #1 2022-12-13 02-38 D6500 sRGB F-S XYZLUT+MTX"
2022-12-13 02:43:05,785 
2022-12-13 02:43:06,160 DisplayCAL: Starting interaction with subprocess
2022-12-13 02:43:06,161 Number of patches = 175
2022-12-13 02:43:06,163 Setting up the instrument
2022-12-13 02:43:07,065 Product Name:      i1Display3
2022-12-13 02:43:07,065 Serial Number:     I1-16.B-02.248530.06
2022-12-13 02:43:07,066 Firmware Version:  v2.28
2022-12-13 02:43:07,066 Firmware Date:     29Jan14
2022-12-13 02:43:07,414 Place instrument on test window.
2022-12-13 02:43:07,415 DisplayCAL: Waiting for send buffer
2022-12-13 02:43:07,415 DisplayCAL: Detected instrument placement (screen/spot) message
2022-12-13 02:43:08,921 DisplayCAL: Skipping place instrument on screen message...
2022-12-13 02:43:08,936 DisplayCAL: Sending buffer: ' '
2022-12-13 02:43:08,937 Hit Esc or Q to give up, any other key to continue:
2022-12-13 02:43:11,546 Measured display update delay of 102 msec, using delay of 236 msec & 0 msec inst reaction
2022-12-13 02:45:33,862 Patch 175 of 175
2022-12-13 02:45:33,864 The instrument can be removed from the screen.
2022-12-13 02:45:33,954 Written 'G1618-04 #1 2022-12-13 02-38 D6500 sRGB F-S XYZLUT+MTX.ti3'
2022-12-13 02:45:34,061 DisplayCAL: Reached EOF (OK)
2022-12-13 02:45:34,062 dispread exitcode: 0
2022-12-13 02:45:34,223 Preparing ChromaticityType tag from TI3 colorants
2022-12-13 02:45:34,229 Storing settings in TI3
2022-12-13 02:45:34,266 Extracting neutrals from c:\users\123\appdata\local\temp\DisplayCAL-y4sf27\G1618-04 #1 2022-12-13 02-38 D6500 sRGB F-S XYZLUT+MTX.ti3
2022-12-13 02:45:34,283 Applying 0% black point correction to TI3
2022-12-13 02:45:34,361 Extracting neutrals from c:\users\123\appdata\local\temp\DisplayCAL-y4sf27\G1618-04 #1 2022-12-13 02-38 D6500 sRGB F-S XYZLUT+MTX.ti3
2022-12-13 02:45:34,380 R=G=B (>= 1% luminance) dE*00 avg 0.797746867308 peak 2.30439907312
2022-12-13 02:45:34,698 Initial cLUT resolution 5x5x5
2022-12-13 02:45:34,701 cLUT input curve segments: 5
2022-12-13 02:45:34,730 #1 X prev 0.048374 next 0.204642 clip False
2022-12-13 02:45:34,767 #2 X prev 0.204642 next 0.500112 clip False
2022-12-13 02:45:34,799 #3 X prev 0.500112 next 0.964200 clip False
2022-12-13 02:45:34,884 #1 Y prev 0.049770 next 0.212463 clip False
2022-12-13 02:45:34,910 #2 Y prev 0.212463 next 0.519382 clip False
2022-12-13 02:45:34,937 #3 Y prev 0.519382 next 1.000000 clip False
2022-12-13 02:45:35,023 #1 Z prev 0.043062 next 0.175310 clip False
2022-12-13 02:45:35,049 #2 Z prev 0.175310 next 0.433715 clip False
2022-12-13 02:45:35,075 #3 Z prev 0.433715 next 0.824900 clip False
2022-12-13 02:45:35,811 cLUT input curve segments: 33
2022-12-13 02:45:35,813 #1 X prev 0.002079 next 0.004994 clip False
2022-12-13 02:45:35,816 #2 X prev 0.004994 next 0.008671 clip False
2022-12-13 02:45:35,821 #3 X prev 0.008671 next 0.013442 clip False
2022-12-13 02:45:35,825 #4 X prev 0.013442 next 0.019699 clip False
2022-12-13 02:45:35,828 #5 X prev 0.019699 next 0.028133 clip False
2022-12-13 02:45:35,831 #6 X prev 0.028133 next 0.037345 clip False
2022-12-13 02:45:35,834 #7 X prev 0.037345 next 0.048374 clip False
2022-12-13 02:45:35,838 #8 X prev 0.048374 next 0.060782 clip False
2022-12-13 02:45:35,842 #9 X prev 0.060782 next 0.075581 clip False
2022-12-13 02:45:35,845 #10 X prev 0.075581 next 0.091698 clip False
2022-12-13 02:45:35,848 #11 X prev 0.091698 next 0.110663 clip False
2022-12-13 02:45:35,851 #12 X prev 0.110663 next 0.132070 clip False
2022-12-13 02:45:35,857 #13 X prev 0.132070 next 0.153303 clip False
2022-12-13 02:45:35,858 #14 X prev 0.153303 next 0.177678 clip False
2022-12-13 02:45:35,862 #15 X prev 0.177678 next 0.204642 clip False
2022-12-13 02:45:35,867 #16 X prev 0.204642 next 0.233617 clip False
2022-12-13 02:45:35,871 #17 X prev 0.233617 next 0.266224 clip False
2022-12-13 02:45:35,875 #18 X prev 0.266224 next 0.300093 clip False
2022-12-13 02:45:35,878 #19 X prev 0.300093 next 0.335406 clip False
2022-12-13 02:45:35,881 #20 X prev 0.335406 next 0.371330 clip False
2022-12-13 02:45:35,885 #21 X prev 0.371330 next 0.412448 clip False
2022-12-13 02:45:35,891 #22 X prev 0.412448 next 0.458108 clip False
2022-12-13 02:45:35,894 #23 X prev 0.458108 next 0.500112 clip False
2022-12-13 02:45:35,897 #24 X prev 0.500112 next 0.547303 clip False
2022-12-13 02:45:35,901 #25 X prev 0.547303 next 0.600040 clip False
2022-12-13 02:45:35,903 #26 X prev 0.600040 next 0.651566 clip False
2022-12-13 02:45:35,907 #27 X prev 0.651566 next 0.708891 clip False
2022-12-13 02:45:35,911 #28 X prev 0.708891 next 0.769113 clip False
2022-12-13 02:45:35,914 #29 X prev 0.769113 next 0.831667 clip False
2022-12-13 02:45:35,917 #30 X prev 0.831667 next 0.896766 clip False
2022-12-13 02:45:35,921 #31 X prev 0.896766 next 0.964200 clip False
2022-12-13 02:45:35,959 #1 Y prev 0.002106 next 0.005087 clip False
2022-12-13 02:45:35,963 #2 Y prev 0.005087 next 0.008823 clip False
2022-12-13 02:45:35,966 #3 Y prev 0.008823 next 0.013858 clip False
2022-12-13 02:45:35,970 #4 Y prev 0.013858 next 0.020181 clip False
2022-12-13 02:45:35,973 #5 Y prev 0.020181 next 0.028720 clip False
2022-12-13 02:45:35,976 #6 Y prev 0.028720 next 0.038321 clip False
2022-12-13 02:45:35,980 #7 Y prev 0.038321 next 0.049770 clip False
2022-12-13 02:45:35,984 #8 Y prev 0.049770 next 0.062955 clip False
2022-12-13 02:45:35,987 #9 Y prev 0.062955 next 0.078424 clip False
2022-12-13 02:45:35,990 #10 Y prev 0.078424 next 0.094843 clip False
2022-12-13 02:45:35,994 #11 Y prev 0.094843 next 0.114315 clip False
2022-12-13 02:45:35,997 #12 Y prev 0.114315 next 0.136926 clip False
2022-12-13 02:45:36,000 #13 Y prev 0.136926 next 0.158107 clip False
2022-12-13 02:45:36,005 #14 Y prev 0.158107 next 0.183687 clip False
2022-12-13 02:45:36,009 #15 Y prev 0.183687 next 0.212463 clip False
2022-12-13 02:45:36,012 #16 Y prev 0.212463 next 0.242231 clip False
2022-12-13 02:45:36,016 #17 Y prev 0.242231 next 0.275232 clip False
2022-12-13 02:45:36,019 #18 Y prev 0.275232 next 0.311295 clip False
2022-12-13 02:45:36,022 #19 Y prev 0.311295 next 0.347579 clip False
2022-12-13 02:45:36,025 #20 Y prev 0.347579 next 0.384656 clip False
2022-12-13 02:45:36,029 #21 Y prev 0.384656 next 0.426588 clip False
2022-12-13 02:45:36,036 #22 Y prev 0.426588 next 0.474662 clip False
2022-12-13 02:45:36,039 #23 Y prev 0.474662 next 0.519382 clip False
2022-12-13 02:45:36,043 #24 Y prev 0.519382 next 0.567957 clip False
2022-12-13 02:45:36,046 #25 Y prev 0.567957 next 0.621037 clip False
2022-12-13 02:45:36,049 #26 Y prev 0.621037 next 0.676099 clip False
2022-12-13 02:45:36,052 #27 Y prev 0.676099 next 0.734949 clip False
2022-12-13 02:45:36,056 #28 Y prev 0.734949 next 0.797293 clip False
2022-12-13 02:45:36,061 #29 Y prev 0.797293 next 0.861925 clip False
2022-12-13 02:45:36,065 #30 Y prev 0.861925 next 0.928795 clip False
2022-12-13 02:45:36,069 #31 Y prev 0.928795 next 1.000000 clip False
2022-12-13 02:45:36,105 #1 Z prev 0.002131 next 0.005246 clip False
2022-12-13 02:45:36,109 #2 Z prev 0.005246 next 0.008546 clip False
2022-12-13 02:45:36,112 #3 Z prev 0.008546 next 0.012568 clip False
2022-12-13 02:45:36,117 #4 Z prev 0.012568 next 0.018036 clip False
2022-12-13 02:45:36,119 #5 Z prev 0.018036 next 0.025636 clip False
2022-12-13 02:45:36,124 #6 Z prev 0.025636 next 0.033907 clip False
2022-12-13 02:45:36,128 #7 Z prev 0.033907 next 0.043062 clip False
2022-12-13 02:45:36,131 #8 Z prev 0.043062 next 0.053175 clip False
2022-12-13 02:45:36,134 #9 Z prev 0.053175 next 0.065839 clip False
2022-12-13 02:45:36,138 #10 Z prev 0.065839 next 0.079848 clip False
2022-12-13 02:45:36,141 #11 Z prev 0.079848 next 0.094929 clip False
2022-12-13 02:45:36,144 #12 Z prev 0.094929 next 0.113378 clip False
2022-12-13 02:45:36,147 #13 Z prev 0.113378 next 0.132461 clip False
2022-12-13 02:45:36,151 #14 Z prev 0.132461 next 0.154454 clip False
2022-12-13 02:45:36,154 #15 Z prev 0.154454 next 0.175310 clip False
2022-12-13 02:45:36,157 #16 Z prev 0.175310 next 0.201395 clip False
2022-12-13 02:45:36,161 #17 Z prev 0.201395 next 0.228894 clip False
2022-12-13 02:45:36,164 #18 Z prev 0.228894 next 0.257675 clip False
2022-12-13 02:45:36,170 #19 Z prev 0.257675 next 0.289375 clip False
2022-12-13 02:45:36,173 #20 Z prev 0.289375 next 0.320056 clip False
2022-12-13 02:45:36,176 #21 Z prev 0.320056 next 0.355966 clip False
2022-12-13 02:45:36,181 #22 Z prev 0.355966 next 0.394410 clip False
2022-12-13 02:45:36,186 #23 Z prev 0.394410 next 0.433715 clip False
2022-12-13 02:45:36,188 #24 Z prev 0.433715 next 0.471904 clip False
2022-12-13 02:45:36,193 #25 Z prev 0.471904 next 0.518459 clip False
2022-12-13 02:45:36,197 #26 Z prev 0.518459 next 0.562803 clip False
2022-12-13 02:45:36,198 #27 Z prev 0.562803 next 0.614972 clip False
2022-12-13 02:45:36,203 #28 Z prev 0.614972 next 0.664626 clip False
2022-12-13 02:45:36,207 #29 Z prev 0.664626 next 0.716430 clip False
2022-12-13 02:45:36,210 #30 Z prev 0.716430 next 0.766552 clip False
2022-12-13 02:45:36,214 #31 Z prev 0.766552 next 0.824900 clip False
2022-12-13 02:45:36,382 Final interpolated cLUT resolution 33x33x33
2022-12-13 02:45:36,391 --------------------------------------------------------------------------------
2022-12-13 02:45:36,391 Creating matrix from primaries
2022-12-13 02:45:36,391 Using chromatic adaptation transform matrix: Bradford
2022-12-13 02:45:36,460 Generating A2B1 by copying A2B0
2022-12-13 02:45:36,512 Making distinct A2B0
2022-12-13 02:45:36,529 Applying black point compensation to A2B0: L*a*b* 0.000000 0.000000 0.000000
2022-12-13 02:45:40,188 --------------------------------------------------------------------------------
2022-12-13 02:45:40,188 Generating B2A1 table by inverting A2B1 table
2022-12-13 02:45:40,190 
2022-12-13 02:45:40,190 Using chromatic adaptation transform matrix: Bradford
2022-12-13 02:45:40,242 Black XYZ: 0.0011 0.0011 0.0009
2022-12-13 02:45:40,243 White XYZ: 0.9642 1.0000 0.8249
2022-12-13 02:45:40,243 R XYZ: 0.4081 0.2187 0.0101
2022-12-13 02:45:40,243 G XYZ: 0.4109 0.7269 0.0915
2022-12-13 02:45:40,243 B XYZ: 0.1381 0.0473 0.6969
2022-12-13 02:45:40,243 Generating input curve PCS values...
2022-12-13 02:45:40,404 Looking up input curve RGB values...
2022-12-13 02:45:40,405 Setting up matrix
2022-12-13 02:45:40,407 Increasing saturation of actual primaries for PCS candidate to 103%...
2022-12-13 02:45:40,407 R xy 0.640711 0.343380 -> 0.649561 0.342925
2022-12-13 02:45:40,407 G xy 0.334252 0.591296 -> 0.333908 0.598279
2022-12-13 02:45:40,407 B xy 0.156480 0.053647 -> 0.150803 0.044501
2022-12-13 02:45:40,407 Checking for suitable PCS candidate...
2022-12-13 02:45:40,407 Skipping PCS candidate based on actual primaries because it does not encompass Rec. 709 blue
2022-12-13 02:45:40,408 Rec709-encompassing, variant 1 fit: 0.92 (area: 75.98%)
2022-12-13 02:45:40,408 Rec709-encompassing, variant 2 fit: 1.03 (area: 78.00%)
2022-12-13 02:45:40,408 Using primaries: Rec709-encompassing, variant 2
2022-12-13 02:45:40,408 Using R XYZ: 0.4618 0.2288 0.0042
2022-12-13 02:45:40,411 Using G XYZ: 0.3674 0.7426 0.0418
2022-12-13 02:45:40,411 Using B XYZ: 0.1351 0.0286 0.7789
2022-12-13 02:45:40,411 R+G+B XYZ: 0.9642 1.0000 0.8249
2022-12-13 02:45:40,411 Correction factors: 1.0000 1.0000 1.0000
2022-12-13 02:45:40,411 Matrix 1:
2022-12-13 02:45:40,411 [2.8579970701638175, -1.3889829581034692, -0.4445360855236803]
2022-12-13 02:45:40,411 [-0.8819531420844907, 1.7781085397967789, 0.08761144357023555]
2022-12-13 02:45:40,411 [0.03179633448567711, -0.087835915813287, 1.2815830889831459]
2022-12-13 02:45:40,413 Matrix 2:
2022-12-13 02:45:40,413 [2.857961019393776, -1.3889654374748661, -0.44453047814627533]
2022-12-13 02:45:40,413 [-0.8819561441519753, 1.7781145922745993, 0.0876117417895552]
2022-12-13 02:45:40,413 [0.031796733370476664, -0.08783701771425262, 1.2815991664342683]
2022-12-13 02:45:40,414 Matrix 3:
2022-12-13 02:45:40,414 [1.999969482421875, 0, 0]
2022-12-13 02:45:40,414 [0, 1.999969482421875, 0]
2022-12-13 02:45:40,414 [0, 0, 1.999969482421875]
2022-12-13 02:45:40,414 Final matrix:
2022-12-13 02:45:40,414 [5.7158348207388645, -2.777888487088481, -0.8890473902989549]
2022-12-13 02:45:40,414 [-1.7638853731384188, 3.5561749207982136, 0.1752208098809357]
2022-12-13 02:45:40,415 [0.06359249638165858, -0.17567135485545488, 2.56315922156585]
2022-12-13 02:45:40,415 Applying matrix to input curve XYZ values...
2022-12-13 02:45:40,424 Generating input curves...
2022-12-13 02:45:43,348 100%
2022-12-13 02:45:43,348 Generating A2B1 table lookup input values...
2022-12-13 02:45:43,348 cLUT grid res: 33
2022-12-13 02:45:43,349 Looking up input values through A2B1 table (12 workers)...
2022-12-13 02:45:43,351 Using CAM Jab for clipping
2022-12-13 02:46:08,818 100%
2022-12-13 02:46:08,818 Input black XYZ: 0.001068 0.001099 0.000916
2022-12-13 02:46:08,819 Input white XYZ: 0.964203 1.000000 0.824890
2022-12-13 02:46:08,842 Output black RGB: 0.0001 0.0000 0.0001
2022-12-13 02:46:08,842 Output white RGB: 100.0000 100.0000 100.0000
2022-12-13 02:46:08,898 Filling cLUT...
2022-12-13 02:46:08,964 100%
2022-12-13 02:46:09,069 Generating output curves...
2022-12-13 02:46:09,441 Setting curve entry #0 (0.000000 0.000000 0.000000) to black because it got clipped
2022-12-13 02:46:09,441 Setting curve entry #1 (0.000001 0.000000 0.000001) to black because it got clipped
2022-12-13 02:46:09,443 Setting curve entry #4095 (1.000000 1.000000 1.000000) to white because it got clipped
2022-12-13 02:46:09,484 Smoothing B2A1...
2022-12-13 02:46:10,948 Generating B2A0 table by inverting A2B0 table
2022-12-13 02:46:10,948 
2022-12-13 02:46:10,950 Using chromatic adaptation transform matrix: Bradford
2022-12-13 02:46:11,003 Black XYZ: 0.0000 0.0000 0.0000
2022-12-13 02:46:11,003 White XYZ: 0.9642 1.0000 0.8249
2022-12-13 02:46:11,003 R XYZ: 0.4071 0.2182 0.0101
2022-12-13 02:46:11,003 G XYZ: 0.4099 0.7252 0.0913
2022-12-13 02:46:11,003 B XYZ: 0.1378 0.0472 0.6953
2022-12-13 02:46:11,003 Generating input curve PCS values...
2022-12-13 02:46:11,151 Looking up input curve RGB values...
2022-12-13 02:46:11,204 R+G+B XYZ: 0.9663 1.0022 0.8267
2022-12-13 02:46:11,204 Correction factors: 0.9978 0.9978 0.9978
2022-12-13 02:46:11,206 Matrix 1:
2022-12-13 02:46:11,206 [2.85890089876502, -1.3908237429512527, -0.4460341590530678]
2022-12-13 02:46:11,206 [-0.8851295689735011, 1.7797395627627686, 0.08669333128547319]
2022-12-13 02:46:11,207 [0.02962828897442782, -0.08826429230137217, 1.2819939490478787]
2022-12-13 02:46:11,207 Matrix 2:
2022-12-13 02:46:11,207 [2.865182647353841, -1.3938797443286899, -0.44701421206938885]
2022-12-13 02:46:11,207 [-0.8870744287702241, 1.7836501133144456, 0.08688381907457352]
2022-12-13 02:46:11,207 [0.029693390028659773, -0.08845823190027428, 1.2848108230723638]
2022-12-13 02:46:11,207 Matrix 3:
2022-12-13 02:46:11,207 [1.999969482421875, 0, 0]
2022-12-13 02:46:11,207 [0, 1.999969482421875, 0]
2022-12-13 02:46:11,209 [0, 0, 1.999969482421875]
2022-12-13 02:46:11,209 Final matrix:
2022-12-13 02:46:11,209 [5.730277856272399, -2.7877169508233854, -0.8940147823476379]
2022-12-13 02:46:11,209 [-1.7741217861772656, 3.5672457939472104, 0.17376498666541063]
2022-12-13 02:46:11,209 [0.05938587388696955, -0.17691376426954575, 2.569582436830059]
2022-12-13 02:46:11,209 Applying matrix to input curve XYZ values...
2022-12-13 02:46:11,219 Generating input curves...
2022-12-13 02:46:14,167 100%
2022-12-13 02:46:14,170 --------------------------------------------------------------------------------
2022-12-13 02:46:14,170 Creating shaper tags in separate step
2022-12-13 02:46:14,170 Using chromatic adaptation transform matrix: Bradford
2022-12-13 02:46:14,183 Extracting neutrals from c:\users\123\appdata\local\temp\DisplayCAL-y4sf27\G1618-04 #1 2022-12-13 02-38 D6500 sRGB F-S XYZLUT+MTX.ti3
2022-12-13 02:46:14,193 NUMBER_OF_FIELDS 7
2022-12-13 02:46:14,193 BEGIN_DATA_FORMAT
2022-12-13 02:46:14,193 SAMPLE_ID RGB_R RGB_G RGB_B XYZ_X XYZ_Y XYZ_Z
2022-12-13 02:46:14,193 END_DATA_FORMAT
2022-12-13 02:46:14,193 
2022-12-13 02:46:14,193 NUMBER_OF_SETS 52
2022-12-13 02:46:14,194 BEGIN_DATA
2022-12-13 02:46:14,194 1 0.000000 0.000000 0.000000 0.105624 0.111379 0.120471
2022-12-13 02:46:14,194 2 1.960800 1.960800 1.960800 0.208181 0.215700 0.268175
2022-12-13 02:46:14,194 3 3.921600 3.921600 3.921600 0.395745 0.408232 0.496113
2022-12-13 02:46:14,194 4 5.882400 5.882400 5.882400 0.562238 0.580597 0.772561
2022-12-13 02:46:14,194 5 7.843100 7.843100 7.843100 0.761036 0.783402 0.995648
2022-12-13 02:46:14,194 6 9.803900 9.803900 9.803900 1.026729 1.056355 1.321628
2022-12-13 02:46:14,194 7 11.76500 11.76500 11.76500 1.300297 1.365826 1.583718
2022-12-13 02:46:14,194 8 13.72600 13.72600 13.72600 1.659819 1.726547 2.071835
2022-12-13 02:46:14,194 9 15.68600 15.68600 15.68600 2.037061 2.119806 2.463875
2022-12-13 02:46:14,194 10 17.64700 17.64700 17.64700 2.627549 2.714733 3.119623
2022-12-13 02:46:14,194 11 19.60800 19.60800 19.60800 3.079070 3.194307 3.777468
2022-12-13 02:46:14,194 12 21.56900 21.56900 21.56900 3.702195 3.850327 4.428115
2022-12-13 02:46:14,194 13 23.52900 23.52900 23.52900 4.315950 4.507239 5.248544
2022-12-13 02:46:14,194 14 25.49000 25.49000 25.49000 5.068000 5.287276 5.922233
2022-12-13 02:46:14,194 15 27.45100 27.45100 27.45100 5.823262 6.131157 6.801534
2022-12-13 02:46:14,194 16 29.41200 29.41200 29.41200 6.604749 6.950625 7.660224
2022-12-13 02:46:14,194 17 31.37300 31.37300 31.37300 7.620410 8.037315 8.827651
2022-12-13 02:46:14,194 18 33.33300 33.33300 33.33300 8.597284 9.069607 10.03569
2022-12-13 02:46:14,194 19 35.29400 35.29400 35.29400 9.598583 10.05219 11.06899
2022-12-13 02:46:14,194 20 37.25500 37.25500 37.25500 10.87172 11.40353 12.45977
2022-12-13 02:46:14,194 21 39.21600 39.21600 39.21600 11.99503 12.64382 13.58747
2022-12-13 02:46:14,194 22 41.17600 41.17600 41.17600 13.57671 14.32119 15.61233
2022-12-13 02:46:14,194 23 43.13700 43.13700 43.13700 14.71237 15.40503 16.95863
2022-12-13 02:46:14,194 24 45.09800 45.09800 45.09800 16.17350 16.95635 18.59071
2022-12-13 02:46:14,194 25 47.05900 47.05900 47.05900 17.74101 18.62395 20.67171
2022-12-13 02:46:14,194 26 49.02000 49.02000 49.02000 19.29570 20.38162 21.97156
2022-12-13 02:46:14,194 27 50.98000 50.98000 50.98000 21.15033 22.31151 24.22064
2022-12-13 02:46:14,194 28 52.94100 52.94100 52.94100 22.89848 24.13169 26.41328
2022-12-13 02:46:14,194 29 54.90200 54.90200 54.90200 24.72981 26.05426 28.15850
2022-12-13 02:46:14,194 30 56.86300 56.86300 56.86300 27.01981 28.33878 31.07855
2022-12-13 02:46:14,194 31 58.82400 58.82400 58.82400 29.02514 30.58045 33.33337
2022-12-13 02:46:14,194 32 60.78400 60.78400 60.78400 31.08715 32.86116 35.36363
2022-12-13 02:46:14,196 33 62.74500 62.74500 62.74500 33.40974 35.13739 38.56259
2022-12-13 02:46:14,196 34 64.70600 64.70600 64.70600 35.49264 37.40943 40.81607
2022-12-13 02:46:14,196 35 66.66700 66.66700 66.66700 37.88145 39.84397 43.45791
2022-12-13 02:46:14,196 36 68.62700 68.62700 68.62700 40.39726 42.46126 46.49419
2022-12-13 02:46:14,196 37 70.58800 70.58800 70.58800 43.43860 45.65205 49.92576
2022-12-13 02:46:14,196 38 72.54900 72.54900 72.54900 46.04759 48.55740 52.74461
2022-12-13 02:46:14,196 39 74.51000 74.51000 74.51000 48.56146 51.22510 56.06280
2022-12-13 02:46:14,196 40 76.47100 76.47100 76.47100 51.38608 54.29071 59.55285
2022-12-13 02:46:14,196 41 78.43100 78.43100 78.43100 54.31561 57.28003 62.19665
2022-12-13 02:46:14,196 42 80.39200 80.39200 80.39200 57.74152 60.78330 66.35538
2022-12-13 02:46:14,196 43 82.35300 82.35300 82.35300 60.87637 63.97701 70.23251
2022-12-13 02:46:14,196 44 84.31400 84.31400 84.31400 64.06187 67.63952 73.67533
2022-12-13 02:46:14,196 45 86.27500 86.27500 86.27500 67.32169 70.91827 77.55149
2022-12-13 02:46:14,196 46 88.23500 88.23500 88.23500 71.33083 75.16028 82.61357
2022-12-13 02:46:14,196 47 90.19600 90.19600 90.19600 74.89125 78.86788 86.43877
2022-12-13 02:46:14,196 48 92.15700 92.15700 92.15700 78.64491 82.91655 90.10127
2022-12-13 02:46:14,196 49 94.11800 94.11800 94.11800 82.72364 87.10094 95.32744
2022-12-13 02:46:14,196 50 96.07800 96.07800 96.07800 86.07228 90.75750 97.53232
2022-12-13 02:46:14,196 51 98.03900 98.03900 98.03900 90.94876 95.72130 103.9929
2022-12-13 02:46:14,196 52 100.0000 100.0000 100.0000 94.83336 100.0000 108.1634
2022-12-13 02:46:14,196 END_DATA
2022-12-13 02:46:14,197 --------------------------------------------------------------------------------
2022-12-13 02:46:14,509 Black relative luminance = 0.001114
2022-12-13 02:46:14,509 Black output offset = 1.00
2022-12-13 02:46:14,509 Calibration overall transfer function ≈ sRGB (Δ 0.00%)
2022-12-13 02:46:14,546 Transfer function R ≈ sRGB (Δ 1.13%)
2022-12-13 02:46:14,546 Got good match (+-2%)
2022-12-13 02:46:14,546 Using calibration transfer function
2022-12-13 02:46:14,579 Transfer function G ≈ sRGB (Δ 1.13%)
2022-12-13 02:46:14,579 Got good match (+-2%)
2022-12-13 02:46:14,579 Using calibration transfer function
2022-12-13 02:46:14,617 Transfer function B ≈ sRGB (Δ 1.13%)
2022-12-13 02:46:14,617 Got good match (+-2%)
2022-12-13 02:46:14,617 Using calibration transfer function
2022-12-13 02:46:14,651 Using transfer function for R: sRGB
2022-12-13 02:46:14,681 Using transfer function for G: sRGB
2022-12-13 02:46:14,716 Using transfer function for B: sRGB
2022-12-13 02:46:14,717 Adding rTRC from interpolation to G1618-04 #1 2022-12-13 02-38 D6500 sRGB F-S XYZLUT+MTX
2022-12-13 02:46:14,717 Adding gTRC from interpolation to G1618-04 #1 2022-12-13 02-38 D6500 sRGB F-S XYZLUT+MTX
2022-12-13 02:46:14,717 Adding bTRC from interpolation to G1618-04 #1 2022-12-13 02-38 D6500 sRGB F-S XYZLUT+MTX
2022-12-13 02:46:14,994 --------------------------------------------------------------------------------
2022-12-13 02:46:14,994 工作目录：
2022-12-13 02:46:14,994   c:\
2022-12-13 02:46:14,996    users\
2022-12-13 02:46:14,996     123\
2022-12-13 02:46:14,996      appdata\
2022-12-13 02:46:14,996       local\
2022-12-13 02:46:14,996        temp\
2022-12-13 02:46:14,996         DisplayCAL-y4sf27\
2022-12-13 02:46:14,996 
2022-12-13 02:46:14,996 命令行：
2022-12-13 02:46:14,996   C:\Users\123\AppData\Roaming\DisplayCAL\dl\Argyll_V2.1.2\bin\profcheck.exe
2022-12-13 02:46:14,996     "G1618-04 #1 2022-12-13 02-38 D6500 sRGB F-S XYZLUT+MTX.ti3"
2022-12-13 02:46:14,997     "G1618-04 #1 2022-12-13 02-38 D6500 sRGB F-S XYZLUT+MTX.icm"
2022-12-13 02:46:14,997 
2022-12-13 02:46:15,013 Profile check complete, errors: max. = 3.289730, avg. = 0.109807, RMS = 0.347883
2022-12-13 02:46:15,013 profcheck exitcode: 0
2022-12-13 02:46:15,013 --------------------------------------------------------------------------------
2022-12-13 02:46:15,013 生成色域视图...
2022-12-13 02:46:15,766 --------------------------------------------------------------------------------
2022-12-13 02:46:15,766 工作目录：
2022-12-13 02:46:15,766   c:\
2022-12-13 02:46:15,766    users\
2022-12-13 02:46:15,767     123\
2022-12-13 02:46:15,767      appdata\
2022-12-13 02:46:15,767       local\
2022-12-13 02:46:15,767        temp\
2022-12-13 02:46:15,767         DisplayCAL-y4sf27\
2022-12-13 02:46:15,767 
2022-12-13 02:46:15,769 命令行：
2022-12-13 02:46:15,769   C:\Users\123\AppData\Roaming\DisplayCAL\dl\Argyll_V2.1.2\bin\iccgamut.exe
2022-12-13 02:46:15,769     -v
2022-12-13 02:46:15,769     -w
2022-12-13 02:46:15,769     -ir
2022-12-13 02:46:15,769     -ff
2022-12-13 02:46:15,769     -on
2022-12-13 02:46:15,769     -d10.00
2022-12-13 02:46:15,770     "G1618-04 #1 2022-12-13 02-38 D6500 sRGB F-S XYZLUT+MTX.icm"
2022-12-13 02:46:15,770 
2022-12-13 02:46:16,220 Header:
2022-12-13 02:46:16,220   size         = 942452 bytes
2022-12-13 02:46:16,220   CMM          = 'argl'
2022-12-13 02:46:16,220   Version      = 2.2.0
2022-12-13 02:46:16,220   Device Class = Display
2022-12-13 02:46:16,220   Color Space  = RGB
2022-12-13 02:46:16,220   Conn. Space  = XYZ
2022-12-13 02:46:16,220   Date, Time   = 13 Dec 2022, 2:45:34
2022-12-13 02:46:16,220   Platform     = Microsoft
2022-12-13 02:46:16,220   Flags        = Not Embedded Profile, Use anywhere
2022-12-13 02:46:16,220   Dev. Mnfctr. = 0x0
2022-12-13 02:46:16,220   Dev. Model   = 0x0
2022-12-13 02:46:16,220   Dev. Attrbts = Reflective, Glossy, Positive, Color
2022-12-13 02:46:16,220   Rndrng Intnt = Perceptual
2022-12-13 02:46:16,220   Illuminant   = 0.96420288, 1.00000000, 0.82490540    [Lab 100.000000, 0.000000, 0.000000]
2022-12-13 02:46:16,220   Creator      = 'DCAL'
2022-12-13 02:46:16,220 
2022-12-13 02:46:16,220 Total volume of gamut is 777231.761412 cubic colorspace units
2022-12-13 02:46:16,221 iccgamut exitcode: 0
2022-12-13 02:46:17,384 --------------------------------------------------------------------------------
2022-12-13 02:46:17,384 命令行：
2022-12-13 02:46:17,384   C:\Users\123\AppData\Roaming\DisplayCAL\dl\Argyll_V2.1.2\bin\viewgam.exe
2022-12-13 02:46:17,384     -cw
2022-12-13 02:46:17,384     -t0
2022-12-13 02:46:17,384     -w
2022-12-13 02:46:17,385     "C:\Program Files (x86)\DisplayCAL\ref\sRGB.gam"
2022-12-13 02:46:17,385     -cn
2022-12-13 02:46:17,385     -t.3
2022-12-13 02:46:17,385     -s
2022-12-13 02:46:17,385     "G1618-04 #1 2022-12-13 02-38 D6500 sRGB F-S XYZLUT+MTX.gam"
2022-12-13 02:46:17,385     -i
2022-12-13 02:46:17,387     "G1618-04 #1 2022-12-13 02-38 D6500 sRGB F-S XYZLUT+MTX vs sRGB.wrl"
2022-12-13 02:46:17,387 
2022-12-13 02:46:17,387 Intersecting volume = 752662.3 cubic units
2022-12-13 02:46:17,387 'C:\Program Files (x86)\DisplayCAL\ref\sRGB.gam' volume = 833675.1 cubic units, intersect = 90.28%
2022-12-13 02:46:17,387 'G1618-04 #1 2022-12-13 02-38 D6500 sRGB F-S XYZLUT+MTX.gam' volume = 777231.8 cubic units, intersect = 96.84%
2022-12-13 02:46:17,387 --------------------------------------------------------------------------------
2022-12-13 02:46:17,387 命令行：
2022-12-13 02:46:17,388   C:\Users\123\AppData\Roaming\DisplayCAL\dl\Argyll_V2.1.2\bin\viewgam.exe
2022-12-13 02:46:17,388     -cw
2022-12-13 02:46:17,388     -t0
2022-12-13 02:46:17,388     -w
2022-12-13 02:46:17,388     "C:\Program Files (x86)\DisplayCAL\ref\ClayRGB1998.gam"
2022-12-13 02:46:17,388     -cn
2022-12-13 02:46:17,388     -t.3
2022-12-13 02:46:17,388     -s
2022-12-13 02:46:17,388     "G1618-04 #1 2022-12-13 02-38 D6500 sRGB F-S XYZLUT+MTX.gam"
2022-12-13 02:46:17,388     -i
2022-12-13 02:46:17,388     "G1618-04 #1 2022-12-13 02-38 D6500 sRGB F-S XYZLUT+MTX vs ClayRGB1998.wrl"
2022-12-13 02:46:17,388 
2022-12-13 02:46:17,390 Intersecting volume = 764327.4 cubic units
2022-12-13 02:46:17,390 'C:\Program Files (x86)\DisplayCAL\ref\ClayRGB1998.gam' volume = 1209985.9 cubic units, intersect = 63.17%
2022-12-13 02:46:17,390 'G1618-04 #1 2022-12-13 02-38 D6500 sRGB F-S XYZLUT+MTX.gam' volume = 777231.8 cubic units, intersect = 98.34%
2022-12-13 02:46:17,390 --------------------------------------------------------------------------------
2022-12-13 02:46:17,390 命令行：
2022-12-13 02:46:17,390   C:\Users\123\AppData\Roaming\DisplayCAL\dl\Argyll_V2.1.2\bin\viewgam.exe
2022-12-13 02:46:17,390     -cw
2022-12-13 02:46:17,391     -t0
2022-12-13 02:46:17,391     -w
2022-12-13 02:46:17,391     "C:\Program Files (x86)\DisplayCAL\ref\SMPTE431_P3.gam"
2022-12-13 02:46:17,391     -cn
2022-12-13 02:46:17,391     -t.3
2022-12-13 02:46:17,391     -s
2022-12-13 02:46:17,391     "G1618-04 #1 2022-12-13 02-38 D6500 sRGB F-S XYZLUT+MTX.gam"
2022-12-13 02:46:17,391     -i
2022-12-13 02:46:17,391     "G1618-04 #1 2022-12-13 02-38 D6500 sRGB F-S XYZLUT+MTX vs SMPTE431_P3.wrl"
2022-12-13 02:46:17,394 
2022-12-13 02:46:17,394 Intersecting volume = 772436.9 cubic units
2022-12-13 02:46:17,394 'C:\Program Files (x86)\DisplayCAL\ref\SMPTE431_P3.gam' volume = 1176953.5 cubic units, intersect = 65.63%
2022-12-13 02:46:17,394 'G1618-04 #1 2022-12-13 02-38 D6500 sRGB F-S XYZLUT+MTX.gam' volume = 777231.8 cubic units, intersect = 99.38%
2022-12-13 02:46:17,529 --------------------------------------------------------------------------------
